<?xml version="1.0" encoding="UTF-8"?>
<testsuite xmlns:xsi="http://www.w3.org/2001/XMLSchema-instance" xsi:noNamespaceSchemaLocation="https://maven.apache.org/surefire/maven-surefire-plugin/xsd/surefire-test-report.xsd" name="com.gis.medfind.MedfindApplicationTests" time="45.418" tests="1" errors="1" skipped="0" failures="0">
  <properties>
    <property name="java.specification.version" value="17"/>
    <property name="sun.cpu.isalist" value="amd64"/>
    <property name="sun.jnu.encoding" value="Cp1252"/>
    <property name="java.class.path" value="C:\Users\STARK\Documents\SpringBoot\medfind\target\test-classes;C:\Users\STARK\Documents\SpringBoot\medfind\target\classes;C:\Users\STARK\.m2\repository\org\springframework\boot\spring-boot-starter-web\2.6.2\spring-boot-starter-web-2.6.2.jar;C:\Users\STARK\.m2\repository\org\springframework\boot\spring-boot-starter\2.6.2\spring-boot-starter-2.6.2.jar;C:\Users\STARK\.m2\repository\org\springframework\boot\spring-boot-starter-logging\2.6.2\spring-boot-starter-logging-2.6.2.jar;C:\Users\STARK\.m2\repository\ch\qos\logback\logback-classic\1.2.9\logback-classic-1.2.9.jar;C:\Users\STARK\.m2\repository\ch\qos\logback\logback-core\1.2.9\logback-core-1.2.9.jar;C:\Users\STARK\.m2\repository\org\apache\logging\log4j\log4j-to-slf4j\2.17.0\log4j-to-slf4j-2.17.0.jar;C:\Users\STARK\.m2\repository\org\apache\logging\log4j\log4j-api\2.17.0\log4j-api-2.17.0.jar;C:\Users\STARK\.m2\repository\org\slf4j\jul-to-slf4j\1.7.32\jul-to-slf4j-1.7.32.jar;C:\Users\STARK\.m2\repository\jakarta\annotation\jakarta.annotation-api\1.3.5\jakarta.annotation-api-1.3.5.jar;C:\Users\STARK\.m2\repository\org\yaml\snakeyaml\1.29\snakeyaml-1.29.jar;C:\Users\STARK\.m2\repository\org\springframework\boot\spring-boot-starter-json\2.6.2\spring-boot-starter-json-2.6.2.jar;C:\Users\STARK\.m2\repository\com\fasterxml\jackson\datatype\jackson-datatype-jdk8\2.13.1\jackson-datatype-jdk8-2.13.1.jar;C:\Users\STARK\.m2\repository\com\fasterxml\jackson\datatype\jackson-datatype-jsr310\2.13.1\jackson-datatype-jsr310-2.13.1.jar;C:\Users\STARK\.m2\repository\com\fasterxml\jackson\module\jackson-module-parameter-names\2.13.1\jackson-module-parameter-names-2.13.1.jar;C:\Users\STARK\.m2\repository\org\springframework\boot\spring-boot-starter-tomcat\2.6.2\spring-boot-starter-tomcat-2.6.2.jar;C:\Users\STARK\.m2\repository\org\apache\tomcat\embed\tomcat-embed-core\9.0.56\tomcat-embed-core-9.0.56.jar;C:\Users\STARK\.m2\repository\org\apache\tomcat\embed\tomcat-embed-el\9.0.56\tomcat-embed-el-9.0.56.jar;C:\Users\STARK\.m2\repository\org\apache\tomcat\embed\tomcat-embed-websocket\9.0.56\tomcat-embed-websocket-9.0.56.jar;C:\Users\STARK\.m2\repository\org\springframework\spring-web\5.3.14\spring-web-5.3.14.jar;C:\Users\STARK\.m2\repository\org\springframework\spring-beans\5.3.14\spring-beans-5.3.14.jar;C:\Users\STARK\.m2\repository\org\springframework\spring-webmvc\5.3.14\spring-webmvc-5.3.14.jar;C:\Users\STARK\.m2\repository\org\springframework\spring-context\5.3.14\spring-context-5.3.14.jar;C:\Users\STARK\.m2\repository\org\springframework\spring-expression\5.3.14\spring-expression-5.3.14.jar;C:\Users\STARK\.m2\repository\org\springframework\boot\spring-boot-starter-thymeleaf\2.6.2\spring-boot-starter-thymeleaf-2.6.2.jar;C:\Users\STARK\.m2\repository\org\thymeleaf\thymeleaf-spring5\3.0.14.RELEASE\thymeleaf-spring5-3.0.14.RELEASE.jar;C:\Users\STARK\.m2\repository\org\thymeleaf\thymeleaf\3.0.14.RELEASE\thymeleaf-3.0.14.RELEASE.jar;C:\Users\STARK\.m2\repository\org\attoparser\attoparser\2.0.5.RELEASE\attoparser-2.0.5.RELEASE.jar;C:\Users\STARK\.m2\repository\org\unbescape\unbescape\1.1.6.RELEASE\unbescape-1.1.6.RELEASE.jar;C:\Users\STARK\.m2\repository\org\thymeleaf\extras\thymeleaf-extras-java8time\3.0.4.RELEASE\thymeleaf-extras-java8time-3.0.4.RELEASE.jar;C:\Users\STARK\.m2\repository\org\springframework\boot\spring-boot-starter-data-jpa\2.6.2\spring-boot-starter-data-jpa-2.6.2.jar;C:\Users\STARK\.m2\repository\org\springframework\boot\spring-boot-starter-aop\2.6.2\spring-boot-starter-aop-2.6.2.jar;C:\Users\STARK\.m2\repository\org\aspectj\aspectjweaver\1.9.7\aspectjweaver-1.9.7.jar;C:\Users\STARK\.m2\repository\org\springframework\boot\spring-boot-starter-jdbc\2.6.2\spring-boot-starter-jdbc-2.6.2.jar;C:\Users\STARK\.m2\repository\com\zaxxer\HikariCP\4.0.3\HikariCP-4.0.3.jar;C:\Users\STARK\.m2\repository\org\springframework\spring-jdbc\5.3.14\spring-jdbc-5.3.14.jar;C:\Users\STARK\.m2\repository\jakarta\transaction\jakarta.transaction-api\1.3.3\jakarta.transaction-api-1.3.3.jar;C:\Users\STARK\.m2\repository\jakarta\persistence\jakarta.persistence-api\2.2.3\jakarta.persistence-api-2.2.3.jar;C:\Users\STARK\.m2\repository\org\hibernate\hibernate-core\5.6.3.Final\hibernate-core-5.6.3.Final.jar;C:\Users\STARK\.m2\repository\net\bytebuddy\byte-buddy\1.11.22\byte-buddy-1.11.22.jar;C:\Users\STARK\.m2\repository\antlr\antlr\2.7.7\antlr-2.7.7.jar;C:\Users\STARK\.m2\repository\org\jboss\jandex\2.2.3.Final\jandex-2.2.3.Final.jar;C:\Users\STARK\.m2\repository\com\fasterxml\classmate\1.5.1\classmate-1.5.1.jar;C:\Users\STARK\.m2\repository\org\hibernate\common\hibernate-commons-annotations\5.1.2.Final\hibernate-commons-annotations-5.1.2.Final.jar;C:\Users\STARK\.m2\repository\org\glassfish\jaxb\jaxb-runtime\2.3.5\jaxb-runtime-2.3.5.jar;C:\Users\STARK\.m2\repository\org\glassfish\jaxb\txw2\2.3.5\txw2-2.3.5.jar;C:\Users\STARK\.m2\repository\com\sun\istack\istack-commons-runtime\3.0.12\istack-commons-runtime-3.0.12.jar;C:\Users\STARK\.m2\repository\com\sun\activation\jakarta.activation\1.2.2\jakarta.activation-1.2.2.jar;C:\Users\STARK\.m2\repository\org\springframework\data\spring-data-jpa\2.6.0\spring-data-jpa-2.6.0.jar;C:\Users\STARK\.m2\repository\org\springframework\data\spring-data-commons\2.6.0\spring-data-commons-2.6.0.jar;C:\Users\STARK\.m2\repository\org\springframework\spring-orm\5.3.14\spring-orm-5.3.14.jar;C:\Users\STARK\.m2\repository\org\springframework\spring-tx\5.3.14\spring-tx-5.3.14.jar;C:\Users\STARK\.m2\repository\org\springframework\spring-aspects\5.3.14\spring-aspects-5.3.14.jar;C:\Users\STARK\.m2\repository\org\springframework\boot\spring-boot-starter-security\2.6.2\spring-boot-starter-security-2.6.2.jar;C:\Users\STARK\.m2\repository\org\springframework\spring-aop\5.3.14\spring-aop-5.3.14.jar;C:\Users\STARK\.m2\repository\org\springframework\security\spring-security-config\5.6.1\spring-security-config-5.6.1.jar;C:\Users\STARK\.m2\repository\org\springframework\security\spring-security-core\5.6.1\spring-security-core-5.6.1.jar;C:\Users\STARK\.m2\repository\org\springframework\security\spring-security-crypto\5.6.1\spring-security-crypto-5.6.1.jar;C:\Users\STARK\.m2\repository\org\springframework\security\spring-security-web\5.6.1\spring-security-web-5.6.1.jar;C:\Users\STARK\.m2\repository\org\projectlombok\lombok\1.18.22\lombok-1.18.22.jar;C:\Users\STARK\.m2\repository\org\springframework\boot\spring-boot-devtools\2.6.2\spring-boot-devtools-2.6.2.jar;C:\Users\STARK\.m2\repository\org\springframework\boot\spring-boot\2.6.2\spring-boot-2.6.2.jar;C:\Users\STARK\.m2\repository\org\springframework\boot\spring-boot-autoconfigure\2.6.2\spring-boot-autoconfigure-2.6.2.jar;C:\Users\STARK\.m2\repository\org\springframework\boot\spring-boot-starter-test\2.6.2\spring-boot-starter-test-2.6.2.jar;C:\Users\STARK\.m2\repository\org\springframework\boot\spring-boot-test\2.6.2\spring-boot-test-2.6.2.jar;C:\Users\STARK\.m2\repository\org\springframework\boot\spring-boot-test-autoconfigure\2.6.2\spring-boot-test-autoconfigure-2.6.2.jar;C:\Users\STARK\.m2\repository\com\jayway\jsonpath\json-path\2.6.0\json-path-2.6.0.jar;C:\Users\STARK\.m2\repository\net\minidev\json-smart\2.4.7\json-smart-2.4.7.jar;C:\Users\STARK\.m2\repository\net\minidev\accessors-smart\2.4.7\accessors-smart-2.4.7.jar;C:\Users\STARK\.m2\repository\org\ow2\asm\asm\9.1\asm-9.1.jar;C:\Users\STARK\.m2\repository\jakarta\xml\bind\jakarta.xml.bind-api\2.3.3\jakarta.xml.bind-api-2.3.3.jar;C:\Users\STARK\.m2\repository\jakarta\activation\jakarta.activation-api\1.2.2\jakarta.activation-api-1.2.2.jar;C:\Users\STARK\.m2\repository\org\assertj\assertj-core\3.21.0\assertj-core-3.21.0.jar;C:\Users\STARK\.m2\repository\org\hamcrest\hamcrest\2.2\hamcrest-2.2.jar;C:\Users\STARK\.m2\repository\org\junit\jupiter\junit-jupiter\5.8.2\junit-jupiter-5.8.2.jar;C:\Users\STARK\.m2\repository\org\junit\jupiter\junit-jupiter-api\5.8.2\junit-jupiter-api-5.8.2.jar;C:\Users\STARK\.m2\repository\org\opentest4j\opentest4j\1.2.0\opentest4j-1.2.0.jar;C:\Users\STARK\.m2\repository\org\junit\platform\junit-platform-commons\1.8.2\junit-platform-commons-1.8.2.jar;C:\Users\STARK\.m2\repository\org\apiguardian\apiguardian-api\1.1.2\apiguardian-api-1.1.2.jar;C:\Users\STARK\.m2\repository\org\junit\jupiter\junit-jupiter-params\5.8.2\junit-jupiter-params-5.8.2.jar;C:\Users\STARK\.m2\repository\org\junit\jupiter\junit-jupiter-engine\5.8.2\junit-jupiter-engine-5.8.2.jar;C:\Users\STARK\.m2\repository\org\junit\platform\junit-platform-engine\1.8.2\junit-platform-engine-1.8.2.jar;C:\Users\STARK\.m2\repository\org\mockito\mockito-core\4.0.0\mockito-core-4.0.0.jar;C:\Users\STARK\.m2\repository\net\bytebuddy\byte-buddy-agent\1.11.22\byte-buddy-agent-1.11.22.jar;C:\Users\STARK\.m2\repository\org\objenesis\objenesis\3.2\objenesis-3.2.jar;C:\Users\STARK\.m2\repository\org\mockito\mockito-junit-jupiter\4.0.0\mockito-junit-jupiter-4.0.0.jar;C:\Users\STARK\.m2\repository\org\skyscreamer\jsonassert\1.5.0\jsonassert-1.5.0.jar;C:\Users\STARK\.m2\repository\com\vaadin\external\google\android-json\0.0.20131108.vaadin1\android-json-0.0.20131108.vaadin1.jar;C:\Users\STARK\.m2\repository\org\springframework\spring-core\5.3.14\spring-core-5.3.14.jar;C:\Users\STARK\.m2\repository\org\springframework\spring-jcl\5.3.14\spring-jcl-5.3.14.jar;C:\Users\STARK\.m2\repository\org\springframework\spring-test\5.3.14\spring-test-5.3.14.jar;C:\Users\STARK\.m2\repository\org\xmlunit\xmlunit-core\2.8.4\xmlunit-core-2.8.4.jar;C:\Users\STARK\.m2\repository\org\webjars\jquery\3.6.0\jquery-3.6.0.jar;C:\Users\STARK\.m2\repository\org\webjars\bootstrap\4.3.1\bootstrap-4.3.1.jar;C:\Users\STARK\.m2\repository\org\webjars\popper.js\1.14.3\popper.js-1.14.3.jar;C:\Users\STARK\.m2\repository\org\webjars\webjars-locator-core\0.48\webjars-locator-core-0.48.jar;C:\Users\STARK\.m2\repository\org\slf4j\slf4j-api\1.7.32\slf4j-api-1.7.32.jar;C:\Users\STARK\.m2\repository\io\github\classgraph\classgraph\4.8.115\classgraph-4.8.115.jar;C:\Users\STARK\.m2\repository\com\fasterxml\jackson\core\jackson-core\2.13.1\jackson-core-2.13.1.jar;C:\Users\STARK\.m2\repository\org\hibernate\hibernate-spatial\5.4.20.Final\hibernate-spatial-5.4.20.Final.jar;C:\Users\STARK\.m2\repository\org\jboss\logging\jboss-logging\3.4.2.Final\jboss-logging-3.4.2.Final.jar;C:\Users\STARK\.m2\repository\org\geolatte\geolatte-geom\1.4.0\geolatte-geom-1.4.0.jar;C:\Users\STARK\.m2\repository\org\dom4j\dom4j\2.1.3\dom4j-2.1.3.jar;C:\Users\STARK\.m2\repository\net\postgis\postgis-jdbc\2.4.0\postgis-jdbc-2.4.0.jar;C:\Users\STARK\.m2\repository\org\locationtech\jts\jts-core\1.16.1\jts-core-1.16.1.jar;C:\Users\STARK\.m2\repository\org\locationtech\spatial4j\spatial4j\0.8\spatial4j-0.8.jar;C:\Users\STARK\.m2\repository\org\n52\jackson\jackson-datatype-jts\1.2.9\jackson-datatype-jts-1.2.9.jar;C:\Users\STARK\.m2\repository\com\fasterxml\jackson\core\jackson-databind\2.13.1\jackson-databind-2.13.1.jar;C:\Users\STARK\.m2\repository\com\fasterxml\jackson\core\jackson-annotations\2.13.1\jackson-annotations-2.13.1.jar;C:\Users\STARK\.m2\repository\com\google\code\findbugs\jsr305\3.0.2\jsr305-3.0.2.jar;C:\Users\STARK\.m2\repository\org\postgresql\postgresql\42.3.1\postgresql-42.3.1.jar;C:\Users\STARK\.m2\repository\org\checkerframework\checker-qual\3.5.0\checker-qual-3.5.0.jar;C:\Users\STARK\.m2\repository\commons-fileupload\commons-fileupload\1.4\commons-fileupload-1.4.jar;C:\Users\STARK\.m2\repository\commons-io\commons-io\2.2\commons-io-2.2.jar;C:\Users\STARK\.m2\repository\org\json\json\20211205\json-20211205.jar;"/>
    <property name="java.vm.vendor" value="Oracle Corporation"/>
    <property name="sun.arch.data.model" value="64"/>
    <property name="user.variant" value=""/>
    <property name="java.vendor.url" value="https://java.oracle.com/"/>
    <property name="user.timezone" value="Africa/Nairobi"/>
    <property name="os.name" value="Windows 10"/>
    <property name="java.vm.specification.version" value="17"/>
    <property name="sun.java.launcher" value="SUN_STANDARD"/>
    <property name="user.country" value="GB"/>
    <property name="sun.boot.library.path" value="C:\Program Files\Java\jdk-17.0.1\bin"/>
    <property name="sun.java.command" value="C:\Users\STARK\AppData\Local\Temp\surefire2408414384900032966\surefirebooter5883732478896297774.jar C:\Users\STARK\AppData\Local\Temp\surefire2408414384900032966 2022-01-21T08-31-00_811-jvmRun1 surefire294946636905898082tmp surefire_02559346698872791589tmp"/>
    <property name="jdk.debug" value="release"/>
    <property name="surefire.test.class.path" value="C:\Users\STARK\Documents\SpringBoot\medfind\target\test-classes;C:\Users\STARK\Documents\SpringBoot\medfind\target\classes;C:\Users\STARK\.m2\repository\org\springframework\boot\spring-boot-starter-web\2.6.2\spring-boot-starter-web-2.6.2.jar;C:\Users\STARK\.m2\repository\org\springframework\boot\spring-boot-starter\2.6.2\spring-boot-starter-2.6.2.jar;C:\Users\STARK\.m2\repository\org\springframework\boot\spring-boot-starter-logging\2.6.2\spring-boot-starter-logging-2.6.2.jar;C:\Users\STARK\.m2\repository\ch\qos\logback\logback-classic\1.2.9\logback-classic-1.2.9.jar;C:\Users\STARK\.m2\repository\ch\qos\logback\logback-core\1.2.9\logback-core-1.2.9.jar;C:\Users\STARK\.m2\repository\org\apache\logging\log4j\log4j-to-slf4j\2.17.0\log4j-to-slf4j-2.17.0.jar;C:\Users\STARK\.m2\repository\org\apache\logging\log4j\log4j-api\2.17.0\log4j-api-2.17.0.jar;C:\Users\STARK\.m2\repository\org\slf4j\jul-to-slf4j\1.7.32\jul-to-slf4j-1.7.32.jar;C:\Users\STARK\.m2\repository\jakarta\annotation\jakarta.annotation-api\1.3.5\jakarta.annotation-api-1.3.5.jar;C:\Users\STARK\.m2\repository\org\yaml\snakeyaml\1.29\snakeyaml-1.29.jar;C:\Users\STARK\.m2\repository\org\springframework\boot\spring-boot-starter-json\2.6.2\spring-boot-starter-json-2.6.2.jar;C:\Users\STARK\.m2\repository\com\fasterxml\jackson\datatype\jackson-datatype-jdk8\2.13.1\jackson-datatype-jdk8-2.13.1.jar;C:\Users\STARK\.m2\repository\com\fasterxml\jackson\datatype\jackson-datatype-jsr310\2.13.1\jackson-datatype-jsr310-2.13.1.jar;C:\Users\STARK\.m2\repository\com\fasterxml\jackson\module\jackson-module-parameter-names\2.13.1\jackson-module-parameter-names-2.13.1.jar;C:\Users\STARK\.m2\repository\org\springframework\boot\spring-boot-starter-tomcat\2.6.2\spring-boot-starter-tomcat-2.6.2.jar;C:\Users\STARK\.m2\repository\org\apache\tomcat\embed\tomcat-embed-core\9.0.56\tomcat-embed-core-9.0.56.jar;C:\Users\STARK\.m2\repository\org\apache\tomcat\embed\tomcat-embed-el\9.0.56\tomcat-embed-el-9.0.56.jar;C:\Users\STARK\.m2\repository\org\apache\tomcat\embed\tomcat-embed-websocket\9.0.56\tomcat-embed-websocket-9.0.56.jar;C:\Users\STARK\.m2\repository\org\springframework\spring-web\5.3.14\spring-web-5.3.14.jar;C:\Users\STARK\.m2\repository\org\springframework\spring-beans\5.3.14\spring-beans-5.3.14.jar;C:\Users\STARK\.m2\repository\org\springframework\spring-webmvc\5.3.14\spring-webmvc-5.3.14.jar;C:\Users\STARK\.m2\repository\org\springframework\spring-context\5.3.14\spring-context-5.3.14.jar;C:\Users\STARK\.m2\repository\org\springframework\spring-expression\5.3.14\spring-expression-5.3.14.jar;C:\Users\STARK\.m2\repository\org\springframework\boot\spring-boot-starter-thymeleaf\2.6.2\spring-boot-starter-thymeleaf-2.6.2.jar;C:\Users\STARK\.m2\repository\org\thymeleaf\thymeleaf-spring5\3.0.14.RELEASE\thymeleaf-spring5-3.0.14.RELEASE.jar;C:\Users\STARK\.m2\repository\org\thymeleaf\thymeleaf\3.0.14.RELEASE\thymeleaf-3.0.14.RELEASE.jar;C:\Users\STARK\.m2\repository\org\attoparser\attoparser\2.0.5.RELEASE\attoparser-2.0.5.RELEASE.jar;C:\Users\STARK\.m2\repository\org\unbescape\unbescape\1.1.6.RELEASE\unbescape-1.1.6.RELEASE.jar;C:\Users\STARK\.m2\repository\org\thymeleaf\extras\thymeleaf-extras-java8time\3.0.4.RELEASE\thymeleaf-extras-java8time-3.0.4.RELEASE.jar;C:\Users\STARK\.m2\repository\org\springframework\boot\spring-boot-starter-data-jpa\2.6.2\spring-boot-starter-data-jpa-2.6.2.jar;C:\Users\STARK\.m2\repository\org\springframework\boot\spring-boot-starter-aop\2.6.2\spring-boot-starter-aop-2.6.2.jar;C:\Users\STARK\.m2\repository\org\aspectj\aspectjweaver\1.9.7\aspectjweaver-1.9.7.jar;C:\Users\STARK\.m2\repository\org\springframework\boot\spring-boot-starter-jdbc\2.6.2\spring-boot-starter-jdbc-2.6.2.jar;C:\Users\STARK\.m2\repository\com\zaxxer\HikariCP\4.0.3\HikariCP-4.0.3.jar;C:\Users\STARK\.m2\repository\org\springframework\spring-jdbc\5.3.14\spring-jdbc-5.3.14.jar;C:\Users\STARK\.m2\repository\jakarta\transaction\jakarta.transaction-api\1.3.3\jakarta.transaction-api-1.3.3.jar;C:\Users\STARK\.m2\repository\jakarta\persistence\jakarta.persistence-api\2.2.3\jakarta.persistence-api-2.2.3.jar;C:\Users\STARK\.m2\repository\org\hibernate\hibernate-core\5.6.3.Final\hibernate-core-5.6.3.Final.jar;C:\Users\STARK\.m2\repository\net\bytebuddy\byte-buddy\1.11.22\byte-buddy-1.11.22.jar;C:\Users\STARK\.m2\repository\antlr\antlr\2.7.7\antlr-2.7.7.jar;C:\Users\STARK\.m2\repository\org\jboss\jandex\2.2.3.Final\jandex-2.2.3.Final.jar;C:\Users\STARK\.m2\repository\com\fasterxml\classmate\1.5.1\classmate-1.5.1.jar;C:\Users\STARK\.m2\repository\org\hibernate\common\hibernate-commons-annotations\5.1.2.Final\hibernate-commons-annotations-5.1.2.Final.jar;C:\Users\STARK\.m2\repository\org\glassfish\jaxb\jaxb-runtime\2.3.5\jaxb-runtime-2.3.5.jar;C:\Users\STARK\.m2\repository\org\glassfish\jaxb\txw2\2.3.5\txw2-2.3.5.jar;C:\Users\STARK\.m2\repository\com\sun\istack\istack-commons-runtime\3.0.12\istack-commons-runtime-3.0.12.jar;C:\Users\STARK\.m2\repository\com\sun\activation\jakarta.activation\1.2.2\jakarta.activation-1.2.2.jar;C:\Users\STARK\.m2\repository\org\springframework\data\spring-data-jpa\2.6.0\spring-data-jpa-2.6.0.jar;C:\Users\STARK\.m2\repository\org\springframework\data\spring-data-commons\2.6.0\spring-data-commons-2.6.0.jar;C:\Users\STARK\.m2\repository\org\springframework\spring-orm\5.3.14\spring-orm-5.3.14.jar;C:\Users\STARK\.m2\repository\org\springframework\spring-tx\5.3.14\spring-tx-5.3.14.jar;C:\Users\STARK\.m2\repository\org\springframework\spring-aspects\5.3.14\spring-aspects-5.3.14.jar;C:\Users\STARK\.m2\repository\org\springframework\boot\spring-boot-starter-security\2.6.2\spring-boot-starter-security-2.6.2.jar;C:\Users\STARK\.m2\repository\org\springframework\spring-aop\5.3.14\spring-aop-5.3.14.jar;C:\Users\STARK\.m2\repository\org\springframework\security\spring-security-config\5.6.1\spring-security-config-5.6.1.jar;C:\Users\STARK\.m2\repository\org\springframework\security\spring-security-core\5.6.1\spring-security-core-5.6.1.jar;C:\Users\STARK\.m2\repository\org\springframework\security\spring-security-crypto\5.6.1\spring-security-crypto-5.6.1.jar;C:\Users\STARK\.m2\repository\org\springframework\security\spring-security-web\5.6.1\spring-security-web-5.6.1.jar;C:\Users\STARK\.m2\repository\org\projectlombok\lombok\1.18.22\lombok-1.18.22.jar;C:\Users\STARK\.m2\repository\org\springframework\boot\spring-boot-devtools\2.6.2\spring-boot-devtools-2.6.2.jar;C:\Users\STARK\.m2\repository\org\springframework\boot\spring-boot\2.6.2\spring-boot-2.6.2.jar;C:\Users\STARK\.m2\repository\org\springframework\boot\spring-boot-autoconfigure\2.6.2\spring-boot-autoconfigure-2.6.2.jar;C:\Users\STARK\.m2\repository\org\springframework\boot\spring-boot-starter-test\2.6.2\spring-boot-starter-test-2.6.2.jar;C:\Users\STARK\.m2\repository\org\springframework\boot\spring-boot-test\2.6.2\spring-boot-test-2.6.2.jar;C:\Users\STARK\.m2\repository\org\springframework\boot\spring-boot-test-autoconfigure\2.6.2\spring-boot-test-autoconfigure-2.6.2.jar;C:\Users\STARK\.m2\repository\com\jayway\jsonpath\json-path\2.6.0\json-path-2.6.0.jar;C:\Users\STARK\.m2\repository\net\minidev\json-smart\2.4.7\json-smart-2.4.7.jar;C:\Users\STARK\.m2\repository\net\minidev\accessors-smart\2.4.7\accessors-smart-2.4.7.jar;C:\Users\STARK\.m2\repository\org\ow2\asm\asm\9.1\asm-9.1.jar;C:\Users\STARK\.m2\repository\jakarta\xml\bind\jakarta.xml.bind-api\2.3.3\jakarta.xml.bind-api-2.3.3.jar;C:\Users\STARK\.m2\repository\jakarta\activation\jakarta.activation-api\1.2.2\jakarta.activation-api-1.2.2.jar;C:\Users\STARK\.m2\repository\org\assertj\assertj-core\3.21.0\assertj-core-3.21.0.jar;C:\Users\STARK\.m2\repository\org\hamcrest\hamcrest\2.2\hamcrest-2.2.jar;C:\Users\STARK\.m2\repository\org\junit\jupiter\junit-jupiter\5.8.2\junit-jupiter-5.8.2.jar;C:\Users\STARK\.m2\repository\org\junit\jupiter\junit-jupiter-api\5.8.2\junit-jupiter-api-5.8.2.jar;C:\Users\STARK\.m2\repository\org\opentest4j\opentest4j\1.2.0\opentest4j-1.2.0.jar;C:\Users\STARK\.m2\repository\org\junit\platform\junit-platform-commons\1.8.2\junit-platform-commons-1.8.2.jar;C:\Users\STARK\.m2\repository\org\apiguardian\apiguardian-api\1.1.2\apiguardian-api-1.1.2.jar;C:\Users\STARK\.m2\repository\org\junit\jupiter\junit-jupiter-params\5.8.2\junit-jupiter-params-5.8.2.jar;C:\Users\STARK\.m2\repository\org\junit\jupiter\junit-jupiter-engine\5.8.2\junit-jupiter-engine-5.8.2.jar;C:\Users\STARK\.m2\repository\org\junit\platform\junit-platform-engine\1.8.2\junit-platform-engine-1.8.2.jar;C:\Users\STARK\.m2\repository\org\mockito\mockito-core\4.0.0\mockito-core-4.0.0.jar;C:\Users\STARK\.m2\repository\net\bytebuddy\byte-buddy-agent\1.11.22\byte-buddy-agent-1.11.22.jar;C:\Users\STARK\.m2\repository\org\objenesis\objenesis\3.2\objenesis-3.2.jar;C:\Users\STARK\.m2\repository\org\mockito\mockito-junit-jupiter\4.0.0\mockito-junit-jupiter-4.0.0.jar;C:\Users\STARK\.m2\repository\org\skyscreamer\jsonassert\1.5.0\jsonassert-1.5.0.jar;C:\Users\STARK\.m2\repository\com\vaadin\external\google\android-json\0.0.20131108.vaadin1\android-json-0.0.20131108.vaadin1.jar;C:\Users\STARK\.m2\repository\org\springframework\spring-core\5.3.14\spring-core-5.3.14.jar;C:\Users\STARK\.m2\repository\org\springframework\spring-jcl\5.3.14\spring-jcl-5.3.14.jar;C:\Users\STARK\.m2\repository\org\springframework\spring-test\5.3.14\spring-test-5.3.14.jar;C:\Users\STARK\.m2\repository\org\xmlunit\xmlunit-core\2.8.4\xmlunit-core-2.8.4.jar;C:\Users\STARK\.m2\repository\org\webjars\jquery\3.6.0\jquery-3.6.0.jar;C:\Users\STARK\.m2\repository\org\webjars\bootstrap\4.3.1\bootstrap-4.3.1.jar;C:\Users\STARK\.m2\repository\org\webjars\popper.js\1.14.3\popper.js-1.14.3.jar;C:\Users\STARK\.m2\repository\org\webjars\webjars-locator-core\0.48\webjars-locator-core-0.48.jar;C:\Users\STARK\.m2\repository\org\slf4j\slf4j-api\1.7.32\slf4j-api-1.7.32.jar;C:\Users\STARK\.m2\repository\io\github\classgraph\classgraph\4.8.115\classgraph-4.8.115.jar;C:\Users\STARK\.m2\repository\com\fasterxml\jackson\core\jackson-core\2.13.1\jackson-core-2.13.1.jar;C:\Users\STARK\.m2\repository\org\hibernate\hibernate-spatial\5.4.20.Final\hibernate-spatial-5.4.20.Final.jar;C:\Users\STARK\.m2\repository\org\jboss\logging\jboss-logging\3.4.2.Final\jboss-logging-3.4.2.Final.jar;C:\Users\STARK\.m2\repository\org\geolatte\geolatte-geom\1.4.0\geolatte-geom-1.4.0.jar;C:\Users\STARK\.m2\repository\org\dom4j\dom4j\2.1.3\dom4j-2.1.3.jar;C:\Users\STARK\.m2\repository\net\postgis\postgis-jdbc\2.4.0\postgis-jdbc-2.4.0.jar;C:\Users\STARK\.m2\repository\org\locationtech\jts\jts-core\1.16.1\jts-core-1.16.1.jar;C:\Users\STARK\.m2\repository\org\locationtech\spatial4j\spatial4j\0.8\spatial4j-0.8.jar;C:\Users\STARK\.m2\repository\org\n52\jackson\jackson-datatype-jts\1.2.9\jackson-datatype-jts-1.2.9.jar;C:\Users\STARK\.m2\repository\com\fasterxml\jackson\core\jackson-databind\2.13.1\jackson-databind-2.13.1.jar;C:\Users\STARK\.m2\repository\com\fasterxml\jackson\core\jackson-annotations\2.13.1\jackson-annotations-2.13.1.jar;C:\Users\STARK\.m2\repository\com\google\code\findbugs\jsr305\3.0.2\jsr305-3.0.2.jar;C:\Users\STARK\.m2\repository\org\postgresql\postgresql\42.3.1\postgresql-42.3.1.jar;C:\Users\STARK\.m2\repository\org\checkerframework\checker-qual\3.5.0\checker-qual-3.5.0.jar;C:\Users\STARK\.m2\repository\commons-fileupload\commons-fileupload\1.4\commons-fileupload-1.4.jar;C:\Users\STARK\.m2\repository\commons-io\commons-io\2.2\commons-io-2.2.jar;C:\Users\STARK\.m2\repository\org\json\json\20211205\json-20211205.jar;"/>
    <property name="sun.cpu.endian" value="little"/>
    <property name="user.home" value="C:\Users\STARK"/>
    <property name="user.language" value="en"/>
    <property name="java.specification.vendor" value="Oracle Corporation"/>
    <property name="java.version.date" value="2021-10-19"/>
    <property name="java.home" value="C:\Program Files\Java\jdk-17.0.1"/>
    <property name="file.separator" value="\"/>
    <property name="basedir" value="C:\Users\STARK\Documents\SpringBoot\medfind"/>
    <property name="java.vm.compressedOopsMode" value="32-bit"/>
    <property name="line.separator" value="&#10;"/>
    <property name="java.vm.specification.vendor" value="Oracle Corporation"/>
    <property name="java.specification.name" value="Java Platform API Specification"/>
    <property name="surefire.real.class.path" value="C:\Users\STARK\AppData\Local\Temp\surefire2408414384900032966\surefirebooter5883732478896297774.jar"/>
    <property name="user.script" value=""/>
    <property name="sun.management.compiler" value="HotSpot 64-Bit Tiered Compilers"/>
    <property name="java.runtime.version" value="17.0.1+12-LTS-39"/>
    <property name="user.name" value="STARK"/>
    <property name="path.separator" value=";"/>
    <property name="os.version" value="10.0"/>
    <property name="java.runtime.name" value="Java(TM) SE Runtime Environment"/>
    <property name="file.encoding" value="Cp1252"/>
    <property name="java.vm.name" value="Java HotSpot(TM) 64-Bit Server VM"/>
    <property name="localRepository" value="C:\Users\STARK\.m2\repository"/>
    <property name="java.vendor.url.bug" value="https://bugreport.java.com/bugreport/"/>
    <property name="java.io.tmpdir" value="C:\Users\STARK\AppData\Local\Temp\"/>
    <property name="java.version" value="17.0.1"/>
    <property name="user.dir" value="C:\Users\STARK\Documents\SpringBoot\medfind"/>
    <property name="os.arch" value="amd64"/>
    <property name="java.vm.specification.name" value="Java Virtual Machine Specification"/>
    <property name="sun.os.patch.level" value=""/>
    <property name="native.encoding" value="Cp1252"/>
    <property name="java.library.path" value="C:\Program Files\Java\jdk-17.0.1\bin;C:\Windows\Sun\Java\bin;C:\Windows\system32;C:\Windows;C:\Users\STARK\AppData\Local\Programs\Python\Python310;C:\Program Files\Common Files\Oracle\Java\javapath;C:\Program Files (x86)\Common Files\Oracle\Java\javapath;C:\ProgramData\Oracle\Java\javapath;C:\Windows\system32;C:\Windows;C:\Windows\System32\Wbem;C:\Windows\System32\WindowsPowerShell\v1.0\;C:\Program Files (x86)\SINE;C:\Program Files (x86)\Windows Kits\8.1\Windows Performance Toolkit\;C:\Program Files\CMake\bin;C:\WINDOWS\System32;C:\Users\STARK\AppData\Local\Programs\Git\bin;C:\Users\STARK\AppData\Local\Programs\Git\cmd;C:\Users\STARK\AppData\Local\Programs\Microsoft VS Code\bin;C:\Program Files (x86)\MSBuild\14.0\Bin;C:\MinGW\bin;C:\Program Files\Java\jdk-17.0.1\bin;C:\curl-7.81.0-win64-mingw\bin;C:\Program Files\MongoDB\Server\5.0\bin;C:\Users\STARK\AppData\Local\Programs\mongosh;C:\Users\STARK\AppData\Local\Programs\Python\Python310\Scripts\;C:\Users\STARK\AppData\Local\Programs\Python\Python310\;C:\Users\STARK\AppData\Local\Programs\Microsoft VS Code\bin;C:\Users\STARK\AppData\Local\Programs\Git\cmd;C:\Users\STARK\AppData\Local\Programs\mongosh\;."/>
    <property name="java.vm.info" value="mixed mode, sharing"/>
    <property name="java.vendor" value="Oracle Corporation"/>
    <property name="java.vm.version" value="17.0.1+12-LTS-39"/>
    <property name="sun.io.unicode.encoding" value="UnicodeLittle"/>
    <property name="java.class.version" value="61.0"/>
  </properties>
  <testcase name="contextLoads" classname="com.gis.medfind.MedfindApplicationTests" time="0.278">
    <error message="Failed to load ApplicationContext" type="java.lang.IllegalStateException">java.lang.IllegalStateException: Failed to load ApplicationContext
Caused by: org.springframework.dao.DataIntegrityViolationException: could not execute statement; SQL [n/a]; nested exception is org.hibernate.exception.DataException: could not execute statement
Caused by: org.hibernate.exception.DataException: could not execute statement
Caused by: org.postgresql.util.PSQLException: ERROR: value too long for type character varying(60)
</error>
    <system-out><![CDATA[2022-01-21 08:31:43.880  INFO 7252 --- [           main] .b.t.c.SpringBootTestContextBootstrapper : Neither @ContextConfiguration nor @ContextHierarchy found for test class [com.gis.medfind.MedfindApplicationTests], using SpringBootContextLoader
2022-01-21 08:31:43.883  INFO 7252 --- [           main] o.s.t.c.support.AbstractContextLoader    : Could not detect default resource locations for test class [com.gis.medfind.MedfindApplicationTests]: no resource found for suffixes {-context.xml, Context.groovy}.
2022-01-21 08:31:43.883  INFO 7252 --- [           main] t.c.s.AnnotationConfigContextLoaderUtils : Could not detect default configuration classes for test class [com.gis.medfind.MedfindApplicationTests]: MedfindApplicationTests does not declare any static, non-private, non-final, nested classes annotated with @Configuration.
2022-01-21 08:31:43.887  INFO 7252 --- [           main] .b.t.c.SpringBootTestContextBootstrapper : Found @SpringBootConfiguration com.gis.medfind.MedfindApplication for test class com.gis.medfind.MedfindApplicationTests
2022-01-21 08:31:43.898  INFO 7252 --- [           main] .b.t.c.SpringBootTestContextBootstrapper : Loaded default TestExecutionListener class names from location [META-INF/spring.factories]: [org.springframework.boot.test.mock.mockito.MockitoTestExecutionListener, org.springframework.boot.test.mock.mockito.ResetMocksTestExecutionListener, org.springframework.boot.test.autoconfigure.restdocs.RestDocsTestExecutionListener, org.springframework.boot.test.autoconfigure.web.client.MockRestServiceServerResetTestExecutionListener, org.springframework.boot.test.autoconfigure.web.servlet.MockMvcPrintOnlyOnFailureTestExecutionListener, org.springframework.boot.test.autoconfigure.web.servlet.WebDriverTestExecutionListener, org.springframework.boot.test.autoconfigure.webservices.client.MockWebServiceServerTestExecutionListener, org.springframework.test.context.web.ServletTestExecutionListener, org.springframework.test.context.support.DirtiesContextBeforeModesTestExecutionListener, org.springframework.test.context.event.ApplicationEventsTestExecutionListener, org.springframework.test.context.support.DependencyInjectionTestExecutionListener, org.springframework.test.context.support.DirtiesContextTestExecutionListener, org.springframework.test.context.transaction.TransactionalTestExecutionListener, org.springframework.test.context.jdbc.SqlScriptsTestExecutionListener, org.springframework.test.context.event.EventPublishingTestExecutionListener]
2022-01-21 08:31:43.899  INFO 7252 --- [           main] .b.t.c.SpringBootTestContextBootstrapper : Using TestExecutionListeners: [org.springframework.test.context.web.ServletTestExecutionListener@507f7cd1, org.springframework.test.context.support.DirtiesContextBeforeModesTestExecutionListener@349996a6, org.springframework.test.context.event.ApplicationEventsTestExecutionListener@78aa1753, org.springframework.boot.test.mock.mockito.MockitoTestExecutionListener@67292fc7, org.springframework.boot.test.autoconfigure.SpringBootDependencyInjectionTestExecutionListener@4c1b4e07, org.springframework.test.context.support.DirtiesContextTestExecutionListener@34cfdd84, org.springframework.test.context.transaction.TransactionalTestExecutionListener@1c7744c1, org.springframework.test.context.jdbc.SqlScriptsTestExecutionListener@320e179f, org.springframework.test.context.event.EventPublishingTestExecutionListener@24731caf, org.springframework.boot.test.mock.mockito.ResetMocksTestExecutionListener@6e1ad658, org.springframework.boot.test.autoconfigure.restdocs.RestDocsTestExecutionListener@486dd616, org.springframework.boot.test.autoconfigure.web.client.MockRestServiceServerResetTestExecutionListener@a1d926b, org.springframework.boot.test.autoconfigure.web.servlet.MockMvcPrintOnlyOnFailureTestExecutionListener@36b761e3, org.springframework.boot.test.autoconfigure.web.servlet.WebDriverTestExecutionListener@e27d97b, org.springframework.boot.test.autoconfigure.webservices.client.MockWebServiceServerTestExecutionListener@285c63cf]

  .   ____          _            __ _ _
 /\\ / ___'_ __ _ _(_)_ __  __ _ \ \ \ \
( ( )\___ | '_ | '_| | '_ \/ _` | \ \ \ \
 \\/  ___)| |_)| | | | | || (_| |  ) ) ) )
  '  |____| .__|_| |_|_| |_\__, | / / / /
 =========|_|==============|___/=/_/_/_/
 :: Spring Boot ::                (v2.6.2)

2022-01-21 08:31:44.196  WARN 7252 --- [           main] ory$DuplicateJsonObjectContextCustomizer : 

Found multiple occurrences of org.json.JSONObject on the class path:

	jar:file:/C:/Users/STARK/.m2/repository/com/vaadin/external/google/android-json/0.0.20131108.vaadin1/android-json-0.0.20131108.vaadin1.jar!/org/json/JSONObject.class
	jar:file:/C:/Users/STARK/.m2/repository/org/json/json/20211205/json-20211205.jar!/org/json/JSONObject.class

You may wish to exclude one of them to ensure predictable runtime behavior

2022-01-21 08:31:44.200  INFO 7252 --- [           main] com.gis.medfind.MedfindApplicationTests  : Starting MedfindApplicationTests using Java 17.0.1 on DESKTOP-RKC3LIM with PID 7252 (started by STARK in C:\Users\STARK\Documents\SpringBoot\medfind)
2022-01-21 08:31:44.200  INFO 7252 --- [           main] com.gis.medfind.MedfindApplicationTests  : No active profile set, falling back to default profiles: default
2022-01-21 08:31:49.208  INFO 7252 --- [           main] .s.d.r.c.RepositoryConfigurationDelegate : Bootstrapping Spring Data JPA repositories in DEFAULT mode.
2022-01-21 08:31:49.345  INFO 7252 --- [           main] .s.d.r.c.RepositoryConfigurationDelegate : Finished Spring Data repository scanning in 135 ms. Found 10 JPA repository interfaces.
2022-01-21 08:31:52.017  INFO 7252 --- [           main] o.hibernate.jpa.internal.util.LogHelper  : HHH000204: Processing PersistenceUnitInfo [name: default]
2022-01-21 08:31:52.032  INFO 7252 --- [           main] o.h.spatial.integration.SpatialService   : HHH80000001: hibernate-spatial integration enabled : true
2022-01-21 08:31:52.056  INFO 7252 --- [           main] com.zaxxer.hikari.HikariDataSource       : HikariPool-2 - Starting...
2022-01-21 08:31:52.323  INFO 7252 --- [           main] com.zaxxer.hikari.HikariDataSource       : HikariPool-2 - Start completed.
2022-01-21 08:31:52.324  INFO 7252 --- [           main] org.hibernate.dialect.Dialect            : HHH000400: Using dialect: org.hibernate.spatial.dialect.postgis.PostgisDialect
Hibernate: 
    
    alter table pharmacy 
       drop constraint FK824p2ayd9dudmt2rarrnl2y22
Hibernate: 
    
    alter table pharmacy 
       drop constraint FKhsu2v5nblbg79jg772hml4j5a
Hibernate: 
    
    alter table pharmacy 
       drop constraint FKkwkisd1ktkd8n782wwog7fcs3
Hibernate: 
    
    alter table pharmacy 
       drop constraint FKr1admsfm0smflyoprqkbpek8c
Hibernate: 
    
    alter table privileges_roles 
       drop constraint FK27x2ja0ahjkq296g7vu202pcl
Hibernate: 
    
    alter table privileges_roles 
       drop constraint FK8npj4maa2rsbe13f4oqs3rw06
Hibernate: 
    
    alter table request 
       drop constraint FKq7e6vore252pht2iws395f6c5
Hibernate: 
    
    alter table users_roles 
       drop constraint FKt4v0rrweyk393bdgt107vdx0x
Hibernate: 
    
    alter table users_roles 
       drop constraint FK2o0jvgh89lemvvo17cbqvdxaa
Hibernate: 
    
    alter table watch_list 
       drop constraint FKo4pwivgipx44yse67stviilm2
Hibernate: 
    
    alter table watch_list_medicines 
       drop constraint FKocgfeubmy0albd5348nhps5cl
Hibernate: 
    
    alter table watch_list_medicines 
       drop constraint FKq50851dkhxmndpgfl2vamfmii
Hibernate: 
    
    drop table if exists file_info cascade
Hibernate: 
    
    drop table if exists medicine cascade
Hibernate: 
    
    drop table if exists pharmacy cascade
Hibernate: 
    
    drop table if exists privilege cascade
Hibernate: 
    
    drop table if exists privileges_roles cascade
Hibernate: 
    
    drop table if exists region cascade
Hibernate: 
    
    drop table if exists request cascade
Hibernate: 
    
    drop table if exists role cascade
Hibernate: 
    
    drop table if exists server cascade
Hibernate: 
    
    drop table if exists users cascade
Hibernate: 
    
    drop table if exists users_roles cascade
Hibernate: 
    
    drop table if exists watch_list cascade
Hibernate: 
    
    drop table if exists watch_list_medicines cascade
Hibernate: 
    
    drop sequence if exists hibernate_sequence
Hibernate: create sequence hibernate_sequence start 1 increment 1
Hibernate: 
    
    create table file_info (
       id int8 not null,
        name varchar(255) not null,
        url varchar(255) not null,
        primary key (id)
    )
Hibernate: 
    
    create table medicine (
       medicine_id int8 not null,
        medicine_name varchar(255),
        primary key (medicine_id)
    )
Hibernate: 
    
    create table pharmacy (
       pharmacy_id int4 not null,
        pharmacy_address varchar(100),
        pharmacy_location Geometry,
        pharmacy_name varchar(60),
        fk_license_file int8,
        fk_owner int8,
        fk_server int4,
        fk_region int8,
        primary key (pharmacy_id)
    )
Hibernate: 
    
    create table privilege (
       id int8 not null,
        name varchar(255),
        primary key (id)
    )
Hibernate: 
    
    create table privileges_roles (
       role_id int8 not null,
        privilege_id int8 not null
    )
Hibernate: 
    
    create table region (
       region_id int8 not null,
        region_boundary geometry,
        region_name varchar(255),
        primary key (region_id)
    )
Hibernate: 
    
    create table request (
       request_id int4 not null,
        created_date varchar(255),
        email varchar(255),
        location GEOMETRY,
        pharmacy_name varchar(255),
        sender_full_name varchar(255),
        fk_license_file int8,
        primary key (request_id)
    )
Hibernate: 
    
    create table role (
       id int8 not null,
        name varchar(255),
        primary key (id)
    )
Hibernate: 
    
    create table server (
       server_id int4 not null,
        server_database_name varchar(255),
        drug_inventory varchar(255),
        database_engine int4,
        server_hostname varchar(255),
        password varchar(255),
        server_listening_port varchar(255) not null,
        username varchar(255),
        primary key (server_id)
    )
Hibernate: 
    
    create table users (
       id  bigserial not null,
        email varchar(70),
        first_name varchar(25),
        last_name varchar(25),
        password varchar(200),
        primary key (id)
    )
Hibernate: 
    
    create table users_roles (
       user_id int8 not null,
        role_id int8 not null
    )
Hibernate: 
    
    create table watch_list (
       watch_list_id int4 not null,
        creation_date timestamp,
        fk_owner int8,
        primary key (watch_list_id)
    )
Hibernate: 
    
    create table watch_list_medicines (
       watch_list_watch_list_id int4 not null,
        medicines_medicine_id int8 not null
    )
Hibernate: 
    
    alter table pharmacy 
       add constraint UK_mot8tgd6g6tq12ctu17jwrlk4 unique (pharmacy_location)
Hibernate: 
    
    alter table users 
       add constraint UK_6dotkott2kjsp8vw4d0m25fb7 unique (email)
Hibernate: 
    
    alter table watch_list_medicines 
       add constraint UK_3ki1t55571ahhxfr8u2cerx8w unique (medicines_medicine_id)
Hibernate: 
    
    alter table pharmacy 
       add constraint FK824p2ayd9dudmt2rarrnl2y22 
       foreign key (fk_license_file) 
       references file_info
Hibernate: 
    
    alter table pharmacy 
       add constraint FKhsu2v5nblbg79jg772hml4j5a 
       foreign key (fk_owner) 
       references users
Hibernate: 
    
    alter table pharmacy 
       add constraint FKkwkisd1ktkd8n782wwog7fcs3 
       foreign key (fk_server) 
       references server
Hibernate: 
    
    alter table pharmacy 
       add constraint FKr1admsfm0smflyoprqkbpek8c 
       foreign key (fk_region) 
       references region
Hibernate: 
    
    alter table privileges_roles 
       add constraint FK27x2ja0ahjkq296g7vu202pcl 
       foreign key (privilege_id) 
       references privilege
Hibernate: 
    
    alter table privileges_roles 
       add constraint FK8npj4maa2rsbe13f4oqs3rw06 
       foreign key (role_id) 
       references role
Hibernate: 
    
    alter table request 
       add constraint FKq7e6vore252pht2iws395f6c5 
       foreign key (fk_license_file) 
       references file_info
Hibernate: 
    
    alter table users_roles 
       add constraint FKt4v0rrweyk393bdgt107vdx0x 
       foreign key (role_id) 
       references role
Hibernate: 
    
    alter table users_roles 
       add constraint FK2o0jvgh89lemvvo17cbqvdxaa 
       foreign key (user_id) 
       references users
Hibernate: 
    
    alter table watch_list 
       add constraint FKo4pwivgipx44yse67stviilm2 
       foreign key (fk_owner) 
       references users
Hibernate: 
    
    alter table watch_list_medicines 
       add constraint FKocgfeubmy0albd5348nhps5cl 
       foreign key (medicines_medicine_id) 
       references medicine
Hibernate: 
    
    alter table watch_list_medicines 
       add constraint FKq50851dkhxmndpgfl2vamfmii 
       foreign key (watch_list_watch_list_id) 
       references watch_list
2022-01-21 08:31:55.330  INFO 7252 --- [           main] o.h.e.t.j.p.i.JtaPlatformInitiator       : HHH000490: Using JtaPlatform implementation: [org.hibernate.engine.transaction.jta.platform.internal.NoJtaPlatform]
2022-01-21 08:31:55.332  INFO 7252 --- [           main] j.LocalContainerEntityManagerFactoryBean : Initialized JPA EntityManagerFactory for persistence unit 'default'
uploads\licenseInitialization Failed2022-01-21 08:31:58.790  WARN 7252 --- [           main] JpaBaseConfiguration$JpaWebConfiguration : spring.jpa.open-in-view is enabled by default. Therefore, database queries may be performed during view rendering. Explicitly configure spring.jpa.open-in-view to disable this warning
2022-01-21 08:32:01.186  INFO 7252 --- [           main] o.s.b.a.w.s.WelcomePageHandlerMapping    : Adding welcome page template: index
2022-01-21 08:32:06.633  INFO 7252 --- [           main] .s.s.UserDetailsServiceAutoConfiguration : 

Using generated security password: 7d9688a7-4f58-4994-8ee9-da191cfa0377

2022-01-21 08:32:08.000  INFO 7252 --- [           main] o.s.s.web.DefaultSecurityFilterChain     : Will secure any request with [org.springframework.security.web.context.request.async.WebAsyncManagerIntegrationFilter@741687d4, org.springframework.security.web.context.SecurityContextPersistenceFilter@352a8183, org.springframework.security.web.header.HeaderWriterFilter@2f307fcc, org.springframework.security.web.csrf.CsrfFilter@3db145f7, org.springframework.security.web.authentication.logout.LogoutFilter@64ba5a71, org.springframework.security.web.authentication.UsernamePasswordAuthenticationFilter@6d3c80bf, org.springframework.security.web.authentication.ui.DefaultLoginPageGeneratingFilter@38aed8ad, org.springframework.security.web.authentication.ui.DefaultLogoutPageGeneratingFilter@77b0ff24, org.springframework.security.web.authentication.www.BasicAuthenticationFilter@5013c6bc, org.springframework.security.web.savedrequest.RequestCacheAwareFilter@52288c65, org.springframework.security.web.servletapi.SecurityContextHolderAwareRequestFilter@33ef393a, org.springframework.security.web.authentication.AnonymousAuthenticationFilter@3958e148, org.springframework.security.web.session.SessionManagementFilter@13f358f8, org.springframework.security.web.access.ExceptionTranslationFilter@6cc022ac, org.springframework.security.web.access.intercept.FilterSecurityInterceptor@72ea5674]
Hibernate: 
    SELECT
        prev 
    FROM
        privilege prev 
    WHERE
        prev.name = ?
Hibernate: 
    select
        nextval ('hibernate_sequence')
Hibernate: 
    insert 
    into
        privilege
        (name, id) 
    values
        (?, ?)
Hibernate: 
    SELECT
        prev 
    FROM
        privilege prev 
    WHERE
        prev.name = ?
Hibernate: 
    select
        nextval ('hibernate_sequence')
Hibernate: 
    insert 
    into
        privilege
        (name, id) 
    values
        (?, ?)
Hibernate: 
    SELECT
        prev 
    FROM
        privilege prev 
    WHERE
        prev.name = ?
Hibernate: 
    select
        nextval ('hibernate_sequence')
Hibernate: 
    insert 
    into
        privilege
        (name, id) 
    values
        (?, ?)
Hibernate: 
    SELECT
        r.name,
        r.id 
    FROM
        role r 
    INNER JOIN
        privileges_roles pr 
            ON pr.role_id = r.id 
    WHERE
        r.name = ?
Hibernate: 
    select
        nextval ('hibernate_sequence')
Hibernate: 
    insert 
    into
        role
        (name, id) 
    values
        (?, ?)
Hibernate: 
    insert 
    into
        privileges_roles
        (role_id, privilege_id) 
    values
        (?, ?)
Hibernate: 
    insert 
    into
        privileges_roles
        (role_id, privilege_id) 
    values
        (?, ?)
Hibernate: 
    insert 
    into
        privileges_roles
        (role_id, privilege_id) 
    values
        (?, ?)
Hibernate: 
    SELECT
        r.name,
        r.id 
    FROM
        role r 
    INNER JOIN
        privileges_roles pr 
            ON pr.role_id = r.id 
    WHERE
        r.name = ?
Hibernate: 
    select
        nextval ('hibernate_sequence')
Hibernate: 
    insert 
    into
        role
        (name, id) 
    values
        (?, ?)
Hibernate: 
    insert 
    into
        privileges_roles
        (role_id, privilege_id) 
    values
        (?, ?)
Hibernate: 
    insert 
    into
        privileges_roles
        (role_id, privilege_id) 
    values
        (?, ?)
Hibernate: 
    SELECT
        r.name,
        r.id 
    FROM
        role r 
    INNER JOIN
        privileges_roles pr 
            ON pr.role_id = r.id 
    WHERE
        r.name = ?
Hibernate: 
    select
        nextval ('hibernate_sequence')
Hibernate: 
    insert 
    into
        role
        (name, id) 
    values
        (?, ?)
Hibernate: 
    SELECT
        r.name,
        r.id 
    FROM
        role r 
    INNER JOIN
        privileges_roles pr 
            ON pr.role_id = r.id 
    WHERE
        r.name = ?
Hibernate: 
    insert 
    into
        users
        (email, first_name, last_name, password) 
    values
        (?, ?, ?, ?)
Hibernate: 
    select
        count(*) as col_0_0_ 
    from
        medicine medicine0_
Hibernate: 
    select
        nextval ('hibernate_sequence')
Hibernate: 
    select
        nextval ('hibernate_sequence')
Hibernate: 
    select
        nextval ('hibernate_sequence')
Hibernate: 
    select
        nextval ('hibernate_sequence')
Hibernate: 
    select
        nextval ('hibernate_sequence')
Hibernate: 
    select
        nextval ('hibernate_sequence')
Hibernate: 
    select
        nextval ('hibernate_sequence')
Hibernate: 
    select
        nextval ('hibernate_sequence')
Hibernate: 
    select
        nextval ('hibernate_sequence')
Hibernate: 
    select
        nextval ('hibernate_sequence')
Hibernate: 
    select
        nextval ('hibernate_sequence')
Hibernate: 
    select
        nextval ('hibernate_sequence')
Hibernate: 
    select
        nextval ('hibernate_sequence')
Hibernate: 
    select
        nextval ('hibernate_sequence')
Hibernate: 
    select
        nextval ('hibernate_sequence')
Hibernate: 
    select
        nextval ('hibernate_sequence')
Hibernate: 
    select
        nextval ('hibernate_sequence')
Hibernate: 
    select
        nextval ('hibernate_sequence')
Hibernate: 
    select
        nextval ('hibernate_sequence')
Hibernate: 
    select
        nextval ('hibernate_sequence')
Hibernate: 
    select
        nextval ('hibernate_sequence')
Hibernate: 
    select
        nextval ('hibernate_sequence')
Hibernate: 
    select
        nextval ('hibernate_sequence')
Hibernate: 
    select
        nextval ('hibernate_sequence')
Hibernate: 
    select
        nextval ('hibernate_sequence')
Hibernate: 
    select
        nextval ('hibernate_sequence')
Hibernate: 
    select
        nextval ('hibernate_sequence')
Hibernate: 
    select
        nextval ('hibernate_sequence')
Hibernate: 
    select
        nextval ('hibernate_sequence')
Hibernate: 
    select
        nextval ('hibernate_sequence')
Hibernate: 
    select
        nextval ('hibernate_sequence')
Hibernate: 
    select
        nextval ('hibernate_sequence')
Hibernate: 
    select
        nextval ('hibernate_sequence')
Hibernate: 
    select
        nextval ('hibernate_sequence')
Hibernate: 
    select
        nextval ('hibernate_sequence')
Hibernate: 
    select
        nextval ('hibernate_sequence')
Hibernate: 
    select
        nextval ('hibernate_sequence')
Hibernate: 
    select
        nextval ('hibernate_sequence')
Hibernate: 
    select
        nextval ('hibernate_sequence')
Hibernate: 
    select
        nextval ('hibernate_sequence')
Hibernate: 
    select
        nextval ('hibernate_sequence')
Hibernate: 
    select
        nextval ('hibernate_sequence')
Hibernate: 
    select
        nextval ('hibernate_sequence')
Hibernate: 
    select
        nextval ('hibernate_sequence')
Hibernate: 
    select
        nextval ('hibernate_sequence')
Hibernate: 
    select
        nextval ('hibernate_sequence')
Hibernate: 
    select
        nextval ('hibernate_sequence')
Hibernate: 
    select
        nextval ('hibernate_sequence')
Hibernate: 
    select
        nextval ('hibernate_sequence')
Hibernate: 
    select
        nextval ('hibernate_sequence')
Hibernate: 
    select
        nextval ('hibernate_sequence')
Hibernate: 
    select
        nextval ('hibernate_sequence')
Hibernate: 
    select
        nextval ('hibernate_sequence')
Hibernate: 
    select
        nextval ('hibernate_sequence')
Hibernate: 
    select
        nextval ('hibernate_sequence')
Hibernate: 
    select
        nextval ('hibernate_sequence')
Hibernate: 
    select
        nextval ('hibernate_sequence')
Hibernate: 
    select
        nextval ('hibernate_sequence')
Hibernate: 
    select
        nextval ('hibernate_sequence')
Hibernate: 
    select
        nextval ('hibernate_sequence')
Hibernate: 
    select
        nextval ('hibernate_sequence')
Hibernate: 
    select
        nextval ('hibernate_sequence')
Hibernate: 
    select
        nextval ('hibernate_sequence')
Hibernate: 
    select
        nextval ('hibernate_sequence')
Hibernate: 
    select
        nextval ('hibernate_sequence')
Hibernate: 
    select
        nextval ('hibernate_sequence')
Hibernate: 
    select
        nextval ('hibernate_sequence')
Hibernate: 
    select
        nextval ('hibernate_sequence')
Hibernate: 
    select
        nextval ('hibernate_sequence')
Hibernate: 
    select
        nextval ('hibernate_sequence')
Hibernate: 
    select
        nextval ('hibernate_sequence')
Hibernate: 
    select
        nextval ('hibernate_sequence')
Hibernate: 
    select
        nextval ('hibernate_sequence')
Hibernate: 
    select
        nextval ('hibernate_sequence')
Hibernate: 
    select
        nextval ('hibernate_sequence')
Hibernate: 
    select
        nextval ('hibernate_sequence')
Hibernate: 
    select
        nextval ('hibernate_sequence')
Hibernate: 
    select
        nextval ('hibernate_sequence')
Hibernate: 
    select
        nextval ('hibernate_sequence')
Hibernate: 
    select
        nextval ('hibernate_sequence')
Hibernate: 
    select
        nextval ('hibernate_sequence')
Hibernate: 
    select
        nextval ('hibernate_sequence')
Hibernate: 
    select
        nextval ('hibernate_sequence')
Hibernate: 
    select
        nextval ('hibernate_sequence')
Hibernate: 
    select
        nextval ('hibernate_sequence')
Hibernate: 
    select
        nextval ('hibernate_sequence')
Hibernate: 
    select
        nextval ('hibernate_sequence')
Hibernate: 
    select
        nextval ('hibernate_sequence')
Hibernate: 
    select
        nextval ('hibernate_sequence')
Hibernate: 
    select
        nextval ('hibernate_sequence')
Hibernate: 
    select
        nextval ('hibernate_sequence')
Hibernate: 
    select
        nextval ('hibernate_sequence')
Hibernate: 
    select
        nextval ('hibernate_sequence')
Hibernate: 
    select
        nextval ('hibernate_sequence')
Hibernate: 
    select
        nextval ('hibernate_sequence')
Hibernate: 
    select
        nextval ('hibernate_sequence')
Hibernate: 
    select
        nextval ('hibernate_sequence')
Hibernate: 
    select
        nextval ('hibernate_sequence')
Hibernate: 
    select
        nextval ('hibernate_sequence')
Hibernate: 
    select
        nextval ('hibernate_sequence')
Hibernate: 
    select
        nextval ('hibernate_sequence')
Hibernate: 
    select
        nextval ('hibernate_sequence')
Hibernate: 
    select
        nextval ('hibernate_sequence')
Hibernate: 
    select
        nextval ('hibernate_sequence')
Hibernate: 
    select
        nextval ('hibernate_sequence')
Hibernate: 
    select
        nextval ('hibernate_sequence')
Hibernate: 
    select
        nextval ('hibernate_sequence')
Hibernate: 
    select
        nextval ('hibernate_sequence')
Hibernate: 
    select
        nextval ('hibernate_sequence')
Hibernate: 
    select
        nextval ('hibernate_sequence')
Hibernate: 
    select
        nextval ('hibernate_sequence')
Hibernate: 
    select
        nextval ('hibernate_sequence')
Hibernate: 
    select
        nextval ('hibernate_sequence')
Hibernate: 
    select
        nextval ('hibernate_sequence')
Hibernate: 
    select
        nextval ('hibernate_sequence')
Hibernate: 
    select
        nextval ('hibernate_sequence')
Hibernate: 
    select
        nextval ('hibernate_sequence')
Hibernate: 
    select
        nextval ('hibernate_sequence')
Hibernate: 
    select
        nextval ('hibernate_sequence')
Hibernate: 
    select
        nextval ('hibernate_sequence')
Hibernate: 
    select
        nextval ('hibernate_sequence')
Hibernate: 
    select
        nextval ('hibernate_sequence')
Hibernate: 
    select
        nextval ('hibernate_sequence')
Hibernate: 
    select
        nextval ('hibernate_sequence')
Hibernate: 
    select
        nextval ('hibernate_sequence')
Hibernate: 
    select
        nextval ('hibernate_sequence')
Hibernate: 
    select
        nextval ('hibernate_sequence')
Hibernate: 
    select
        nextval ('hibernate_sequence')
Hibernate: 
    select
        nextval ('hibernate_sequence')
Hibernate: 
    select
        nextval ('hibernate_sequence')
Hibernate: 
    select
        nextval ('hibernate_sequence')
Hibernate: 
    select
        nextval ('hibernate_sequence')
Hibernate: 
    select
        nextval ('hibernate_sequence')
Hibernate: 
    select
        nextval ('hibernate_sequence')
Hibernate: 
    select
        nextval ('hibernate_sequence')
Hibernate: 
    select
        nextval ('hibernate_sequence')
Hibernate: 
    select
        nextval ('hibernate_sequence')
Hibernate: 
    select
        nextval ('hibernate_sequence')
Hibernate: 
    select
        nextval ('hibernate_sequence')
Hibernate: 
    select
        nextval ('hibernate_sequence')
Hibernate: 
    select
        nextval ('hibernate_sequence')
Hibernate: 
    select
        nextval ('hibernate_sequence')
Hibernate: 
    select
        nextval ('hibernate_sequence')
Hibernate: 
    select
        nextval ('hibernate_sequence')
Hibernate: 
    select
        nextval ('hibernate_sequence')
Hibernate: 
    select
        nextval ('hibernate_sequence')
Hibernate: 
    select
        nextval ('hibernate_sequence')
Hibernate: 
    select
        nextval ('hibernate_sequence')
Hibernate: 
    select
        nextval ('hibernate_sequence')
Hibernate: 
    select
        nextval ('hibernate_sequence')
Hibernate: 
    select
        nextval ('hibernate_sequence')
Hibernate: 
    select
        nextval ('hibernate_sequence')
Hibernate: 
    select
        nextval ('hibernate_sequence')
Hibernate: 
    select
        nextval ('hibernate_sequence')
Hibernate: 
    select
        nextval ('hibernate_sequence')
Hibernate: 
    select
        nextval ('hibernate_sequence')
Hibernate: 
    select
        nextval ('hibernate_sequence')
Hibernate: 
    select
        nextval ('hibernate_sequence')
Hibernate: 
    select
        nextval ('hibernate_sequence')
Hibernate: 
    select
        nextval ('hibernate_sequence')
Hibernate: 
    select
        nextval ('hibernate_sequence')
Hibernate: 
    select
        nextval ('hibernate_sequence')
Hibernate: 
    select
        nextval ('hibernate_sequence')
Hibernate: 
    select
        nextval ('hibernate_sequence')
Hibernate: 
    select
        nextval ('hibernate_sequence')
Hibernate: 
    select
        nextval ('hibernate_sequence')
Hibernate: 
    select
        nextval ('hibernate_sequence')
Hibernate: 
    select
        nextval ('hibernate_sequence')
Hibernate: 
    select
        nextval ('hibernate_sequence')
Hibernate: 
    select
        nextval ('hibernate_sequence')
Hibernate: 
    select
        nextval ('hibernate_sequence')
Hibernate: 
    select
        nextval ('hibernate_sequence')
Hibernate: 
    select
        nextval ('hibernate_sequence')
Hibernate: 
    select
        nextval ('hibernate_sequence')
Hibernate: 
    select
        nextval ('hibernate_sequence')
Hibernate: 
    select
        nextval ('hibernate_sequence')
Hibernate: 
    select
        nextval ('hibernate_sequence')
Hibernate: 
    select
        nextval ('hibernate_sequence')
Hibernate: 
    select
        nextval ('hibernate_sequence')
Hibernate: 
    select
        nextval ('hibernate_sequence')
Hibernate: 
    select
        nextval ('hibernate_sequence')
Hibernate: 
    select
        nextval ('hibernate_sequence')
Hibernate: 
    select
        nextval ('hibernate_sequence')
Hibernate: 
    select
        nextval ('hibernate_sequence')
Hibernate: 
    select
        nextval ('hibernate_sequence')
Hibernate: 
    select
        nextval ('hibernate_sequence')
Hibernate: 
    select
        nextval ('hibernate_sequence')
Hibernate: 
    select
        nextval ('hibernate_sequence')
Hibernate: 
    select
        nextval ('hibernate_sequence')
Hibernate: 
    select
        nextval ('hibernate_sequence')
Hibernate: 
    select
        nextval ('hibernate_sequence')
Hibernate: 
    select
        nextval ('hibernate_sequence')
Hibernate: 
    select
        nextval ('hibernate_sequence')
Hibernate: 
    select
        nextval ('hibernate_sequence')
Hibernate: 
    select
        nextval ('hibernate_sequence')
Hibernate: 
    select
        nextval ('hibernate_sequence')
Hibernate: 
    select
        nextval ('hibernate_sequence')
Hibernate: 
    select
        nextval ('hibernate_sequence')
Hibernate: 
    select
        nextval ('hibernate_sequence')
Hibernate: 
    select
        nextval ('hibernate_sequence')
Hibernate: 
    select
        nextval ('hibernate_sequence')
Hibernate: 
    select
        nextval ('hibernate_sequence')
Hibernate: 
    select
        nextval ('hibernate_sequence')
Hibernate: 
    select
        nextval ('hibernate_sequence')
Hibernate: 
    select
        nextval ('hibernate_sequence')
Hibernate: 
    select
        nextval ('hibernate_sequence')
Hibernate: 
    select
        nextval ('hibernate_sequence')
Hibernate: 
    select
        nextval ('hibernate_sequence')
Hibernate: 
    select
        nextval ('hibernate_sequence')
Hibernate: 
    select
        nextval ('hibernate_sequence')
Hibernate: 
    select
        nextval ('hibernate_sequence')
Hibernate: 
    select
        nextval ('hibernate_sequence')
Hibernate: 
    select
        nextval ('hibernate_sequence')
Hibernate: 
    select
        nextval ('hibernate_sequence')
Hibernate: 
    select
        nextval ('hibernate_sequence')
Hibernate: 
    select
        nextval ('hibernate_sequence')
Hibernate: 
    select
        nextval ('hibernate_sequence')
Hibernate: 
    select
        nextval ('hibernate_sequence')
Hibernate: 
    select
        nextval ('hibernate_sequence')
Hibernate: 
    select
        nextval ('hibernate_sequence')
Hibernate: 
    select
        nextval ('hibernate_sequence')
Hibernate: 
    select
        nextval ('hibernate_sequence')
Hibernate: 
    select
        nextval ('hibernate_sequence')
Hibernate: 
    select
        nextval ('hibernate_sequence')
Hibernate: 
    select
        nextval ('hibernate_sequence')
Hibernate: 
    select
        nextval ('hibernate_sequence')
Hibernate: 
    select
        nextval ('hibernate_sequence')
Hibernate: 
    select
        nextval ('hibernate_sequence')
Hibernate: 
    select
        nextval ('hibernate_sequence')
Hibernate: 
    select
        nextval ('hibernate_sequence')
Hibernate: 
    select
        nextval ('hibernate_sequence')
Hibernate: 
    select
        nextval ('hibernate_sequence')
Hibernate: 
    select
        nextval ('hibernate_sequence')
Hibernate: 
    select
        nextval ('hibernate_sequence')
Hibernate: 
    select
        nextval ('hibernate_sequence')
Hibernate: 
    select
        nextval ('hibernate_sequence')
Hibernate: 
    select
        nextval ('hibernate_sequence')
Hibernate: 
    select
        nextval ('hibernate_sequence')
Hibernate: 
    select
        nextval ('hibernate_sequence')
Hibernate: 
    select
        nextval ('hibernate_sequence')
Hibernate: 
    select
        nextval ('hibernate_sequence')
Hibernate: 
    select
        nextval ('hibernate_sequence')
Hibernate: 
    select
        nextval ('hibernate_sequence')
Hibernate: 
    select
        nextval ('hibernate_sequence')
Hibernate: 
    select
        nextval ('hibernate_sequence')
Hibernate: 
    select
        nextval ('hibernate_sequence')
Hibernate: 
    select
        nextval ('hibernate_sequence')
Hibernate: 
    select
        nextval ('hibernate_sequence')
Hibernate: 
    select
        nextval ('hibernate_sequence')
Hibernate: 
    select
        nextval ('hibernate_sequence')
Hibernate: 
    select
        nextval ('hibernate_sequence')
Hibernate: 
    select
        nextval ('hibernate_sequence')
Hibernate: 
    select
        nextval ('hibernate_sequence')
Hibernate: 
    select
        nextval ('hibernate_sequence')
Hibernate: 
    select
        nextval ('hibernate_sequence')
Hibernate: 
    select
        nextval ('hibernate_sequence')
Hibernate: 
    select
        nextval ('hibernate_sequence')
Hibernate: 
    select
        nextval ('hibernate_sequence')
Hibernate: 
    select
        nextval ('hibernate_sequence')
Hibernate: 
    select
        nextval ('hibernate_sequence')
Hibernate: 
    select
        nextval ('hibernate_sequence')
Hibernate: 
    select
        nextval ('hibernate_sequence')
Hibernate: 
    select
        nextval ('hibernate_sequence')
Hibernate: 
    select
        nextval ('hibernate_sequence')
Hibernate: 
    select
        nextval ('hibernate_sequence')
Hibernate: 
    select
        nextval ('hibernate_sequence')
Hibernate: 
    select
        nextval ('hibernate_sequence')
Hibernate: 
    select
        nextval ('hibernate_sequence')
Hibernate: 
    select
        nextval ('hibernate_sequence')
Hibernate: 
    select
        nextval ('hibernate_sequence')
Hibernate: 
    select
        nextval ('hibernate_sequence')
Hibernate: 
    select
        nextval ('hibernate_sequence')
Hibernate: 
    select
        nextval ('hibernate_sequence')
Hibernate: 
    select
        nextval ('hibernate_sequence')
Hibernate: 
    select
        nextval ('hibernate_sequence')
Hibernate: 
    select
        nextval ('hibernate_sequence')
Hibernate: 
    select
        nextval ('hibernate_sequence')
Hibernate: 
    select
        nextval ('hibernate_sequence')
Hibernate: 
    select
        nextval ('hibernate_sequence')
Hibernate: 
    select
        nextval ('hibernate_sequence')
Hibernate: 
    select
        nextval ('hibernate_sequence')
Hibernate: 
    select
        nextval ('hibernate_sequence')
Hibernate: 
    select
        nextval ('hibernate_sequence')
Hibernate: 
    select
        nextval ('hibernate_sequence')
Hibernate: 
    select
        nextval ('hibernate_sequence')
Hibernate: 
    select
        nextval ('hibernate_sequence')
Hibernate: 
    select
        nextval ('hibernate_sequence')
Hibernate: 
    select
        nextval ('hibernate_sequence')
Hibernate: 
    select
        nextval ('hibernate_sequence')
Hibernate: 
    select
        nextval ('hibernate_sequence')
Hibernate: 
    select
        nextval ('hibernate_sequence')
Hibernate: 
    select
        nextval ('hibernate_sequence')
Hibernate: 
    select
        nextval ('hibernate_sequence')
Hibernate: 
    select
        nextval ('hibernate_sequence')
Hibernate: 
    select
        nextval ('hibernate_sequence')
Hibernate: 
    select
        nextval ('hibernate_sequence')
Hibernate: 
    select
        nextval ('hibernate_sequence')
Hibernate: 
    select
        nextval ('hibernate_sequence')
Hibernate: 
    select
        nextval ('hibernate_sequence')
Hibernate: 
    select
        nextval ('hibernate_sequence')
Hibernate: 
    select
        nextval ('hibernate_sequence')
Hibernate: 
    select
        nextval ('hibernate_sequence')
Hibernate: 
    select
        nextval ('hibernate_sequence')
Hibernate: 
    select
        nextval ('hibernate_sequence')
Hibernate: 
    select
        nextval ('hibernate_sequence')
Hibernate: 
    select
        nextval ('hibernate_sequence')
Hibernate: 
    select
        nextval ('hibernate_sequence')
Hibernate: 
    select
        nextval ('hibernate_sequence')
Hibernate: 
    select
        nextval ('hibernate_sequence')
Hibernate: 
    select
        nextval ('hibernate_sequence')
Hibernate: 
    select
        nextval ('hibernate_sequence')
Hibernate: 
    select
        nextval ('hibernate_sequence')
Hibernate: 
    select
        nextval ('hibernate_sequence')
Hibernate: 
    select
        nextval ('hibernate_sequence')
Hibernate: 
    select
        nextval ('hibernate_sequence')
Hibernate: 
    select
        nextval ('hibernate_sequence')
Hibernate: 
    select
        nextval ('hibernate_sequence')
Hibernate: 
    select
        nextval ('hibernate_sequence')
Hibernate: 
    select
        nextval ('hibernate_sequence')
Hibernate: 
    select
        nextval ('hibernate_sequence')
Hibernate: 
    select
        nextval ('hibernate_sequence')
Hibernate: 
    select
        nextval ('hibernate_sequence')
Hibernate: 
    select
        nextval ('hibernate_sequence')
Hibernate: 
    select
        nextval ('hibernate_sequence')
Hibernate: 
    select
        nextval ('hibernate_sequence')
Hibernate: 
    select
        nextval ('hibernate_sequence')
Hibernate: 
    select
        nextval ('hibernate_sequence')
Hibernate: 
    select
        nextval ('hibernate_sequence')
Hibernate: 
    select
        nextval ('hibernate_sequence')
Hibernate: 
    select
        nextval ('hibernate_sequence')
Hibernate: 
    select
        nextval ('hibernate_sequence')
Hibernate: 
    select
        nextval ('hibernate_sequence')
Hibernate: 
    select
        nextval ('hibernate_sequence')
Hibernate: 
    select
        nextval ('hibernate_sequence')
Hibernate: 
    select
        nextval ('hibernate_sequence')
Hibernate: 
    select
        nextval ('hibernate_sequence')
Hibernate: 
    select
        nextval ('hibernate_sequence')
Hibernate: 
    select
        nextval ('hibernate_sequence')
Hibernate: 
    select
        nextval ('hibernate_sequence')
Hibernate: 
    select
        nextval ('hibernate_sequence')
Hibernate: 
    select
        nextval ('hibernate_sequence')
Hibernate: 
    select
        nextval ('hibernate_sequence')
Hibernate: 
    select
        nextval ('hibernate_sequence')
Hibernate: 
    select
        nextval ('hibernate_sequence')
Hibernate: 
    select
        nextval ('hibernate_sequence')
Hibernate: 
    select
        nextval ('hibernate_sequence')
Hibernate: 
    select
        nextval ('hibernate_sequence')
Hibernate: 
    select
        nextval ('hibernate_sequence')
Hibernate: 
    select
        nextval ('hibernate_sequence')
Hibernate: 
    select
        nextval ('hibernate_sequence')
Hibernate: 
    select
        nextval ('hibernate_sequence')
Hibernate: 
    select
        nextval ('hibernate_sequence')
Hibernate: 
    select
        nextval ('hibernate_sequence')
Hibernate: 
    select
        nextval ('hibernate_sequence')
Hibernate: 
    select
        nextval ('hibernate_sequence')
Hibernate: 
    select
        nextval ('hibernate_sequence')
Hibernate: 
    select
        nextval ('hibernate_sequence')
Hibernate: 
    select
        nextval ('hibernate_sequence')
Hibernate: 
    select
        nextval ('hibernate_sequence')
Hibernate: 
    select
        nextval ('hibernate_sequence')
Hibernate: 
    select
        nextval ('hibernate_sequence')
Hibernate: 
    select
        nextval ('hibernate_sequence')
Hibernate: 
    select
        nextval ('hibernate_sequence')
Hibernate: 
    select
        nextval ('hibernate_sequence')
Hibernate: 
    select
        nextval ('hibernate_sequence')
Hibernate: 
    select
        nextval ('hibernate_sequence')
Hibernate: 
    select
        nextval ('hibernate_sequence')
Hibernate: 
    select
        nextval ('hibernate_sequence')
Hibernate: 
    select
        nextval ('hibernate_sequence')
Hibernate: 
    select
        nextval ('hibernate_sequence')
Hibernate: 
    select
        nextval ('hibernate_sequence')
Hibernate: 
    select
        nextval ('hibernate_sequence')
Hibernate: 
    select
        nextval ('hibernate_sequence')
Hibernate: 
    select
        nextval ('hibernate_sequence')
Hibernate: 
    select
        nextval ('hibernate_sequence')
Hibernate: 
    select
        nextval ('hibernate_sequence')
Hibernate: 
    select
        nextval ('hibernate_sequence')
Hibernate: 
    select
        nextval ('hibernate_sequence')
Hibernate: 
    select
        nextval ('hibernate_sequence')
Hibernate: 
    select
        nextval ('hibernate_sequence')
Hibernate: 
    select
        nextval ('hibernate_sequence')
Hibernate: 
    select
        nextval ('hibernate_sequence')
Hibernate: 
    select
        nextval ('hibernate_sequence')
Hibernate: 
    select
        nextval ('hibernate_sequence')
Hibernate: 
    select
        nextval ('hibernate_sequence')
Hibernate: 
    select
        nextval ('hibernate_sequence')
Hibernate: 
    select
        nextval ('hibernate_sequence')
Hibernate: 
    select
        nextval ('hibernate_sequence')
Hibernate: 
    select
        nextval ('hibernate_sequence')
Hibernate: 
    select
        nextval ('hibernate_sequence')
Hibernate: 
    select
        nextval ('hibernate_sequence')
Hibernate: 
    select
        nextval ('hibernate_sequence')
Hibernate: 
    select
        nextval ('hibernate_sequence')
Hibernate: 
    select
        nextval ('hibernate_sequence')
Hibernate: 
    select
        nextval ('hibernate_sequence')
Hibernate: 
    select
        nextval ('hibernate_sequence')
Hibernate: 
    select
        nextval ('hibernate_sequence')
Hibernate: 
    select
        nextval ('hibernate_sequence')
Hibernate: 
    select
        nextval ('hibernate_sequence')
Hibernate: 
    select
        nextval ('hibernate_sequence')
Hibernate: 
    select
        nextval ('hibernate_sequence')
Hibernate: 
    select
        nextval ('hibernate_sequence')
Hibernate: 
    select
        nextval ('hibernate_sequence')
Hibernate: 
    select
        nextval ('hibernate_sequence')
Hibernate: 
    select
        nextval ('hibernate_sequence')
Hibernate: 
    select
        nextval ('hibernate_sequence')
Hibernate: 
    select
        nextval ('hibernate_sequence')
Hibernate: 
    select
        nextval ('hibernate_sequence')
Hibernate: 
    select
        nextval ('hibernate_sequence')
Hibernate: 
    select
        nextval ('hibernate_sequence')
Hibernate: 
    select
        nextval ('hibernate_sequence')
Hibernate: 
    select
        nextval ('hibernate_sequence')
Hibernate: 
    select
        nextval ('hibernate_sequence')
Hibernate: 
    select
        nextval ('hibernate_sequence')
Hibernate: 
    select
        nextval ('hibernate_sequence')
Hibernate: 
    select
        nextval ('hibernate_sequence')
Hibernate: 
    select
        nextval ('hibernate_sequence')
Hibernate: 
    select
        nextval ('hibernate_sequence')
Hibernate: 
    select
        nextval ('hibernate_sequence')
Hibernate: 
    select
        nextval ('hibernate_sequence')
Hibernate: 
    select
        nextval ('hibernate_sequence')
Hibernate: 
    select
        nextval ('hibernate_sequence')
Hibernate: 
    select
        nextval ('hibernate_sequence')
Hibernate: 
    select
        nextval ('hibernate_sequence')
Hibernate: 
    select
        nextval ('hibernate_sequence')
Hibernate: 
    select
        nextval ('hibernate_sequence')
Hibernate: 
    select
        nextval ('hibernate_sequence')
Hibernate: 
    select
        nextval ('hibernate_sequence')
Hibernate: 
    select
        nextval ('hibernate_sequence')
Hibernate: 
    select
        nextval ('hibernate_sequence')
Hibernate: 
    select
        nextval ('hibernate_sequence')
Hibernate: 
    select
        nextval ('hibernate_sequence')
Hibernate: 
    select
        nextval ('hibernate_sequence')
Hibernate: 
    select
        nextval ('hibernate_sequence')
Hibernate: 
    select
        nextval ('hibernate_sequence')
Hibernate: 
    select
        nextval ('hibernate_sequence')
Hibernate: 
    select
        nextval ('hibernate_sequence')
Hibernate: 
    select
        nextval ('hibernate_sequence')
Hibernate: 
    select
        nextval ('hibernate_sequence')
Hibernate: 
    select
        nextval ('hibernate_sequence')
Hibernate: 
    select
        nextval ('hibernate_sequence')
Hibernate: 
    select
        nextval ('hibernate_sequence')
Hibernate: 
    select
        nextval ('hibernate_sequence')
Hibernate: 
    select
        nextval ('hibernate_sequence')
Hibernate: 
    select
        nextval ('hibernate_sequence')
Hibernate: 
    select
        nextval ('hibernate_sequence')
Hibernate: 
    select
        nextval ('hibernate_sequence')
Hibernate: 
    select
        nextval ('hibernate_sequence')
Hibernate: 
    select
        nextval ('hibernate_sequence')
Hibernate: 
    select
        nextval ('hibernate_sequence')
Hibernate: 
    select
        nextval ('hibernate_sequence')
Hibernate: 
    select
        nextval ('hibernate_sequence')
Hibernate: 
    select
        nextval ('hibernate_sequence')
Hibernate: 
    select
        nextval ('hibernate_sequence')
Hibernate: 
    select
        nextval ('hibernate_sequence')
Hibernate: 
    select
        nextval ('hibernate_sequence')
Hibernate: 
    select
        nextval ('hibernate_sequence')
Hibernate: 
    select
        nextval ('hibernate_sequence')
Hibernate: 
    select
        nextval ('hibernate_sequence')
Hibernate: 
    select
        nextval ('hibernate_sequence')
Hibernate: 
    select
        nextval ('hibernate_sequence')
Hibernate: 
    select
        nextval ('hibernate_sequence')
Hibernate: 
    select
        nextval ('hibernate_sequence')
Hibernate: 
    select
        nextval ('hibernate_sequence')
Hibernate: 
    select
        nextval ('hibernate_sequence')
Hibernate: 
    select
        nextval ('hibernate_sequence')
Hibernate: 
    select
        nextval ('hibernate_sequence')
Hibernate: 
    select
        nextval ('hibernate_sequence')
Hibernate: 
    select
        nextval ('hibernate_sequence')
Hibernate: 
    select
        nextval ('hibernate_sequence')
Hibernate: 
    select
        nextval ('hibernate_sequence')
Hibernate: 
    select
        nextval ('hibernate_sequence')
Hibernate: 
    select
        nextval ('hibernate_sequence')
Hibernate: 
    select
        nextval ('hibernate_sequence')
Hibernate: 
    select
        nextval ('hibernate_sequence')
Hibernate: 
    select
        nextval ('hibernate_sequence')
Hibernate: 
    select
        nextval ('hibernate_sequence')
Hibernate: 
    select
        nextval ('hibernate_sequence')
Hibernate: 
    select
        nextval ('hibernate_sequence')
Hibernate: 
    select
        nextval ('hibernate_sequence')
Hibernate: 
    select
        nextval ('hibernate_sequence')
Hibernate: 
    select
        nextval ('hibernate_sequence')
Hibernate: 
    select
        nextval ('hibernate_sequence')
Hibernate: 
    select
        nextval ('hibernate_sequence')
Hibernate: 
    select
        nextval ('hibernate_sequence')
Hibernate: 
    select
        nextval ('hibernate_sequence')
Hibernate: 
    select
        nextval ('hibernate_sequence')
Hibernate: 
    select
        nextval ('hibernate_sequence')
Hibernate: 
    select
        nextval ('hibernate_sequence')
Hibernate: 
    select
        nextval ('hibernate_sequence')
Hibernate: 
    select
        nextval ('hibernate_sequence')
Hibernate: 
    select
        nextval ('hibernate_sequence')
Hibernate: 
    select
        nextval ('hibernate_sequence')
Hibernate: 
    select
        nextval ('hibernate_sequence')
Hibernate: 
    select
        nextval ('hibernate_sequence')
Hibernate: 
    select
        nextval ('hibernate_sequence')
Hibernate: 
    select
        nextval ('hibernate_sequence')
Hibernate: 
    select
        nextval ('hibernate_sequence')
Hibernate: 
    select
        nextval ('hibernate_sequence')
Hibernate: 
    select
        nextval ('hibernate_sequence')
Hibernate: 
    select
        nextval ('hibernate_sequence')
Hibernate: 
    select
        nextval ('hibernate_sequence')
Hibernate: 
    select
        nextval ('hibernate_sequence')
Hibernate: 
    select
        nextval ('hibernate_sequence')
Hibernate: 
    select
        nextval ('hibernate_sequence')
Hibernate: 
    select
        nextval ('hibernate_sequence')
Hibernate: 
    select
        nextval ('hibernate_sequence')
Hibernate: 
    select
        nextval ('hibernate_sequence')
Hibernate: 
    select
        nextval ('hibernate_sequence')
Hibernate: 
    select
        nextval ('hibernate_sequence')
Hibernate: 
    select
        nextval ('hibernate_sequence')
Hibernate: 
    select
        nextval ('hibernate_sequence')
Hibernate: 
    select
        nextval ('hibernate_sequence')
Hibernate: 
    select
        nextval ('hibernate_sequence')
Hibernate: 
    select
        nextval ('hibernate_sequence')
Hibernate: 
    select
        nextval ('hibernate_sequence')
Hibernate: 
    select
        nextval ('hibernate_sequence')
Hibernate: 
    select
        nextval ('hibernate_sequence')
Hibernate: 
    select
        nextval ('hibernate_sequence')
Hibernate: 
    select
        nextval ('hibernate_sequence')
Hibernate: 
    select
        nextval ('hibernate_sequence')
Hibernate: 
    select
        nextval ('hibernate_sequence')
Hibernate: 
    select
        nextval ('hibernate_sequence')
Hibernate: 
    select
        nextval ('hibernate_sequence')
Hibernate: 
    select
        nextval ('hibernate_sequence')
Hibernate: 
    select
        nextval ('hibernate_sequence')
Hibernate: 
    select
        nextval ('hibernate_sequence')
Hibernate: 
    select
        nextval ('hibernate_sequence')
Hibernate: 
    select
        nextval ('hibernate_sequence')
Hibernate: 
    select
        nextval ('hibernate_sequence')
Hibernate: 
    select
        nextval ('hibernate_sequence')
Hibernate: 
    select
        nextval ('hibernate_sequence')
Hibernate: 
    select
        nextval ('hibernate_sequence')
Hibernate: 
    select
        nextval ('hibernate_sequence')
Hibernate: 
    select
        nextval ('hibernate_sequence')
Hibernate: 
    select
        nextval ('hibernate_sequence')
Hibernate: 
    select
        nextval ('hibernate_sequence')
Hibernate: 
    select
        nextval ('hibernate_sequence')
Hibernate: 
    select
        nextval ('hibernate_sequence')
Hibernate: 
    select
        nextval ('hibernate_sequence')
Hibernate: 
    select
        nextval ('hibernate_sequence')
Hibernate: 
    select
        nextval ('hibernate_sequence')
Hibernate: 
    select
        nextval ('hibernate_sequence')
Hibernate: 
    select
        nextval ('hibernate_sequence')
Hibernate: 
    select
        nextval ('hibernate_sequence')
Hibernate: 
    select
        nextval ('hibernate_sequence')
Hibernate: 
    select
        nextval ('hibernate_sequence')
Hibernate: 
    select
        nextval ('hibernate_sequence')
Hibernate: 
    select
        nextval ('hibernate_sequence')
Hibernate: 
    select
        nextval ('hibernate_sequence')
Hibernate: 
    select
        nextval ('hibernate_sequence')
Hibernate: 
    select
        nextval ('hibernate_sequence')
Hibernate: 
    select
        nextval ('hibernate_sequence')
Hibernate: 
    select
        nextval ('hibernate_sequence')
Hibernate: 
    select
        nextval ('hibernate_sequence')
Hibernate: 
    select
        nextval ('hibernate_sequence')
Hibernate: 
    select
        nextval ('hibernate_sequence')
Hibernate: 
    select
        nextval ('hibernate_sequence')
Hibernate: 
    select
        nextval ('hibernate_sequence')
Hibernate: 
    select
        nextval ('hibernate_sequence')
Hibernate: 
    select
        nextval ('hibernate_sequence')
Hibernate: 
    select
        nextval ('hibernate_sequence')
Hibernate: 
    select
        nextval ('hibernate_sequence')
Hibernate: 
    select
        nextval ('hibernate_sequence')
Hibernate: 
    select
        nextval ('hibernate_sequence')
Hibernate: 
    select
        nextval ('hibernate_sequence')
Hibernate: 
    select
        nextval ('hibernate_sequence')
Hibernate: 
    select
        nextval ('hibernate_sequence')
Hibernate: 
    select
        nextval ('hibernate_sequence')
Hibernate: 
    select
        nextval ('hibernate_sequence')
Hibernate: 
    select
        nextval ('hibernate_sequence')
Hibernate: 
    select
        nextval ('hibernate_sequence')
Hibernate: 
    select
        nextval ('hibernate_sequence')
Hibernate: 
    select
        nextval ('hibernate_sequence')
Hibernate: 
    select
        nextval ('hibernate_sequence')
Hibernate: 
    select
        nextval ('hibernate_sequence')
Hibernate: 
    select
        nextval ('hibernate_sequence')
Hibernate: 
    select
        nextval ('hibernate_sequence')
Hibernate: 
    select
        nextval ('hibernate_sequence')
Hibernate: 
    select
        nextval ('hibernate_sequence')
Hibernate: 
    select
        nextval ('hibernate_sequence')
Hibernate: 
    select
        nextval ('hibernate_sequence')
Hibernate: 
    select
        nextval ('hibernate_sequence')
Hibernate: 
    select
        nextval ('hibernate_sequence')
Hibernate: 
    select
        nextval ('hibernate_sequence')
Hibernate: 
    select
        nextval ('hibernate_sequence')
Hibernate: 
    select
        nextval ('hibernate_sequence')
Hibernate: 
    select
        nextval ('hibernate_sequence')
Hibernate: 
    select
        nextval ('hibernate_sequence')
Hibernate: 
    select
        nextval ('hibernate_sequence')
Hibernate: 
    select
        nextval ('hibernate_sequence')
Hibernate: 
    select
        nextval ('hibernate_sequence')
Hibernate: 
    select
        nextval ('hibernate_sequence')
Hibernate: 
    select
        nextval ('hibernate_sequence')
Hibernate: 
    select
        nextval ('hibernate_sequence')
Hibernate: 
    select
        nextval ('hibernate_sequence')
Hibernate: 
    select
        nextval ('hibernate_sequence')
Hibernate: 
    select
        nextval ('hibernate_sequence')
Hibernate: 
    select
        nextval ('hibernate_sequence')
Hibernate: 
    select
        nextval ('hibernate_sequence')
Hibernate: 
    select
        nextval ('hibernate_sequence')
Hibernate: 
    select
        nextval ('hibernate_sequence')
Hibernate: 
    select
        nextval ('hibernate_sequence')
Hibernate: 
    select
        nextval ('hibernate_sequence')
Hibernate: 
    select
        nextval ('hibernate_sequence')
Hibernate: 
    select
        nextval ('hibernate_sequence')
Hibernate: 
    select
        nextval ('hibernate_sequence')
Hibernate: 
    select
        nextval ('hibernate_sequence')
Hibernate: 
    select
        nextval ('hibernate_sequence')
Hibernate: 
    select
        nextval ('hibernate_sequence')
Hibernate: 
    select
        nextval ('hibernate_sequence')
Hibernate: 
    select
        nextval ('hibernate_sequence')
Hibernate: 
    select
        nextval ('hibernate_sequence')
Hibernate: 
    select
        nextval ('hibernate_sequence')
Hibernate: 
    select
        nextval ('hibernate_sequence')
Hibernate: 
    select
        nextval ('hibernate_sequence')
Hibernate: 
    select
        nextval ('hibernate_sequence')
Hibernate: 
    select
        nextval ('hibernate_sequence')
Hibernate: 
    select
        nextval ('hibernate_sequence')
Hibernate: 
    select
        nextval ('hibernate_sequence')
Hibernate: 
    select
        nextval ('hibernate_sequence')
Hibernate: 
    select
        nextval ('hibernate_sequence')
Hibernate: 
    select
        nextval ('hibernate_sequence')
Hibernate: 
    select
        nextval ('hibernate_sequence')
Hibernate: 
    select
        nextval ('hibernate_sequence')
Hibernate: 
    select
        nextval ('hibernate_sequence')
Hibernate: 
    select
        nextval ('hibernate_sequence')
Hibernate: 
    select
        nextval ('hibernate_sequence')
Hibernate: 
    select
        nextval ('hibernate_sequence')
Hibernate: 
    select
        nextval ('hibernate_sequence')
Hibernate: 
    select
        nextval ('hibernate_sequence')
Hibernate: 
    select
        nextval ('hibernate_sequence')
Hibernate: 
    select
        nextval ('hibernate_sequence')
Hibernate: 
    select
        nextval ('hibernate_sequence')
Hibernate: 
    select
        nextval ('hibernate_sequence')
Hibernate: 
    select
        nextval ('hibernate_sequence')
Hibernate: 
    select
        nextval ('hibernate_sequence')
Hibernate: 
    select
        nextval ('hibernate_sequence')
Hibernate: 
    select
        nextval ('hibernate_sequence')
Hibernate: 
    select
        nextval ('hibernate_sequence')
Hibernate: 
    select
        nextval ('hibernate_sequence')
Hibernate: 
    select
        nextval ('hibernate_sequence')
Hibernate: 
    select
        nextval ('hibernate_sequence')
Hibernate: 
    select
        nextval ('hibernate_sequence')
Hibernate: 
    select
        nextval ('hibernate_sequence')
Hibernate: 
    select
        nextval ('hibernate_sequence')
Hibernate: 
    select
        nextval ('hibernate_sequence')
Hibernate: 
    select
        nextval ('hibernate_sequence')
Hibernate: 
    select
        nextval ('hibernate_sequence')
Hibernate: 
    select
        nextval ('hibernate_sequence')
Hibernate: 
    select
        nextval ('hibernate_sequence')
Hibernate: 
    select
        nextval ('hibernate_sequence')
Hibernate: 
    select
        nextval ('hibernate_sequence')
Hibernate: 
    select
        nextval ('hibernate_sequence')
Hibernate: 
    select
        nextval ('hibernate_sequence')
Hibernate: 
    select
        nextval ('hibernate_sequence')
Hibernate: 
    select
        nextval ('hibernate_sequence')
Hibernate: 
    select
        nextval ('hibernate_sequence')
Hibernate: 
    select
        nextval ('hibernate_sequence')
Hibernate: 
    select
        nextval ('hibernate_sequence')
Hibernate: 
    select
        nextval ('hibernate_sequence')
Hibernate: 
    select
        nextval ('hibernate_sequence')
Hibernate: 
    select
        nextval ('hibernate_sequence')
Hibernate: 
    select
        nextval ('hibernate_sequence')
Hibernate: 
    select
        nextval ('hibernate_sequence')
Hibernate: 
    select
        nextval ('hibernate_sequence')
Hibernate: 
    select
        nextval ('hibernate_sequence')
Hibernate: 
    select
        nextval ('hibernate_sequence')
Hibernate: 
    select
        nextval ('hibernate_sequence')
Hibernate: 
    select
        nextval ('hibernate_sequence')
Hibernate: 
    select
        nextval ('hibernate_sequence')
Hibernate: 
    select
        nextval ('hibernate_sequence')
Hibernate: 
    select
        nextval ('hibernate_sequence')
Hibernate: 
    select
        nextval ('hibernate_sequence')
Hibernate: 
    select
        nextval ('hibernate_sequence')
Hibernate: 
    select
        nextval ('hibernate_sequence')
Hibernate: 
    select
        nextval ('hibernate_sequence')
Hibernate: 
    select
        nextval ('hibernate_sequence')
Hibernate: 
    select
        nextval ('hibernate_sequence')
Hibernate: 
    select
        nextval ('hibernate_sequence')
Hibernate: 
    select
        nextval ('hibernate_sequence')
Hibernate: 
    select
        nextval ('hibernate_sequence')
Hibernate: 
    select
        nextval ('hibernate_sequence')
Hibernate: 
    select
        nextval ('hibernate_sequence')
Hibernate: 
    select
        nextval ('hibernate_sequence')
Hibernate: 
    select
        nextval ('hibernate_sequence')
Hibernate: 
    select
        nextval ('hibernate_sequence')
Hibernate: 
    select
        nextval ('hibernate_sequence')
Hibernate: 
    select
        nextval ('hibernate_sequence')
Hibernate: 
    select
        nextval ('hibernate_sequence')
Hibernate: 
    select
        nextval ('hibernate_sequence')
Hibernate: 
    select
        nextval ('hibernate_sequence')
Hibernate: 
    select
        nextval ('hibernate_sequence')
Hibernate: 
    select
        nextval ('hibernate_sequence')
Hibernate: 
    select
        nextval ('hibernate_sequence')
Hibernate: 
    select
        nextval ('hibernate_sequence')
Hibernate: 
    select
        nextval ('hibernate_sequence')
Hibernate: 
    select
        nextval ('hibernate_sequence')
Hibernate: 
    select
        nextval ('hibernate_sequence')
Hibernate: 
    select
        nextval ('hibernate_sequence')
Hibernate: 
    select
        nextval ('hibernate_sequence')
Hibernate: 
    select
        nextval ('hibernate_sequence')
Hibernate: 
    select
        nextval ('hibernate_sequence')
Hibernate: 
    select
        nextval ('hibernate_sequence')
Hibernate: 
    select
        nextval ('hibernate_sequence')
Hibernate: 
    select
        nextval ('hibernate_sequence')
Hibernate: 
    select
        nextval ('hibernate_sequence')
Hibernate: 
    select
        nextval ('hibernate_sequence')
Hibernate: 
    select
        nextval ('hibernate_sequence')
Hibernate: 
    select
        nextval ('hibernate_sequence')
Hibernate: 
    select
        nextval ('hibernate_sequence')
Hibernate: 
    select
        nextval ('hibernate_sequence')
Hibernate: 
    select
        nextval ('hibernate_sequence')
Hibernate: 
    select
        nextval ('hibernate_sequence')
Hibernate: 
    select
        nextval ('hibernate_sequence')
Hibernate: 
    select
        nextval ('hibernate_sequence')
Hibernate: 
    select
        nextval ('hibernate_sequence')
Hibernate: 
    select
        nextval ('hibernate_sequence')
Hibernate: 
    select
        nextval ('hibernate_sequence')
Hibernate: 
    select
        nextval ('hibernate_sequence')
Hibernate: 
    select
        nextval ('hibernate_sequence')
Hibernate: 
    select
        nextval ('hibernate_sequence')
Hibernate: 
    select
        nextval ('hibernate_sequence')
Hibernate: 
    select
        nextval ('hibernate_sequence')
Hibernate: 
    select
        nextval ('hibernate_sequence')
Hibernate: 
    select
        nextval ('hibernate_sequence')
Hibernate: 
    select
        nextval ('hibernate_sequence')
Hibernate: 
    select
        nextval ('hibernate_sequence')
Hibernate: 
    select
        nextval ('hibernate_sequence')
Hibernate: 
    select
        nextval ('hibernate_sequence')
Hibernate: 
    select
        nextval ('hibernate_sequence')
Hibernate: 
    select
        nextval ('hibernate_sequence')
Hibernate: 
    select
        nextval ('hibernate_sequence')
Hibernate: 
    select
        nextval ('hibernate_sequence')
Hibernate: 
    select
        nextval ('hibernate_sequence')
Hibernate: 
    select
        nextval ('hibernate_sequence')
Hibernate: 
    select
        nextval ('hibernate_sequence')
Hibernate: 
    select
        nextval ('hibernate_sequence')
Hibernate: 
    select
        nextval ('hibernate_sequence')
Hibernate: 
    select
        nextval ('hibernate_sequence')
Hibernate: 
    select
        nextval ('hibernate_sequence')
Hibernate: 
    select
        nextval ('hibernate_sequence')
Hibernate: 
    select
        nextval ('hibernate_sequence')
Hibernate: 
    select
        nextval ('hibernate_sequence')
Hibernate: 
    select
        nextval ('hibernate_sequence')
Hibernate: 
    select
        nextval ('hibernate_sequence')
Hibernate: 
    select
        nextval ('hibernate_sequence')
Hibernate: 
    select
        nextval ('hibernate_sequence')
Hibernate: 
    select
        nextval ('hibernate_sequence')
Hibernate: 
    select
        nextval ('hibernate_sequence')
Hibernate: 
    select
        nextval ('hibernate_sequence')
Hibernate: 
    select
        nextval ('hibernate_sequence')
Hibernate: 
    select
        nextval ('hibernate_sequence')
Hibernate: 
    select
        nextval ('hibernate_sequence')
Hibernate: 
    select
        nextval ('hibernate_sequence')
Hibernate: 
    select
        nextval ('hibernate_sequence')
Hibernate: 
    select
        nextval ('hibernate_sequence')
Hibernate: 
    select
        nextval ('hibernate_sequence')
Hibernate: 
    select
        nextval ('hibernate_sequence')
Hibernate: 
    select
        nextval ('hibernate_sequence')
Hibernate: 
    select
        nextval ('hibernate_sequence')
Hibernate: 
    select
        nextval ('hibernate_sequence')
Hibernate: 
    select
        nextval ('hibernate_sequence')
Hibernate: 
    select
        nextval ('hibernate_sequence')
Hibernate: 
    select
        nextval ('hibernate_sequence')
Hibernate: 
    select
        nextval ('hibernate_sequence')
Hibernate: 
    select
        nextval ('hibernate_sequence')
Hibernate: 
    select
        nextval ('hibernate_sequence')
Hibernate: 
    select
        nextval ('hibernate_sequence')
Hibernate: 
    select
        nextval ('hibernate_sequence')
Hibernate: 
    select
        nextval ('hibernate_sequence')
Hibernate: 
    select
        nextval ('hibernate_sequence')
Hibernate: 
    select
        nextval ('hibernate_sequence')
Hibernate: 
    select
        nextval ('hibernate_sequence')
Hibernate: 
    select
        nextval ('hibernate_sequence')
Hibernate: 
    select
        nextval ('hibernate_sequence')
Hibernate: 
    select
        nextval ('hibernate_sequence')
Hibernate: 
    select
        nextval ('hibernate_sequence')
Hibernate: 
    select
        nextval ('hibernate_sequence')
Hibernate: 
    select
        nextval ('hibernate_sequence')
Hibernate: 
    select
        nextval ('hibernate_sequence')
Hibernate: 
    select
        nextval ('hibernate_sequence')
Hibernate: 
    select
        nextval ('hibernate_sequence')
Hibernate: 
    select
        nextval ('hibernate_sequence')
Hibernate: 
    select
        nextval ('hibernate_sequence')
Hibernate: 
    select
        nextval ('hibernate_sequence')
Hibernate: 
    select
        nextval ('hibernate_sequence')
Hibernate: 
    select
        nextval ('hibernate_sequence')
Hibernate: 
    select
        nextval ('hibernate_sequence')
Hibernate: 
    select
        nextval ('hibernate_sequence')
Hibernate: 
    select
        nextval ('hibernate_sequence')
Hibernate: 
    select
        nextval ('hibernate_sequence')
Hibernate: 
    select
        nextval ('hibernate_sequence')
Hibernate: 
    select
        nextval ('hibernate_sequence')
Hibernate: 
    select
        nextval ('hibernate_sequence')
Hibernate: 
    select
        nextval ('hibernate_sequence')
Hibernate: 
    select
        nextval ('hibernate_sequence')
Hibernate: 
    select
        nextval ('hibernate_sequence')
Hibernate: 
    select
        nextval ('hibernate_sequence')
Hibernate: 
    select
        nextval ('hibernate_sequence')
Hibernate: 
    select
        nextval ('hibernate_sequence')
Hibernate: 
    select
        nextval ('hibernate_sequence')
Hibernate: 
    select
        nextval ('hibernate_sequence')
Hibernate: 
    select
        nextval ('hibernate_sequence')
Hibernate: 
    select
        nextval ('hibernate_sequence')
Hibernate: 
    select
        nextval ('hibernate_sequence')
Hibernate: 
    select
        nextval ('hibernate_sequence')
Hibernate: 
    select
        nextval ('hibernate_sequence')
Hibernate: 
    select
        nextval ('hibernate_sequence')
Hibernate: 
    select
        nextval ('hibernate_sequence')
Hibernate: 
    select
        nextval ('hibernate_sequence')
Hibernate: 
    select
        nextval ('hibernate_sequence')
Hibernate: 
    select
        nextval ('hibernate_sequence')
Hibernate: 
    select
        nextval ('hibernate_sequence')
Hibernate: 
    select
        nextval ('hibernate_sequence')
Hibernate: 
    select
        nextval ('hibernate_sequence')
Hibernate: 
    select
        nextval ('hibernate_sequence')
Hibernate: 
    select
        nextval ('hibernate_sequence')
Hibernate: 
    select
        nextval ('hibernate_sequence')
Hibernate: 
    select
        nextval ('hibernate_sequence')
Hibernate: 
    select
        nextval ('hibernate_sequence')
Hibernate: 
    select
        nextval ('hibernate_sequence')
Hibernate: 
    select
        nextval ('hibernate_sequence')
Hibernate: 
    select
        nextval ('hibernate_sequence')
Hibernate: 
    select
        nextval ('hibernate_sequence')
Hibernate: 
    select
        nextval ('hibernate_sequence')
Hibernate: 
    select
        nextval ('hibernate_sequence')
Hibernate: 
    select
        nextval ('hibernate_sequence')
Hibernate: 
    select
        nextval ('hibernate_sequence')
Hibernate: 
    select
        nextval ('hibernate_sequence')
Hibernate: 
    select
        nextval ('hibernate_sequence')
Hibernate: 
    select
        nextval ('hibernate_sequence')
Hibernate: 
    select
        nextval ('hibernate_sequence')
Hibernate: 
    select
        nextval ('hibernate_sequence')
Hibernate: 
    select
        nextval ('hibernate_sequence')
Hibernate: 
    select
        nextval ('hibernate_sequence')
Hibernate: 
    select
        nextval ('hibernate_sequence')
Hibernate: 
    select
        nextval ('hibernate_sequence')
Hibernate: 
    select
        nextval ('hibernate_sequence')
Hibernate: 
    select
        nextval ('hibernate_sequence')
Hibernate: 
    select
        nextval ('hibernate_sequence')
Hibernate: 
    select
        nextval ('hibernate_sequence')
Hibernate: 
    select
        nextval ('hibernate_sequence')
Hibernate: 
    select
        nextval ('hibernate_sequence')
Hibernate: 
    select
        nextval ('hibernate_sequence')
Hibernate: 
    select
        nextval ('hibernate_sequence')
Hibernate: 
    select
        nextval ('hibernate_sequence')
Hibernate: 
    select
        nextval ('hibernate_sequence')
Hibernate: 
    select
        nextval ('hibernate_sequence')
Hibernate: 
    select
        nextval ('hibernate_sequence')
Hibernate: 
    select
        nextval ('hibernate_sequence')
Hibernate: 
    select
        nextval ('hibernate_sequence')
Hibernate: 
    select
        nextval ('hibernate_sequence')
Hibernate: 
    select
        nextval ('hibernate_sequence')
Hibernate: 
    select
        nextval ('hibernate_sequence')
Hibernate: 
    select
        nextval ('hibernate_sequence')
Hibernate: 
    select
        nextval ('hibernate_sequence')
Hibernate: 
    select
        nextval ('hibernate_sequence')
Hibernate: 
    select
        nextval ('hibernate_sequence')
Hibernate: 
    select
        nextval ('hibernate_sequence')
Hibernate: 
    select
        nextval ('hibernate_sequence')
Hibernate: 
    select
        nextval ('hibernate_sequence')
Hibernate: 
    select
        nextval ('hibernate_sequence')
Hibernate: 
    select
        nextval ('hibernate_sequence')
Hibernate: 
    select
        nextval ('hibernate_sequence')
Hibernate: 
    select
        nextval ('hibernate_sequence')
Hibernate: 
    select
        nextval ('hibernate_sequence')
Hibernate: 
    select
        nextval ('hibernate_sequence')
Hibernate: 
    select
        nextval ('hibernate_sequence')
Hibernate: 
    select
        nextval ('hibernate_sequence')
Hibernate: 
    select
        nextval ('hibernate_sequence')
Hibernate: 
    select
        nextval ('hibernate_sequence')
Hibernate: 
    select
        nextval ('hibernate_sequence')
Hibernate: 
    select
        nextval ('hibernate_sequence')
Hibernate: 
    select
        nextval ('hibernate_sequence')
Hibernate: 
    select
        nextval ('hibernate_sequence')
Hibernate: 
    select
        nextval ('hibernate_sequence')
Hibernate: 
    select
        nextval ('hibernate_sequence')
Hibernate: 
    select
        nextval ('hibernate_sequence')
Hibernate: 
    select
        nextval ('hibernate_sequence')
Hibernate: 
    select
        nextval ('hibernate_sequence')
Hibernate: 
    select
        nextval ('hibernate_sequence')
Hibernate: 
    select
        nextval ('hibernate_sequence')
Hibernate: 
    select
        nextval ('hibernate_sequence')
Hibernate: 
    select
        nextval ('hibernate_sequence')
Hibernate: 
    select
        nextval ('hibernate_sequence')
Hibernate: 
    select
        nextval ('hibernate_sequence')
Hibernate: 
    select
        nextval ('hibernate_sequence')
Hibernate: 
    select
        nextval ('hibernate_sequence')
Hibernate: 
    select
        nextval ('hibernate_sequence')
Hibernate: 
    select
        nextval ('hibernate_sequence')
Hibernate: 
    select
        nextval ('hibernate_sequence')
Hibernate: 
    select
        nextval ('hibernate_sequence')
Hibernate: 
    select
        nextval ('hibernate_sequence')
Hibernate: 
    select
        nextval ('hibernate_sequence')
Hibernate: 
    select
        nextval ('hibernate_sequence')
Hibernate: 
    select
        nextval ('hibernate_sequence')
Hibernate: 
    select
        nextval ('hibernate_sequence')
Hibernate: 
    select
        nextval ('hibernate_sequence')
Hibernate: 
    select
        nextval ('hibernate_sequence')
Hibernate: 
    select
        nextval ('hibernate_sequence')
Hibernate: 
    select
        nextval ('hibernate_sequence')
Hibernate: 
    select
        nextval ('hibernate_sequence')
Hibernate: 
    select
        nextval ('hibernate_sequence')
Hibernate: 
    select
        nextval ('hibernate_sequence')
Hibernate: 
    select
        nextval ('hibernate_sequence')
Hibernate: 
    select
        nextval ('hibernate_sequence')
Hibernate: 
    select
        nextval ('hibernate_sequence')
Hibernate: 
    select
        nextval ('hibernate_sequence')
Hibernate: 
    select
        nextval ('hibernate_sequence')
Hibernate: 
    select
        nextval ('hibernate_sequence')
Hibernate: 
    select
        nextval ('hibernate_sequence')
Hibernate: 
    select
        nextval ('hibernate_sequence')
Hibernate: 
    select
        nextval ('hibernate_sequence')
Hibernate: 
    select
        nextval ('hibernate_sequence')
Hibernate: 
    select
        nextval ('hibernate_sequence')
Hibernate: 
    select
        nextval ('hibernate_sequence')
Hibernate: 
    select
        nextval ('hibernate_sequence')
Hibernate: 
    select
        nextval ('hibernate_sequence')
Hibernate: 
    select
        nextval ('hibernate_sequence')
Hibernate: 
    select
        nextval ('hibernate_sequence')
Hibernate: 
    select
        nextval ('hibernate_sequence')
Hibernate: 
    select
        nextval ('hibernate_sequence')
Hibernate: 
    select
        nextval ('hibernate_sequence')
Hibernate: 
    select
        nextval ('hibernate_sequence')
Hibernate: 
    select
        nextval ('hibernate_sequence')
Hibernate: 
    select
        nextval ('hibernate_sequence')
Hibernate: 
    select
        nextval ('hibernate_sequence')
Hibernate: 
    select
        nextval ('hibernate_sequence')
Hibernate: 
    select
        nextval ('hibernate_sequence')
Hibernate: 
    select
        nextval ('hibernate_sequence')
Hibernate: 
    select
        nextval ('hibernate_sequence')
Hibernate: 
    select
        nextval ('hibernate_sequence')
Hibernate: 
    select
        nextval ('hibernate_sequence')
Hibernate: 
    select
        nextval ('hibernate_sequence')
Hibernate: 
    select
        nextval ('hibernate_sequence')
Hibernate: 
    select
        nextval ('hibernate_sequence')
Hibernate: 
    select
        nextval ('hibernate_sequence')
Hibernate: 
    select
        nextval ('hibernate_sequence')
Hibernate: 
    select
        nextval ('hibernate_sequence')
Hibernate: 
    select
        nextval ('hibernate_sequence')
Hibernate: 
    select
        nextval ('hibernate_sequence')
Hibernate: 
    select
        nextval ('hibernate_sequence')
Hibernate: 
    select
        nextval ('hibernate_sequence')
Hibernate: 
    select
        nextval ('hibernate_sequence')
Hibernate: 
    select
        nextval ('hibernate_sequence')
Hibernate: 
    select
        nextval ('hibernate_sequence')
Hibernate: 
    select
        nextval ('hibernate_sequence')
Hibernate: 
    select
        nextval ('hibernate_sequence')
Hibernate: 
    select
        nextval ('hibernate_sequence')
Hibernate: 
    select
        nextval ('hibernate_sequence')
Hibernate: 
    select
        nextval ('hibernate_sequence')
Hibernate: 
    select
        nextval ('hibernate_sequence')
Hibernate: 
    select
        nextval ('hibernate_sequence')
Hibernate: 
    select
        nextval ('hibernate_sequence')
Hibernate: 
    select
        nextval ('hibernate_sequence')
Hibernate: 
    select
        nextval ('hibernate_sequence')
Hibernate: 
    select
        nextval ('hibernate_sequence')
Hibernate: 
    select
        nextval ('hibernate_sequence')
Hibernate: 
    select
        nextval ('hibernate_sequence')
Hibernate: 
    select
        nextval ('hibernate_sequence')
Hibernate: 
    select
        nextval ('hibernate_sequence')
Hibernate: 
    select
        nextval ('hibernate_sequence')
Hibernate: 
    select
        nextval ('hibernate_sequence')
Hibernate: 
    select
        nextval ('hibernate_sequence')
Hibernate: 
    select
        nextval ('hibernate_sequence')
Hibernate: 
    select
        nextval ('hibernate_sequence')
Hibernate: 
    select
        nextval ('hibernate_sequence')
Hibernate: 
    select
        nextval ('hibernate_sequence')
Hibernate: 
    select
        nextval ('hibernate_sequence')
Hibernate: 
    select
        nextval ('hibernate_sequence')
Hibernate: 
    select
        nextval ('hibernate_sequence')
Hibernate: 
    select
        nextval ('hibernate_sequence')
Hibernate: 
    select
        nextval ('hibernate_sequence')
Hibernate: 
    select
        nextval ('hibernate_sequence')
Hibernate: 
    select
        nextval ('hibernate_sequence')
Hibernate: 
    select
        nextval ('hibernate_sequence')
Hibernate: 
    select
        nextval ('hibernate_sequence')
Hibernate: 
    select
        nextval ('hibernate_sequence')
Hibernate: 
    select
        nextval ('hibernate_sequence')
Hibernate: 
    select
        nextval ('hibernate_sequence')
Hibernate: 
    select
        nextval ('hibernate_sequence')
Hibernate: 
    select
        nextval ('hibernate_sequence')
Hibernate: 
    select
        nextval ('hibernate_sequence')
Hibernate: 
    select
        nextval ('hibernate_sequence')
Hibernate: 
    select
        nextval ('hibernate_sequence')
Hibernate: 
    select
        nextval ('hibernate_sequence')
Hibernate: 
    select
        nextval ('hibernate_sequence')
Hibernate: 
    select
        nextval ('hibernate_sequence')
Hibernate: 
    select
        nextval ('hibernate_sequence')
Hibernate: 
    select
        nextval ('hibernate_sequence')
Hibernate: 
    select
        nextval ('hibernate_sequence')
Hibernate: 
    select
        nextval ('hibernate_sequence')
Hibernate: 
    select
        nextval ('hibernate_sequence')
Hibernate: 
    select
        nextval ('hibernate_sequence')
Hibernate: 
    select
        nextval ('hibernate_sequence')
Hibernate: 
    select
        nextval ('hibernate_sequence')
Hibernate: 
    select
        nextval ('hibernate_sequence')
Hibernate: 
    select
        nextval ('hibernate_sequence')
Hibernate: 
    select
        nextval ('hibernate_sequence')
Hibernate: 
    select
        count(*) as col_0_0_ 
    from
        region region0_
Hibernate: 
    select
        nextval ('hibernate_sequence')
Hibernate: 
    select
        nextval ('hibernate_sequence')
Hibernate: 
    select
        nextval ('hibernate_sequence')
Hibernate: 
    select
        nextval ('hibernate_sequence')
Hibernate: 
    select
        nextval ('hibernate_sequence')
Hibernate: 
    select
        nextval ('hibernate_sequence')
Hibernate: 
    select
        nextval ('hibernate_sequence')
Hibernate: 
    select
        nextval ('hibernate_sequence')
Hibernate: 
    select
        nextval ('hibernate_sequence')
Hibernate: 
    select
        nextval ('hibernate_sequence')
Hibernate: 
    insert 
    into
        medicine
        (medicine_name, medicine_id) 
    values
        (?, ?)
Hibernate: 
    insert 
    into
        medicine
        (medicine_name, medicine_id) 
    values
        (?, ?)
Hibernate: 
    insert 
    into
        medicine
        (medicine_name, medicine_id) 
    values
        (?, ?)
Hibernate: 
    insert 
    into
        medicine
        (medicine_name, medicine_id) 
    values
        (?, ?)
Hibernate: 
    insert 
    into
        medicine
        (medicine_name, medicine_id) 
    values
        (?, ?)
Hibernate: 
    insert 
    into
        medicine
        (medicine_name, medicine_id) 
    values
        (?, ?)
Hibernate: 
    insert 
    into
        medicine
        (medicine_name, medicine_id) 
    values
        (?, ?)
Hibernate: 
    insert 
    into
        medicine
        (medicine_name, medicine_id) 
    values
        (?, ?)
Hibernate: 
    insert 
    into
        medicine
        (medicine_name, medicine_id) 
    values
        (?, ?)
Hibernate: 
    insert 
    into
        medicine
        (medicine_name, medicine_id) 
    values
        (?, ?)
Hibernate: 
    insert 
    into
        medicine
        (medicine_name, medicine_id) 
    values
        (?, ?)
Hibernate: 
    insert 
    into
        medicine
        (medicine_name, medicine_id) 
    values
        (?, ?)
Hibernate: 
    insert 
    into
        medicine
        (medicine_name, medicine_id) 
    values
        (?, ?)
Hibernate: 
    insert 
    into
        medicine
        (medicine_name, medicine_id) 
    values
        (?, ?)
Hibernate: 
    insert 
    into
        medicine
        (medicine_name, medicine_id) 
    values
        (?, ?)
Hibernate: 
    insert 
    into
        medicine
        (medicine_name, medicine_id) 
    values
        (?, ?)
Hibernate: 
    insert 
    into
        medicine
        (medicine_name, medicine_id) 
    values
        (?, ?)
Hibernate: 
    insert 
    into
        medicine
        (medicine_name, medicine_id) 
    values
        (?, ?)
Hibernate: 
    insert 
    into
        medicine
        (medicine_name, medicine_id) 
    values
        (?, ?)
Hibernate: 
    insert 
    into
        medicine
        (medicine_name, medicine_id) 
    values
        (?, ?)
Hibernate: 
    insert 
    into
        medicine
        (medicine_name, medicine_id) 
    values
        (?, ?)
Hibernate: 
    insert 
    into
        medicine
        (medicine_name, medicine_id) 
    values
        (?, ?)
Hibernate: 
    insert 
    into
        medicine
        (medicine_name, medicine_id) 
    values
        (?, ?)
Hibernate: 
    insert 
    into
        medicine
        (medicine_name, medicine_id) 
    values
        (?, ?)
Hibernate: 
    insert 
    into
        medicine
        (medicine_name, medicine_id) 
    values
        (?, ?)
Hibernate: 
    insert 
    into
        medicine
        (medicine_name, medicine_id) 
    values
        (?, ?)
Hibernate: 
    insert 
    into
        medicine
        (medicine_name, medicine_id) 
    values
        (?, ?)
Hibernate: 
    insert 
    into
        medicine
        (medicine_name, medicine_id) 
    values
        (?, ?)
Hibernate: 
    insert 
    into
        medicine
        (medicine_name, medicine_id) 
    values
        (?, ?)
Hibernate: 
    insert 
    into
        medicine
        (medicine_name, medicine_id) 
    values
        (?, ?)
Hibernate: 
    insert 
    into
        medicine
        (medicine_name, medicine_id) 
    values
        (?, ?)
Hibernate: 
    insert 
    into
        medicine
        (medicine_name, medicine_id) 
    values
        (?, ?)
Hibernate: 
    insert 
    into
        medicine
        (medicine_name, medicine_id) 
    values
        (?, ?)
Hibernate: 
    insert 
    into
        medicine
        (medicine_name, medicine_id) 
    values
        (?, ?)
Hibernate: 
    insert 
    into
        medicine
        (medicine_name, medicine_id) 
    values
        (?, ?)
Hibernate: 
    insert 
    into
        medicine
        (medicine_name, medicine_id) 
    values
        (?, ?)
Hibernate: 
    insert 
    into
        medicine
        (medicine_name, medicine_id) 
    values
        (?, ?)
Hibernate: 
    insert 
    into
        medicine
        (medicine_name, medicine_id) 
    values
        (?, ?)
Hibernate: 
    insert 
    into
        medicine
        (medicine_name, medicine_id) 
    values
        (?, ?)
Hibernate: 
    insert 
    into
        medicine
        (medicine_name, medicine_id) 
    values
        (?, ?)
Hibernate: 
    insert 
    into
        medicine
        (medicine_name, medicine_id) 
    values
        (?, ?)
Hibernate: 
    insert 
    into
        medicine
        (medicine_name, medicine_id) 
    values
        (?, ?)
Hibernate: 
    insert 
    into
        medicine
        (medicine_name, medicine_id) 
    values
        (?, ?)
Hibernate: 
    insert 
    into
        medicine
        (medicine_name, medicine_id) 
    values
        (?, ?)
Hibernate: 
    insert 
    into
        medicine
        (medicine_name, medicine_id) 
    values
        (?, ?)
Hibernate: 
    insert 
    into
        medicine
        (medicine_name, medicine_id) 
    values
        (?, ?)
Hibernate: 
    insert 
    into
        medicine
        (medicine_name, medicine_id) 
    values
        (?, ?)
Hibernate: 
    insert 
    into
        medicine
        (medicine_name, medicine_id) 
    values
        (?, ?)
Hibernate: 
    insert 
    into
        medicine
        (medicine_name, medicine_id) 
    values
        (?, ?)
Hibernate: 
    insert 
    into
        medicine
        (medicine_name, medicine_id) 
    values
        (?, ?)
Hibernate: 
    insert 
    into
        medicine
        (medicine_name, medicine_id) 
    values
        (?, ?)
Hibernate: 
    insert 
    into
        medicine
        (medicine_name, medicine_id) 
    values
        (?, ?)
Hibernate: 
    insert 
    into
        medicine
        (medicine_name, medicine_id) 
    values
        (?, ?)
Hibernate: 
    insert 
    into
        medicine
        (medicine_name, medicine_id) 
    values
        (?, ?)
Hibernate: 
    insert 
    into
        medicine
        (medicine_name, medicine_id) 
    values
        (?, ?)
Hibernate: 
    insert 
    into
        medicine
        (medicine_name, medicine_id) 
    values
        (?, ?)
Hibernate: 
    insert 
    into
        medicine
        (medicine_name, medicine_id) 
    values
        (?, ?)
Hibernate: 
    insert 
    into
        medicine
        (medicine_name, medicine_id) 
    values
        (?, ?)
Hibernate: 
    insert 
    into
        medicine
        (medicine_name, medicine_id) 
    values
        (?, ?)
Hibernate: 
    insert 
    into
        medicine
        (medicine_name, medicine_id) 
    values
        (?, ?)
Hibernate: 
    insert 
    into
        medicine
        (medicine_name, medicine_id) 
    values
        (?, ?)
Hibernate: 
    insert 
    into
        medicine
        (medicine_name, medicine_id) 
    values
        (?, ?)
Hibernate: 
    insert 
    into
        medicine
        (medicine_name, medicine_id) 
    values
        (?, ?)
Hibernate: 
    insert 
    into
        medicine
        (medicine_name, medicine_id) 
    values
        (?, ?)
Hibernate: 
    insert 
    into
        medicine
        (medicine_name, medicine_id) 
    values
        (?, ?)
Hibernate: 
    insert 
    into
        medicine
        (medicine_name, medicine_id) 
    values
        (?, ?)
Hibernate: 
    insert 
    into
        medicine
        (medicine_name, medicine_id) 
    values
        (?, ?)
Hibernate: 
    insert 
    into
        medicine
        (medicine_name, medicine_id) 
    values
        (?, ?)
Hibernate: 
    insert 
    into
        medicine
        (medicine_name, medicine_id) 
    values
        (?, ?)
Hibernate: 
    insert 
    into
        medicine
        (medicine_name, medicine_id) 
    values
        (?, ?)
Hibernate: 
    insert 
    into
        medicine
        (medicine_name, medicine_id) 
    values
        (?, ?)
Hibernate: 
    insert 
    into
        medicine
        (medicine_name, medicine_id) 
    values
        (?, ?)
Hibernate: 
    insert 
    into
        medicine
        (medicine_name, medicine_id) 
    values
        (?, ?)
Hibernate: 
    insert 
    into
        medicine
        (medicine_name, medicine_id) 
    values
        (?, ?)
Hibernate: 
    insert 
    into
        medicine
        (medicine_name, medicine_id) 
    values
        (?, ?)
Hibernate: 
    insert 
    into
        medicine
        (medicine_name, medicine_id) 
    values
        (?, ?)
Hibernate: 
    insert 
    into
        medicine
        (medicine_name, medicine_id) 
    values
        (?, ?)
Hibernate: 
    insert 
    into
        medicine
        (medicine_name, medicine_id) 
    values
        (?, ?)
Hibernate: 
    insert 
    into
        medicine
        (medicine_name, medicine_id) 
    values
        (?, ?)
Hibernate: 
    insert 
    into
        medicine
        (medicine_name, medicine_id) 
    values
        (?, ?)
Hibernate: 
    insert 
    into
        medicine
        (medicine_name, medicine_id) 
    values
        (?, ?)
Hibernate: 
    insert 
    into
        medicine
        (medicine_name, medicine_id) 
    values
        (?, ?)
Hibernate: 
    insert 
    into
        medicine
        (medicine_name, medicine_id) 
    values
        (?, ?)
Hibernate: 
    insert 
    into
        medicine
        (medicine_name, medicine_id) 
    values
        (?, ?)
Hibernate: 
    insert 
    into
        medicine
        (medicine_name, medicine_id) 
    values
        (?, ?)
Hibernate: 
    insert 
    into
        medicine
        (medicine_name, medicine_id) 
    values
        (?, ?)
Hibernate: 
    insert 
    into
        medicine
        (medicine_name, medicine_id) 
    values
        (?, ?)
Hibernate: 
    insert 
    into
        medicine
        (medicine_name, medicine_id) 
    values
        (?, ?)
Hibernate: 
    insert 
    into
        medicine
        (medicine_name, medicine_id) 
    values
        (?, ?)
Hibernate: 
    insert 
    into
        medicine
        (medicine_name, medicine_id) 
    values
        (?, ?)
Hibernate: 
    insert 
    into
        medicine
        (medicine_name, medicine_id) 
    values
        (?, ?)
Hibernate: 
    insert 
    into
        medicine
        (medicine_name, medicine_id) 
    values
        (?, ?)
Hibernate: 
    insert 
    into
        medicine
        (medicine_name, medicine_id) 
    values
        (?, ?)
Hibernate: 
    insert 
    into
        medicine
        (medicine_name, medicine_id) 
    values
        (?, ?)
Hibernate: 
    insert 
    into
        medicine
        (medicine_name, medicine_id) 
    values
        (?, ?)
Hibernate: 
    insert 
    into
        medicine
        (medicine_name, medicine_id) 
    values
        (?, ?)
Hibernate: 
    insert 
    into
        medicine
        (medicine_name, medicine_id) 
    values
        (?, ?)
Hibernate: 
    insert 
    into
        medicine
        (medicine_name, medicine_id) 
    values
        (?, ?)
Hibernate: 
    insert 
    into
        medicine
        (medicine_name, medicine_id) 
    values
        (?, ?)
Hibernate: 
    insert 
    into
        medicine
        (medicine_name, medicine_id) 
    values
        (?, ?)
Hibernate: 
    insert 
    into
        medicine
        (medicine_name, medicine_id) 
    values
        (?, ?)
Hibernate: 
    insert 
    into
        medicine
        (medicine_name, medicine_id) 
    values
        (?, ?)
Hibernate: 
    insert 
    into
        medicine
        (medicine_name, medicine_id) 
    values
        (?, ?)
Hibernate: 
    insert 
    into
        medicine
        (medicine_name, medicine_id) 
    values
        (?, ?)
Hibernate: 
    insert 
    into
        medicine
        (medicine_name, medicine_id) 
    values
        (?, ?)
Hibernate: 
    insert 
    into
        medicine
        (medicine_name, medicine_id) 
    values
        (?, ?)
Hibernate: 
    insert 
    into
        medicine
        (medicine_name, medicine_id) 
    values
        (?, ?)
Hibernate: 
    insert 
    into
        medicine
        (medicine_name, medicine_id) 
    values
        (?, ?)
Hibernate: 
    insert 
    into
        medicine
        (medicine_name, medicine_id) 
    values
        (?, ?)
Hibernate: 
    insert 
    into
        medicine
        (medicine_name, medicine_id) 
    values
        (?, ?)
Hibernate: 
    insert 
    into
        medicine
        (medicine_name, medicine_id) 
    values
        (?, ?)
Hibernate: 
    insert 
    into
        medicine
        (medicine_name, medicine_id) 
    values
        (?, ?)
Hibernate: 
    insert 
    into
        medicine
        (medicine_name, medicine_id) 
    values
        (?, ?)
Hibernate: 
    insert 
    into
        medicine
        (medicine_name, medicine_id) 
    values
        (?, ?)
Hibernate: 
    insert 
    into
        medicine
        (medicine_name, medicine_id) 
    values
        (?, ?)
Hibernate: 
    insert 
    into
        medicine
        (medicine_name, medicine_id) 
    values
        (?, ?)
Hibernate: 
    insert 
    into
        medicine
        (medicine_name, medicine_id) 
    values
        (?, ?)
Hibernate: 
    insert 
    into
        medicine
        (medicine_name, medicine_id) 
    values
        (?, ?)
Hibernate: 
    insert 
    into
        medicine
        (medicine_name, medicine_id) 
    values
        (?, ?)
Hibernate: 
    insert 
    into
        medicine
        (medicine_name, medicine_id) 
    values
        (?, ?)
Hibernate: 
    insert 
    into
        medicine
        (medicine_name, medicine_id) 
    values
        (?, ?)
Hibernate: 
    insert 
    into
        medicine
        (medicine_name, medicine_id) 
    values
        (?, ?)
Hibernate: 
    insert 
    into
        medicine
        (medicine_name, medicine_id) 
    values
        (?, ?)
Hibernate: 
    insert 
    into
        medicine
        (medicine_name, medicine_id) 
    values
        (?, ?)
Hibernate: 
    insert 
    into
        medicine
        (medicine_name, medicine_id) 
    values
        (?, ?)
Hibernate: 
    insert 
    into
        medicine
        (medicine_name, medicine_id) 
    values
        (?, ?)
Hibernate: 
    insert 
    into
        medicine
        (medicine_name, medicine_id) 
    values
        (?, ?)
Hibernate: 
    insert 
    into
        medicine
        (medicine_name, medicine_id) 
    values
        (?, ?)
Hibernate: 
    insert 
    into
        medicine
        (medicine_name, medicine_id) 
    values
        (?, ?)
Hibernate: 
    insert 
    into
        medicine
        (medicine_name, medicine_id) 
    values
        (?, ?)
Hibernate: 
    insert 
    into
        medicine
        (medicine_name, medicine_id) 
    values
        (?, ?)
Hibernate: 
    insert 
    into
        medicine
        (medicine_name, medicine_id) 
    values
        (?, ?)
Hibernate: 
    insert 
    into
        medicine
        (medicine_name, medicine_id) 
    values
        (?, ?)
Hibernate: 
    insert 
    into
        medicine
        (medicine_name, medicine_id) 
    values
        (?, ?)
Hibernate: 
    insert 
    into
        medicine
        (medicine_name, medicine_id) 
    values
        (?, ?)
Hibernate: 
    insert 
    into
        medicine
        (medicine_name, medicine_id) 
    values
        (?, ?)
Hibernate: 
    insert 
    into
        medicine
        (medicine_name, medicine_id) 
    values
        (?, ?)
Hibernate: 
    insert 
    into
        medicine
        (medicine_name, medicine_id) 
    values
        (?, ?)
Hibernate: 
    insert 
    into
        medicine
        (medicine_name, medicine_id) 
    values
        (?, ?)
Hibernate: 
    insert 
    into
        medicine
        (medicine_name, medicine_id) 
    values
        (?, ?)
Hibernate: 
    insert 
    into
        medicine
        (medicine_name, medicine_id) 
    values
        (?, ?)
Hibernate: 
    insert 
    into
        medicine
        (medicine_name, medicine_id) 
    values
        (?, ?)
Hibernate: 
    insert 
    into
        medicine
        (medicine_name, medicine_id) 
    values
        (?, ?)
Hibernate: 
    insert 
    into
        medicine
        (medicine_name, medicine_id) 
    values
        (?, ?)
Hibernate: 
    insert 
    into
        medicine
        (medicine_name, medicine_id) 
    values
        (?, ?)
Hibernate: 
    insert 
    into
        medicine
        (medicine_name, medicine_id) 
    values
        (?, ?)
Hibernate: 
    insert 
    into
        medicine
        (medicine_name, medicine_id) 
    values
        (?, ?)
Hibernate: 
    insert 
    into
        medicine
        (medicine_name, medicine_id) 
    values
        (?, ?)
Hibernate: 
    insert 
    into
        medicine
        (medicine_name, medicine_id) 
    values
        (?, ?)
Hibernate: 
    insert 
    into
        medicine
        (medicine_name, medicine_id) 
    values
        (?, ?)
Hibernate: 
    insert 
    into
        medicine
        (medicine_name, medicine_id) 
    values
        (?, ?)
Hibernate: 
    insert 
    into
        medicine
        (medicine_name, medicine_id) 
    values
        (?, ?)
Hibernate: 
    insert 
    into
        medicine
        (medicine_name, medicine_id) 
    values
        (?, ?)
Hibernate: 
    insert 
    into
        medicine
        (medicine_name, medicine_id) 
    values
        (?, ?)
Hibernate: 
    insert 
    into
        medicine
        (medicine_name, medicine_id) 
    values
        (?, ?)
Hibernate: 
    insert 
    into
        medicine
        (medicine_name, medicine_id) 
    values
        (?, ?)
Hibernate: 
    insert 
    into
        medicine
        (medicine_name, medicine_id) 
    values
        (?, ?)
Hibernate: 
    insert 
    into
        medicine
        (medicine_name, medicine_id) 
    values
        (?, ?)
Hibernate: 
    insert 
    into
        medicine
        (medicine_name, medicine_id) 
    values
        (?, ?)
Hibernate: 
    insert 
    into
        medicine
        (medicine_name, medicine_id) 
    values
        (?, ?)
Hibernate: 
    insert 
    into
        medicine
        (medicine_name, medicine_id) 
    values
        (?, ?)
Hibernate: 
    insert 
    into
        medicine
        (medicine_name, medicine_id) 
    values
        (?, ?)
Hibernate: 
    insert 
    into
        medicine
        (medicine_name, medicine_id) 
    values
        (?, ?)
Hibernate: 
    insert 
    into
        medicine
        (medicine_name, medicine_id) 
    values
        (?, ?)
Hibernate: 
    insert 
    into
        medicine
        (medicine_name, medicine_id) 
    values
        (?, ?)
Hibernate: 
    insert 
    into
        medicine
        (medicine_name, medicine_id) 
    values
        (?, ?)
Hibernate: 
    insert 
    into
        medicine
        (medicine_name, medicine_id) 
    values
        (?, ?)
Hibernate: 
    insert 
    into
        medicine
        (medicine_name, medicine_id) 
    values
        (?, ?)
Hibernate: 
    insert 
    into
        medicine
        (medicine_name, medicine_id) 
    values
        (?, ?)
Hibernate: 
    insert 
    into
        medicine
        (medicine_name, medicine_id) 
    values
        (?, ?)
Hibernate: 
    insert 
    into
        medicine
        (medicine_name, medicine_id) 
    values
        (?, ?)
Hibernate: 
    insert 
    into
        medicine
        (medicine_name, medicine_id) 
    values
        (?, ?)
Hibernate: 
    insert 
    into
        medicine
        (medicine_name, medicine_id) 
    values
        (?, ?)
Hibernate: 
    insert 
    into
        medicine
        (medicine_name, medicine_id) 
    values
        (?, ?)
Hibernate: 
    insert 
    into
        medicine
        (medicine_name, medicine_id) 
    values
        (?, ?)
Hibernate: 
    insert 
    into
        medicine
        (medicine_name, medicine_id) 
    values
        (?, ?)
Hibernate: 
    insert 
    into
        medicine
        (medicine_name, medicine_id) 
    values
        (?, ?)
Hibernate: 
    insert 
    into
        medicine
        (medicine_name, medicine_id) 
    values
        (?, ?)
Hibernate: 
    insert 
    into
        medicine
        (medicine_name, medicine_id) 
    values
        (?, ?)
Hibernate: 
    insert 
    into
        medicine
        (medicine_name, medicine_id) 
    values
        (?, ?)
Hibernate: 
    insert 
    into
        medicine
        (medicine_name, medicine_id) 
    values
        (?, ?)
Hibernate: 
    insert 
    into
        medicine
        (medicine_name, medicine_id) 
    values
        (?, ?)
Hibernate: 
    insert 
    into
        medicine
        (medicine_name, medicine_id) 
    values
        (?, ?)
Hibernate: 
    insert 
    into
        medicine
        (medicine_name, medicine_id) 
    values
        (?, ?)
Hibernate: 
    insert 
    into
        medicine
        (medicine_name, medicine_id) 
    values
        (?, ?)
Hibernate: 
    insert 
    into
        medicine
        (medicine_name, medicine_id) 
    values
        (?, ?)
Hibernate: 
    insert 
    into
        medicine
        (medicine_name, medicine_id) 
    values
        (?, ?)
Hibernate: 
    insert 
    into
        medicine
        (medicine_name, medicine_id) 
    values
        (?, ?)
Hibernate: 
    insert 
    into
        medicine
        (medicine_name, medicine_id) 
    values
        (?, ?)
Hibernate: 
    insert 
    into
        medicine
        (medicine_name, medicine_id) 
    values
        (?, ?)
Hibernate: 
    insert 
    into
        medicine
        (medicine_name, medicine_id) 
    values
        (?, ?)
Hibernate: 
    insert 
    into
        medicine
        (medicine_name, medicine_id) 
    values
        (?, ?)
Hibernate: 
    insert 
    into
        medicine
        (medicine_name, medicine_id) 
    values
        (?, ?)
Hibernate: 
    insert 
    into
        medicine
        (medicine_name, medicine_id) 
    values
        (?, ?)
Hibernate: 
    insert 
    into
        medicine
        (medicine_name, medicine_id) 
    values
        (?, ?)
Hibernate: 
    insert 
    into
        medicine
        (medicine_name, medicine_id) 
    values
        (?, ?)
Hibernate: 
    insert 
    into
        medicine
        (medicine_name, medicine_id) 
    values
        (?, ?)
Hibernate: 
    insert 
    into
        medicine
        (medicine_name, medicine_id) 
    values
        (?, ?)
Hibernate: 
    insert 
    into
        medicine
        (medicine_name, medicine_id) 
    values
        (?, ?)
Hibernate: 
    insert 
    into
        medicine
        (medicine_name, medicine_id) 
    values
        (?, ?)
Hibernate: 
    insert 
    into
        medicine
        (medicine_name, medicine_id) 
    values
        (?, ?)
Hibernate: 
    insert 
    into
        medicine
        (medicine_name, medicine_id) 
    values
        (?, ?)
Hibernate: 
    insert 
    into
        medicine
        (medicine_name, medicine_id) 
    values
        (?, ?)
Hibernate: 
    insert 
    into
        medicine
        (medicine_name, medicine_id) 
    values
        (?, ?)
Hibernate: 
    insert 
    into
        medicine
        (medicine_name, medicine_id) 
    values
        (?, ?)
Hibernate: 
    insert 
    into
        medicine
        (medicine_name, medicine_id) 
    values
        (?, ?)
Hibernate: 
    insert 
    into
        medicine
        (medicine_name, medicine_id) 
    values
        (?, ?)
Hibernate: 
    insert 
    into
        medicine
        (medicine_name, medicine_id) 
    values
        (?, ?)
Hibernate: 
    insert 
    into
        medicine
        (medicine_name, medicine_id) 
    values
        (?, ?)
Hibernate: 
    insert 
    into
        medicine
        (medicine_name, medicine_id) 
    values
        (?, ?)
Hibernate: 
    insert 
    into
        medicine
        (medicine_name, medicine_id) 
    values
        (?, ?)
Hibernate: 
    insert 
    into
        medicine
        (medicine_name, medicine_id) 
    values
        (?, ?)
Hibernate: 
    insert 
    into
        medicine
        (medicine_name, medicine_id) 
    values
        (?, ?)
Hibernate: 
    insert 
    into
        medicine
        (medicine_name, medicine_id) 
    values
        (?, ?)
Hibernate: 
    insert 
    into
        medicine
        (medicine_name, medicine_id) 
    values
        (?, ?)
Hibernate: 
    insert 
    into
        medicine
        (medicine_name, medicine_id) 
    values
        (?, ?)
Hibernate: 
    insert 
    into
        medicine
        (medicine_name, medicine_id) 
    values
        (?, ?)
Hibernate: 
    insert 
    into
        medicine
        (medicine_name, medicine_id) 
    values
        (?, ?)
Hibernate: 
    insert 
    into
        medicine
        (medicine_name, medicine_id) 
    values
        (?, ?)
Hibernate: 
    insert 
    into
        medicine
        (medicine_name, medicine_id) 
    values
        (?, ?)
Hibernate: 
    insert 
    into
        medicine
        (medicine_name, medicine_id) 
    values
        (?, ?)
Hibernate: 
    insert 
    into
        medicine
        (medicine_name, medicine_id) 
    values
        (?, ?)
Hibernate: 
    insert 
    into
        medicine
        (medicine_name, medicine_id) 
    values
        (?, ?)
Hibernate: 
    insert 
    into
        medicine
        (medicine_name, medicine_id) 
    values
        (?, ?)
Hibernate: 
    insert 
    into
        medicine
        (medicine_name, medicine_id) 
    values
        (?, ?)
Hibernate: 
    insert 
    into
        medicine
        (medicine_name, medicine_id) 
    values
        (?, ?)
Hibernate: 
    insert 
    into
        medicine
        (medicine_name, medicine_id) 
    values
        (?, ?)
Hibernate: 
    insert 
    into
        medicine
        (medicine_name, medicine_id) 
    values
        (?, ?)
Hibernate: 
    insert 
    into
        medicine
        (medicine_name, medicine_id) 
    values
        (?, ?)
Hibernate: 
    insert 
    into
        medicine
        (medicine_name, medicine_id) 
    values
        (?, ?)
Hibernate: 
    insert 
    into
        medicine
        (medicine_name, medicine_id) 
    values
        (?, ?)
Hibernate: 
    insert 
    into
        medicine
        (medicine_name, medicine_id) 
    values
        (?, ?)
Hibernate: 
    insert 
    into
        medicine
        (medicine_name, medicine_id) 
    values
        (?, ?)
Hibernate: 
    insert 
    into
        medicine
        (medicine_name, medicine_id) 
    values
        (?, ?)
Hibernate: 
    insert 
    into
        medicine
        (medicine_name, medicine_id) 
    values
        (?, ?)
Hibernate: 
    insert 
    into
        medicine
        (medicine_name, medicine_id) 
    values
        (?, ?)
Hibernate: 
    insert 
    into
        medicine
        (medicine_name, medicine_id) 
    values
        (?, ?)
Hibernate: 
    insert 
    into
        medicine
        (medicine_name, medicine_id) 
    values
        (?, ?)
Hibernate: 
    insert 
    into
        medicine
        (medicine_name, medicine_id) 
    values
        (?, ?)
Hibernate: 
    insert 
    into
        medicine
        (medicine_name, medicine_id) 
    values
        (?, ?)
Hibernate: 
    insert 
    into
        medicine
        (medicine_name, medicine_id) 
    values
        (?, ?)
Hibernate: 
    insert 
    into
        medicine
        (medicine_name, medicine_id) 
    values
        (?, ?)
Hibernate: 
    insert 
    into
        medicine
        (medicine_name, medicine_id) 
    values
        (?, ?)
Hibernate: 
    insert 
    into
        medicine
        (medicine_name, medicine_id) 
    values
        (?, ?)
Hibernate: 
    insert 
    into
        medicine
        (medicine_name, medicine_id) 
    values
        (?, ?)
Hibernate: 
    insert 
    into
        medicine
        (medicine_name, medicine_id) 
    values
        (?, ?)
Hibernate: 
    insert 
    into
        medicine
        (medicine_name, medicine_id) 
    values
        (?, ?)
Hibernate: 
    insert 
    into
        medicine
        (medicine_name, medicine_id) 
    values
        (?, ?)
Hibernate: 
    insert 
    into
        medicine
        (medicine_name, medicine_id) 
    values
        (?, ?)
Hibernate: 
    insert 
    into
        medicine
        (medicine_name, medicine_id) 
    values
        (?, ?)
Hibernate: 
    insert 
    into
        medicine
        (medicine_name, medicine_id) 
    values
        (?, ?)
Hibernate: 
    insert 
    into
        medicine
        (medicine_name, medicine_id) 
    values
        (?, ?)
Hibernate: 
    insert 
    into
        medicine
        (medicine_name, medicine_id) 
    values
        (?, ?)
Hibernate: 
    insert 
    into
        medicine
        (medicine_name, medicine_id) 
    values
        (?, ?)
Hibernate: 
    insert 
    into
        medicine
        (medicine_name, medicine_id) 
    values
        (?, ?)
Hibernate: 
    insert 
    into
        medicine
        (medicine_name, medicine_id) 
    values
        (?, ?)
Hibernate: 
    insert 
    into
        medicine
        (medicine_name, medicine_id) 
    values
        (?, ?)
Hibernate: 
    insert 
    into
        medicine
        (medicine_name, medicine_id) 
    values
        (?, ?)
Hibernate: 
    insert 
    into
        medicine
        (medicine_name, medicine_id) 
    values
        (?, ?)
Hibernate: 
    insert 
    into
        medicine
        (medicine_name, medicine_id) 
    values
        (?, ?)
Hibernate: 
    insert 
    into
        medicine
        (medicine_name, medicine_id) 
    values
        (?, ?)
Hibernate: 
    insert 
    into
        medicine
        (medicine_name, medicine_id) 
    values
        (?, ?)
Hibernate: 
    insert 
    into
        medicine
        (medicine_name, medicine_id) 
    values
        (?, ?)
Hibernate: 
    insert 
    into
        medicine
        (medicine_name, medicine_id) 
    values
        (?, ?)
Hibernate: 
    insert 
    into
        medicine
        (medicine_name, medicine_id) 
    values
        (?, ?)
Hibernate: 
    insert 
    into
        medicine
        (medicine_name, medicine_id) 
    values
        (?, ?)
Hibernate: 
    insert 
    into
        medicine
        (medicine_name, medicine_id) 
    values
        (?, ?)
Hibernate: 
    insert 
    into
        medicine
        (medicine_name, medicine_id) 
    values
        (?, ?)
Hibernate: 
    insert 
    into
        medicine
        (medicine_name, medicine_id) 
    values
        (?, ?)
Hibernate: 
    insert 
    into
        medicine
        (medicine_name, medicine_id) 
    values
        (?, ?)
Hibernate: 
    insert 
    into
        medicine
        (medicine_name, medicine_id) 
    values
        (?, ?)
Hibernate: 
    insert 
    into
        medicine
        (medicine_name, medicine_id) 
    values
        (?, ?)
Hibernate: 
    insert 
    into
        medicine
        (medicine_name, medicine_id) 
    values
        (?, ?)
Hibernate: 
    insert 
    into
        medicine
        (medicine_name, medicine_id) 
    values
        (?, ?)
Hibernate: 
    insert 
    into
        medicine
        (medicine_name, medicine_id) 
    values
        (?, ?)
Hibernate: 
    insert 
    into
        medicine
        (medicine_name, medicine_id) 
    values
        (?, ?)
Hibernate: 
    insert 
    into
        medicine
        (medicine_name, medicine_id) 
    values
        (?, ?)
Hibernate: 
    insert 
    into
        medicine
        (medicine_name, medicine_id) 
    values
        (?, ?)
Hibernate: 
    insert 
    into
        medicine
        (medicine_name, medicine_id) 
    values
        (?, ?)
Hibernate: 
    insert 
    into
        medicine
        (medicine_name, medicine_id) 
    values
        (?, ?)
Hibernate: 
    insert 
    into
        medicine
        (medicine_name, medicine_id) 
    values
        (?, ?)
Hibernate: 
    insert 
    into
        medicine
        (medicine_name, medicine_id) 
    values
        (?, ?)
Hibernate: 
    insert 
    into
        medicine
        (medicine_name, medicine_id) 
    values
        (?, ?)
Hibernate: 
    insert 
    into
        medicine
        (medicine_name, medicine_id) 
    values
        (?, ?)
Hibernate: 
    insert 
    into
        medicine
        (medicine_name, medicine_id) 
    values
        (?, ?)
Hibernate: 
    insert 
    into
        medicine
        (medicine_name, medicine_id) 
    values
        (?, ?)
Hibernate: 
    insert 
    into
        medicine
        (medicine_name, medicine_id) 
    values
        (?, ?)
Hibernate: 
    insert 
    into
        medicine
        (medicine_name, medicine_id) 
    values
        (?, ?)
Hibernate: 
    insert 
    into
        medicine
        (medicine_name, medicine_id) 
    values
        (?, ?)
Hibernate: 
    insert 
    into
        medicine
        (medicine_name, medicine_id) 
    values
        (?, ?)
Hibernate: 
    insert 
    into
        medicine
        (medicine_name, medicine_id) 
    values
        (?, ?)
Hibernate: 
    insert 
    into
        medicine
        (medicine_name, medicine_id) 
    values
        (?, ?)
Hibernate: 
    insert 
    into
        medicine
        (medicine_name, medicine_id) 
    values
        (?, ?)
Hibernate: 
    insert 
    into
        medicine
        (medicine_name, medicine_id) 
    values
        (?, ?)
Hibernate: 
    insert 
    into
        medicine
        (medicine_name, medicine_id) 
    values
        (?, ?)
Hibernate: 
    insert 
    into
        medicine
        (medicine_name, medicine_id) 
    values
        (?, ?)
Hibernate: 
    insert 
    into
        medicine
        (medicine_name, medicine_id) 
    values
        (?, ?)
Hibernate: 
    insert 
    into
        medicine
        (medicine_name, medicine_id) 
    values
        (?, ?)
Hibernate: 
    insert 
    into
        medicine
        (medicine_name, medicine_id) 
    values
        (?, ?)
Hibernate: 
    insert 
    into
        medicine
        (medicine_name, medicine_id) 
    values
        (?, ?)
Hibernate: 
    insert 
    into
        medicine
        (medicine_name, medicine_id) 
    values
        (?, ?)
Hibernate: 
    insert 
    into
        medicine
        (medicine_name, medicine_id) 
    values
        (?, ?)
Hibernate: 
    insert 
    into
        medicine
        (medicine_name, medicine_id) 
    values
        (?, ?)
Hibernate: 
    insert 
    into
        medicine
        (medicine_name, medicine_id) 
    values
        (?, ?)
Hibernate: 
    insert 
    into
        medicine
        (medicine_name, medicine_id) 
    values
        (?, ?)
Hibernate: 
    insert 
    into
        medicine
        (medicine_name, medicine_id) 
    values
        (?, ?)
Hibernate: 
    insert 
    into
        medicine
        (medicine_name, medicine_id) 
    values
        (?, ?)
Hibernate: 
    insert 
    into
        medicine
        (medicine_name, medicine_id) 
    values
        (?, ?)
Hibernate: 
    insert 
    into
        medicine
        (medicine_name, medicine_id) 
    values
        (?, ?)
Hibernate: 
    insert 
    into
        medicine
        (medicine_name, medicine_id) 
    values
        (?, ?)
Hibernate: 
    insert 
    into
        medicine
        (medicine_name, medicine_id) 
    values
        (?, ?)
Hibernate: 
    insert 
    into
        medicine
        (medicine_name, medicine_id) 
    values
        (?, ?)
Hibernate: 
    insert 
    into
        medicine
        (medicine_name, medicine_id) 
    values
        (?, ?)
Hibernate: 
    insert 
    into
        medicine
        (medicine_name, medicine_id) 
    values
        (?, ?)
Hibernate: 
    insert 
    into
        medicine
        (medicine_name, medicine_id) 
    values
        (?, ?)
Hibernate: 
    insert 
    into
        medicine
        (medicine_name, medicine_id) 
    values
        (?, ?)
Hibernate: 
    insert 
    into
        medicine
        (medicine_name, medicine_id) 
    values
        (?, ?)
Hibernate: 
    insert 
    into
        medicine
        (medicine_name, medicine_id) 
    values
        (?, ?)
Hibernate: 
    insert 
    into
        medicine
        (medicine_name, medicine_id) 
    values
        (?, ?)
Hibernate: 
    insert 
    into
        medicine
        (medicine_name, medicine_id) 
    values
        (?, ?)
Hibernate: 
    insert 
    into
        medicine
        (medicine_name, medicine_id) 
    values
        (?, ?)
Hibernate: 
    insert 
    into
        medicine
        (medicine_name, medicine_id) 
    values
        (?, ?)
Hibernate: 
    insert 
    into
        medicine
        (medicine_name, medicine_id) 
    values
        (?, ?)
Hibernate: 
    insert 
    into
        medicine
        (medicine_name, medicine_id) 
    values
        (?, ?)
Hibernate: 
    insert 
    into
        medicine
        (medicine_name, medicine_id) 
    values
        (?, ?)
Hibernate: 
    insert 
    into
        medicine
        (medicine_name, medicine_id) 
    values
        (?, ?)
Hibernate: 
    insert 
    into
        medicine
        (medicine_name, medicine_id) 
    values
        (?, ?)
Hibernate: 
    insert 
    into
        medicine
        (medicine_name, medicine_id) 
    values
        (?, ?)
Hibernate: 
    insert 
    into
        medicine
        (medicine_name, medicine_id) 
    values
        (?, ?)
Hibernate: 
    insert 
    into
        medicine
        (medicine_name, medicine_id) 
    values
        (?, ?)
Hibernate: 
    insert 
    into
        medicine
        (medicine_name, medicine_id) 
    values
        (?, ?)
Hibernate: 
    insert 
    into
        medicine
        (medicine_name, medicine_id) 
    values
        (?, ?)
Hibernate: 
    insert 
    into
        medicine
        (medicine_name, medicine_id) 
    values
        (?, ?)
Hibernate: 
    insert 
    into
        medicine
        (medicine_name, medicine_id) 
    values
        (?, ?)
Hibernate: 
    insert 
    into
        medicine
        (medicine_name, medicine_id) 
    values
        (?, ?)
Hibernate: 
    insert 
    into
        medicine
        (medicine_name, medicine_id) 
    values
        (?, ?)
Hibernate: 
    insert 
    into
        medicine
        (medicine_name, medicine_id) 
    values
        (?, ?)
Hibernate: 
    insert 
    into
        medicine
        (medicine_name, medicine_id) 
    values
        (?, ?)
Hibernate: 
    insert 
    into
        medicine
        (medicine_name, medicine_id) 
    values
        (?, ?)
Hibernate: 
    insert 
    into
        medicine
        (medicine_name, medicine_id) 
    values
        (?, ?)
Hibernate: 
    insert 
    into
        medicine
        (medicine_name, medicine_id) 
    values
        (?, ?)
Hibernate: 
    insert 
    into
        medicine
        (medicine_name, medicine_id) 
    values
        (?, ?)
Hibernate: 
    insert 
    into
        medicine
        (medicine_name, medicine_id) 
    values
        (?, ?)
Hibernate: 
    insert 
    into
        medicine
        (medicine_name, medicine_id) 
    values
        (?, ?)
Hibernate: 
    insert 
    into
        medicine
        (medicine_name, medicine_id) 
    values
        (?, ?)
Hibernate: 
    insert 
    into
        medicine
        (medicine_name, medicine_id) 
    values
        (?, ?)
Hibernate: 
    insert 
    into
        medicine
        (medicine_name, medicine_id) 
    values
        (?, ?)
Hibernate: 
    insert 
    into
        medicine
        (medicine_name, medicine_id) 
    values
        (?, ?)
Hibernate: 
    insert 
    into
        medicine
        (medicine_name, medicine_id) 
    values
        (?, ?)
Hibernate: 
    insert 
    into
        medicine
        (medicine_name, medicine_id) 
    values
        (?, ?)
Hibernate: 
    insert 
    into
        medicine
        (medicine_name, medicine_id) 
    values
        (?, ?)
Hibernate: 
    insert 
    into
        medicine
        (medicine_name, medicine_id) 
    values
        (?, ?)
Hibernate: 
    insert 
    into
        medicine
        (medicine_name, medicine_id) 
    values
        (?, ?)
Hibernate: 
    insert 
    into
        medicine
        (medicine_name, medicine_id) 
    values
        (?, ?)
Hibernate: 
    insert 
    into
        medicine
        (medicine_name, medicine_id) 
    values
        (?, ?)
Hibernate: 
    insert 
    into
        medicine
        (medicine_name, medicine_id) 
    values
        (?, ?)
Hibernate: 
    insert 
    into
        medicine
        (medicine_name, medicine_id) 
    values
        (?, ?)
Hibernate: 
    insert 
    into
        medicine
        (medicine_name, medicine_id) 
    values
        (?, ?)
Hibernate: 
    insert 
    into
        medicine
        (medicine_name, medicine_id) 
    values
        (?, ?)
Hibernate: 
    insert 
    into
        medicine
        (medicine_name, medicine_id) 
    values
        (?, ?)
Hibernate: 
    insert 
    into
        medicine
        (medicine_name, medicine_id) 
    values
        (?, ?)
Hibernate: 
    insert 
    into
        medicine
        (medicine_name, medicine_id) 
    values
        (?, ?)
Hibernate: 
    insert 
    into
        medicine
        (medicine_name, medicine_id) 
    values
        (?, ?)
Hibernate: 
    insert 
    into
        medicine
        (medicine_name, medicine_id) 
    values
        (?, ?)
Hibernate: 
    insert 
    into
        medicine
        (medicine_name, medicine_id) 
    values
        (?, ?)
Hibernate: 
    insert 
    into
        medicine
        (medicine_name, medicine_id) 
    values
        (?, ?)
Hibernate: 
    insert 
    into
        medicine
        (medicine_name, medicine_id) 
    values
        (?, ?)
Hibernate: 
    insert 
    into
        medicine
        (medicine_name, medicine_id) 
    values
        (?, ?)
Hibernate: 
    insert 
    into
        medicine
        (medicine_name, medicine_id) 
    values
        (?, ?)
Hibernate: 
    insert 
    into
        medicine
        (medicine_name, medicine_id) 
    values
        (?, ?)
Hibernate: 
    insert 
    into
        medicine
        (medicine_name, medicine_id) 
    values
        (?, ?)
Hibernate: 
    insert 
    into
        medicine
        (medicine_name, medicine_id) 
    values
        (?, ?)
Hibernate: 
    insert 
    into
        medicine
        (medicine_name, medicine_id) 
    values
        (?, ?)
Hibernate: 
    insert 
    into
        medicine
        (medicine_name, medicine_id) 
    values
        (?, ?)
Hibernate: 
    insert 
    into
        medicine
        (medicine_name, medicine_id) 
    values
        (?, ?)
Hibernate: 
    insert 
    into
        medicine
        (medicine_name, medicine_id) 
    values
        (?, ?)
Hibernate: 
    insert 
    into
        medicine
        (medicine_name, medicine_id) 
    values
        (?, ?)
Hibernate: 
    insert 
    into
        medicine
        (medicine_name, medicine_id) 
    values
        (?, ?)
Hibernate: 
    insert 
    into
        medicine
        (medicine_name, medicine_id) 
    values
        (?, ?)
Hibernate: 
    insert 
    into
        medicine
        (medicine_name, medicine_id) 
    values
        (?, ?)
Hibernate: 
    insert 
    into
        medicine
        (medicine_name, medicine_id) 
    values
        (?, ?)
Hibernate: 
    insert 
    into
        medicine
        (medicine_name, medicine_id) 
    values
        (?, ?)
Hibernate: 
    insert 
    into
        medicine
        (medicine_name, medicine_id) 
    values
        (?, ?)
Hibernate: 
    insert 
    into
        medicine
        (medicine_name, medicine_id) 
    values
        (?, ?)
Hibernate: 
    insert 
    into
        medicine
        (medicine_name, medicine_id) 
    values
        (?, ?)
Hibernate: 
    insert 
    into
        medicine
        (medicine_name, medicine_id) 
    values
        (?, ?)
Hibernate: 
    insert 
    into
        medicine
        (medicine_name, medicine_id) 
    values
        (?, ?)
Hibernate: 
    insert 
    into
        medicine
        (medicine_name, medicine_id) 
    values
        (?, ?)
Hibernate: 
    insert 
    into
        medicine
        (medicine_name, medicine_id) 
    values
        (?, ?)
Hibernate: 
    insert 
    into
        medicine
        (medicine_name, medicine_id) 
    values
        (?, ?)
Hibernate: 
    insert 
    into
        medicine
        (medicine_name, medicine_id) 
    values
        (?, ?)
Hibernate: 
    insert 
    into
        medicine
        (medicine_name, medicine_id) 
    values
        (?, ?)
Hibernate: 
    insert 
    into
        medicine
        (medicine_name, medicine_id) 
    values
        (?, ?)
Hibernate: 
    insert 
    into
        medicine
        (medicine_name, medicine_id) 
    values
        (?, ?)
Hibernate: 
    insert 
    into
        medicine
        (medicine_name, medicine_id) 
    values
        (?, ?)
Hibernate: 
    insert 
    into
        medicine
        (medicine_name, medicine_id) 
    values
        (?, ?)
Hibernate: 
    insert 
    into
        medicine
        (medicine_name, medicine_id) 
    values
        (?, ?)
Hibernate: 
    insert 
    into
        medicine
        (medicine_name, medicine_id) 
    values
        (?, ?)
Hibernate: 
    insert 
    into
        medicine
        (medicine_name, medicine_id) 
    values
        (?, ?)
Hibernate: 
    insert 
    into
        medicine
        (medicine_name, medicine_id) 
    values
        (?, ?)
Hibernate: 
    insert 
    into
        medicine
        (medicine_name, medicine_id) 
    values
        (?, ?)
Hibernate: 
    insert 
    into
        medicine
        (medicine_name, medicine_id) 
    values
        (?, ?)
Hibernate: 
    insert 
    into
        medicine
        (medicine_name, medicine_id) 
    values
        (?, ?)
Hibernate: 
    insert 
    into
        medicine
        (medicine_name, medicine_id) 
    values
        (?, ?)
Hibernate: 
    insert 
    into
        medicine
        (medicine_name, medicine_id) 
    values
        (?, ?)
Hibernate: 
    insert 
    into
        medicine
        (medicine_name, medicine_id) 
    values
        (?, ?)
Hibernate: 
    insert 
    into
        medicine
        (medicine_name, medicine_id) 
    values
        (?, ?)
Hibernate: 
    insert 
    into
        medicine
        (medicine_name, medicine_id) 
    values
        (?, ?)
Hibernate: 
    insert 
    into
        medicine
        (medicine_name, medicine_id) 
    values
        (?, ?)
Hibernate: 
    insert 
    into
        medicine
        (medicine_name, medicine_id) 
    values
        (?, ?)
Hibernate: 
    insert 
    into
        medicine
        (medicine_name, medicine_id) 
    values
        (?, ?)
Hibernate: 
    insert 
    into
        medicine
        (medicine_name, medicine_id) 
    values
        (?, ?)
Hibernate: 
    insert 
    into
        medicine
        (medicine_name, medicine_id) 
    values
        (?, ?)
Hibernate: 
    insert 
    into
        medicine
        (medicine_name, medicine_id) 
    values
        (?, ?)
Hibernate: 
    insert 
    into
        medicine
        (medicine_name, medicine_id) 
    values
        (?, ?)
Hibernate: 
    insert 
    into
        medicine
        (medicine_name, medicine_id) 
    values
        (?, ?)
Hibernate: 
    insert 
    into
        medicine
        (medicine_name, medicine_id) 
    values
        (?, ?)
Hibernate: 
    insert 
    into
        medicine
        (medicine_name, medicine_id) 
    values
        (?, ?)
Hibernate: 
    insert 
    into
        medicine
        (medicine_name, medicine_id) 
    values
        (?, ?)
Hibernate: 
    insert 
    into
        medicine
        (medicine_name, medicine_id) 
    values
        (?, ?)
Hibernate: 
    insert 
    into
        medicine
        (medicine_name, medicine_id) 
    values
        (?, ?)
Hibernate: 
    insert 
    into
        medicine
        (medicine_name, medicine_id) 
    values
        (?, ?)
Hibernate: 
    insert 
    into
        medicine
        (medicine_name, medicine_id) 
    values
        (?, ?)
Hibernate: 
    insert 
    into
        medicine
        (medicine_name, medicine_id) 
    values
        (?, ?)
Hibernate: 
    insert 
    into
        medicine
        (medicine_name, medicine_id) 
    values
        (?, ?)
Hibernate: 
    insert 
    into
        medicine
        (medicine_name, medicine_id) 
    values
        (?, ?)
Hibernate: 
    insert 
    into
        medicine
        (medicine_name, medicine_id) 
    values
        (?, ?)
Hibernate: 
    insert 
    into
        medicine
        (medicine_name, medicine_id) 
    values
        (?, ?)
Hibernate: 
    insert 
    into
        medicine
        (medicine_name, medicine_id) 
    values
        (?, ?)
Hibernate: 
    insert 
    into
        medicine
        (medicine_name, medicine_id) 
    values
        (?, ?)
Hibernate: 
    insert 
    into
        medicine
        (medicine_name, medicine_id) 
    values
        (?, ?)
Hibernate: 
    insert 
    into
        medicine
        (medicine_name, medicine_id) 
    values
        (?, ?)
Hibernate: 
    insert 
    into
        medicine
        (medicine_name, medicine_id) 
    values
        (?, ?)
Hibernate: 
    insert 
    into
        medicine
        (medicine_name, medicine_id) 
    values
        (?, ?)
Hibernate: 
    insert 
    into
        medicine
        (medicine_name, medicine_id) 
    values
        (?, ?)
Hibernate: 
    insert 
    into
        medicine
        (medicine_name, medicine_id) 
    values
        (?, ?)
Hibernate: 
    insert 
    into
        medicine
        (medicine_name, medicine_id) 
    values
        (?, ?)
Hibernate: 
    insert 
    into
        medicine
        (medicine_name, medicine_id) 
    values
        (?, ?)
Hibernate: 
    insert 
    into
        medicine
        (medicine_name, medicine_id) 
    values
        (?, ?)
Hibernate: 
    insert 
    into
        medicine
        (medicine_name, medicine_id) 
    values
        (?, ?)
Hibernate: 
    insert 
    into
        medicine
        (medicine_name, medicine_id) 
    values
        (?, ?)
Hibernate: 
    insert 
    into
        medicine
        (medicine_name, medicine_id) 
    values
        (?, ?)
Hibernate: 
    insert 
    into
        medicine
        (medicine_name, medicine_id) 
    values
        (?, ?)
Hibernate: 
    insert 
    into
        medicine
        (medicine_name, medicine_id) 
    values
        (?, ?)
Hibernate: 
    insert 
    into
        medicine
        (medicine_name, medicine_id) 
    values
        (?, ?)
Hibernate: 
    insert 
    into
        medicine
        (medicine_name, medicine_id) 
    values
        (?, ?)
Hibernate: 
    insert 
    into
        medicine
        (medicine_name, medicine_id) 
    values
        (?, ?)
Hibernate: 
    insert 
    into
        medicine
        (medicine_name, medicine_id) 
    values
        (?, ?)
Hibernate: 
    insert 
    into
        medicine
        (medicine_name, medicine_id) 
    values
        (?, ?)
Hibernate: 
    insert 
    into
        medicine
        (medicine_name, medicine_id) 
    values
        (?, ?)
Hibernate: 
    insert 
    into
        medicine
        (medicine_name, medicine_id) 
    values
        (?, ?)
Hibernate: 
    insert 
    into
        medicine
        (medicine_name, medicine_id) 
    values
        (?, ?)
Hibernate: 
    insert 
    into
        medicine
        (medicine_name, medicine_id) 
    values
        (?, ?)
Hibernate: 
    insert 
    into
        medicine
        (medicine_name, medicine_id) 
    values
        (?, ?)
Hibernate: 
    insert 
    into
        medicine
        (medicine_name, medicine_id) 
    values
        (?, ?)
Hibernate: 
    insert 
    into
        medicine
        (medicine_name, medicine_id) 
    values
        (?, ?)
Hibernate: 
    insert 
    into
        medicine
        (medicine_name, medicine_id) 
    values
        (?, ?)
Hibernate: 
    insert 
    into
        medicine
        (medicine_name, medicine_id) 
    values
        (?, ?)
Hibernate: 
    insert 
    into
        medicine
        (medicine_name, medicine_id) 
    values
        (?, ?)
Hibernate: 
    insert 
    into
        medicine
        (medicine_name, medicine_id) 
    values
        (?, ?)
Hibernate: 
    insert 
    into
        medicine
        (medicine_name, medicine_id) 
    values
        (?, ?)
Hibernate: 
    insert 
    into
        medicine
        (medicine_name, medicine_id) 
    values
        (?, ?)
Hibernate: 
    insert 
    into
        medicine
        (medicine_name, medicine_id) 
    values
        (?, ?)
Hibernate: 
    insert 
    into
        medicine
        (medicine_name, medicine_id) 
    values
        (?, ?)
Hibernate: 
    insert 
    into
        medicine
        (medicine_name, medicine_id) 
    values
        (?, ?)
Hibernate: 
    insert 
    into
        medicine
        (medicine_name, medicine_id) 
    values
        (?, ?)
Hibernate: 
    insert 
    into
        medicine
        (medicine_name, medicine_id) 
    values
        (?, ?)
Hibernate: 
    insert 
    into
        medicine
        (medicine_name, medicine_id) 
    values
        (?, ?)
Hibernate: 
    insert 
    into
        medicine
        (medicine_name, medicine_id) 
    values
        (?, ?)
Hibernate: 
    insert 
    into
        medicine
        (medicine_name, medicine_id) 
    values
        (?, ?)
Hibernate: 
    insert 
    into
        medicine
        (medicine_name, medicine_id) 
    values
        (?, ?)
Hibernate: 
    insert 
    into
        medicine
        (medicine_name, medicine_id) 
    values
        (?, ?)
Hibernate: 
    insert 
    into
        medicine
        (medicine_name, medicine_id) 
    values
        (?, ?)
Hibernate: 
    insert 
    into
        medicine
        (medicine_name, medicine_id) 
    values
        (?, ?)
Hibernate: 
    insert 
    into
        medicine
        (medicine_name, medicine_id) 
    values
        (?, ?)
Hibernate: 
    insert 
    into
        medicine
        (medicine_name, medicine_id) 
    values
        (?, ?)
Hibernate: 
    insert 
    into
        medicine
        (medicine_name, medicine_id) 
    values
        (?, ?)
Hibernate: 
    insert 
    into
        medicine
        (medicine_name, medicine_id) 
    values
        (?, ?)
Hibernate: 
    insert 
    into
        medicine
        (medicine_name, medicine_id) 
    values
        (?, ?)
Hibernate: 
    insert 
    into
        medicine
        (medicine_name, medicine_id) 
    values
        (?, ?)
Hibernate: 
    insert 
    into
        medicine
        (medicine_name, medicine_id) 
    values
        (?, ?)
Hibernate: 
    insert 
    into
        medicine
        (medicine_name, medicine_id) 
    values
        (?, ?)
Hibernate: 
    insert 
    into
        medicine
        (medicine_name, medicine_id) 
    values
        (?, ?)
Hibernate: 
    insert 
    into
        medicine
        (medicine_name, medicine_id) 
    values
        (?, ?)
Hibernate: 
    insert 
    into
        medicine
        (medicine_name, medicine_id) 
    values
        (?, ?)
Hibernate: 
    insert 
    into
        medicine
        (medicine_name, medicine_id) 
    values
        (?, ?)
Hibernate: 
    insert 
    into
        medicine
        (medicine_name, medicine_id) 
    values
        (?, ?)
Hibernate: 
    insert 
    into
        medicine
        (medicine_name, medicine_id) 
    values
        (?, ?)
Hibernate: 
    insert 
    into
        medicine
        (medicine_name, medicine_id) 
    values
        (?, ?)
Hibernate: 
    insert 
    into
        medicine
        (medicine_name, medicine_id) 
    values
        (?, ?)
Hibernate: 
    insert 
    into
        medicine
        (medicine_name, medicine_id) 
    values
        (?, ?)
Hibernate: 
    insert 
    into
        medicine
        (medicine_name, medicine_id) 
    values
        (?, ?)
Hibernate: 
    insert 
    into
        medicine
        (medicine_name, medicine_id) 
    values
        (?, ?)
Hibernate: 
    insert 
    into
        medicine
        (medicine_name, medicine_id) 
    values
        (?, ?)
Hibernate: 
    insert 
    into
        medicine
        (medicine_name, medicine_id) 
    values
        (?, ?)
Hibernate: 
    insert 
    into
        medicine
        (medicine_name, medicine_id) 
    values
        (?, ?)
Hibernate: 
    insert 
    into
        medicine
        (medicine_name, medicine_id) 
    values
        (?, ?)
Hibernate: 
    insert 
    into
        medicine
        (medicine_name, medicine_id) 
    values
        (?, ?)
Hibernate: 
    insert 
    into
        medicine
        (medicine_name, medicine_id) 
    values
        (?, ?)
Hibernate: 
    insert 
    into
        medicine
        (medicine_name, medicine_id) 
    values
        (?, ?)
Hibernate: 
    insert 
    into
        medicine
        (medicine_name, medicine_id) 
    values
        (?, ?)
Hibernate: 
    insert 
    into
        medicine
        (medicine_name, medicine_id) 
    values
        (?, ?)
Hibernate: 
    insert 
    into
        medicine
        (medicine_name, medicine_id) 
    values
        (?, ?)
Hibernate: 
    insert 
    into
        medicine
        (medicine_name, medicine_id) 
    values
        (?, ?)
Hibernate: 
    insert 
    into
        medicine
        (medicine_name, medicine_id) 
    values
        (?, ?)
Hibernate: 
    insert 
    into
        medicine
        (medicine_name, medicine_id) 
    values
        (?, ?)
Hibernate: 
    insert 
    into
        medicine
        (medicine_name, medicine_id) 
    values
        (?, ?)
Hibernate: 
    insert 
    into
        medicine
        (medicine_name, medicine_id) 
    values
        (?, ?)
Hibernate: 
    insert 
    into
        medicine
        (medicine_name, medicine_id) 
    values
        (?, ?)
Hibernate: 
    insert 
    into
        medicine
        (medicine_name, medicine_id) 
    values
        (?, ?)
Hibernate: 
    insert 
    into
        medicine
        (medicine_name, medicine_id) 
    values
        (?, ?)
Hibernate: 
    insert 
    into
        medicine
        (medicine_name, medicine_id) 
    values
        (?, ?)
Hibernate: 
    insert 
    into
        medicine
        (medicine_name, medicine_id) 
    values
        (?, ?)
Hibernate: 
    insert 
    into
        medicine
        (medicine_name, medicine_id) 
    values
        (?, ?)
Hibernate: 
    insert 
    into
        medicine
        (medicine_name, medicine_id) 
    values
        (?, ?)
Hibernate: 
    insert 
    into
        medicine
        (medicine_name, medicine_id) 
    values
        (?, ?)
Hibernate: 
    insert 
    into
        medicine
        (medicine_name, medicine_id) 
    values
        (?, ?)
Hibernate: 
    insert 
    into
        medicine
        (medicine_name, medicine_id) 
    values
        (?, ?)
Hibernate: 
    insert 
    into
        medicine
        (medicine_name, medicine_id) 
    values
        (?, ?)
Hibernate: 
    insert 
    into
        medicine
        (medicine_name, medicine_id) 
    values
        (?, ?)
Hibernate: 
    insert 
    into
        medicine
        (medicine_name, medicine_id) 
    values
        (?, ?)
Hibernate: 
    insert 
    into
        medicine
        (medicine_name, medicine_id) 
    values
        (?, ?)
Hibernate: 
    insert 
    into
        medicine
        (medicine_name, medicine_id) 
    values
        (?, ?)
Hibernate: 
    insert 
    into
        medicine
        (medicine_name, medicine_id) 
    values
        (?, ?)
Hibernate: 
    insert 
    into
        medicine
        (medicine_name, medicine_id) 
    values
        (?, ?)
Hibernate: 
    insert 
    into
        medicine
        (medicine_name, medicine_id) 
    values
        (?, ?)
Hibernate: 
    insert 
    into
        medicine
        (medicine_name, medicine_id) 
    values
        (?, ?)
Hibernate: 
    insert 
    into
        medicine
        (medicine_name, medicine_id) 
    values
        (?, ?)
Hibernate: 
    insert 
    into
        medicine
        (medicine_name, medicine_id) 
    values
        (?, ?)
Hibernate: 
    insert 
    into
        medicine
        (medicine_name, medicine_id) 
    values
        (?, ?)
Hibernate: 
    insert 
    into
        medicine
        (medicine_name, medicine_id) 
    values
        (?, ?)
Hibernate: 
    insert 
    into
        medicine
        (medicine_name, medicine_id) 
    values
        (?, ?)
Hibernate: 
    insert 
    into
        medicine
        (medicine_name, medicine_id) 
    values
        (?, ?)
Hibernate: 
    insert 
    into
        medicine
        (medicine_name, medicine_id) 
    values
        (?, ?)
Hibernate: 
    insert 
    into
        medicine
        (medicine_name, medicine_id) 
    values
        (?, ?)
Hibernate: 
    insert 
    into
        medicine
        (medicine_name, medicine_id) 
    values
        (?, ?)
Hibernate: 
    insert 
    into
        medicine
        (medicine_name, medicine_id) 
    values
        (?, ?)
Hibernate: 
    insert 
    into
        medicine
        (medicine_name, medicine_id) 
    values
        (?, ?)
Hibernate: 
    insert 
    into
        medicine
        (medicine_name, medicine_id) 
    values
        (?, ?)
Hibernate: 
    insert 
    into
        medicine
        (medicine_name, medicine_id) 
    values
        (?, ?)
Hibernate: 
    insert 
    into
        medicine
        (medicine_name, medicine_id) 
    values
        (?, ?)
Hibernate: 
    insert 
    into
        medicine
        (medicine_name, medicine_id) 
    values
        (?, ?)
Hibernate: 
    insert 
    into
        medicine
        (medicine_name, medicine_id) 
    values
        (?, ?)
Hibernate: 
    insert 
    into
        medicine
        (medicine_name, medicine_id) 
    values
        (?, ?)
Hibernate: 
    insert 
    into
        medicine
        (medicine_name, medicine_id) 
    values
        (?, ?)
Hibernate: 
    insert 
    into
        medicine
        (medicine_name, medicine_id) 
    values
        (?, ?)
Hibernate: 
    insert 
    into
        medicine
        (medicine_name, medicine_id) 
    values
        (?, ?)
Hibernate: 
    insert 
    into
        medicine
        (medicine_name, medicine_id) 
    values
        (?, ?)
Hibernate: 
    insert 
    into
        medicine
        (medicine_name, medicine_id) 
    values
        (?, ?)
Hibernate: 
    insert 
    into
        medicine
        (medicine_name, medicine_id) 
    values
        (?, ?)
Hibernate: 
    insert 
    into
        medicine
        (medicine_name, medicine_id) 
    values
        (?, ?)
Hibernate: 
    insert 
    into
        medicine
        (medicine_name, medicine_id) 
    values
        (?, ?)
Hibernate: 
    insert 
    into
        medicine
        (medicine_name, medicine_id) 
    values
        (?, ?)
Hibernate: 
    insert 
    into
        medicine
        (medicine_name, medicine_id) 
    values
        (?, ?)
Hibernate: 
    insert 
    into
        medicine
        (medicine_name, medicine_id) 
    values
        (?, ?)
Hibernate: 
    insert 
    into
        medicine
        (medicine_name, medicine_id) 
    values
        (?, ?)
Hibernate: 
    insert 
    into
        medicine
        (medicine_name, medicine_id) 
    values
        (?, ?)
Hibernate: 
    insert 
    into
        medicine
        (medicine_name, medicine_id) 
    values
        (?, ?)
Hibernate: 
    insert 
    into
        medicine
        (medicine_name, medicine_id) 
    values
        (?, ?)
Hibernate: 
    insert 
    into
        medicine
        (medicine_name, medicine_id) 
    values
        (?, ?)
Hibernate: 
    insert 
    into
        medicine
        (medicine_name, medicine_id) 
    values
        (?, ?)
Hibernate: 
    insert 
    into
        medicine
        (medicine_name, medicine_id) 
    values
        (?, ?)
Hibernate: 
    insert 
    into
        medicine
        (medicine_name, medicine_id) 
    values
        (?, ?)
Hibernate: 
    insert 
    into
        medicine
        (medicine_name, medicine_id) 
    values
        (?, ?)
Hibernate: 
    insert 
    into
        medicine
        (medicine_name, medicine_id) 
    values
        (?, ?)
Hibernate: 
    insert 
    into
        medicine
        (medicine_name, medicine_id) 
    values
        (?, ?)
Hibernate: 
    insert 
    into
        medicine
        (medicine_name, medicine_id) 
    values
        (?, ?)
Hibernate: 
    insert 
    into
        medicine
        (medicine_name, medicine_id) 
    values
        (?, ?)
Hibernate: 
    insert 
    into
        medicine
        (medicine_name, medicine_id) 
    values
        (?, ?)
Hibernate: 
    insert 
    into
        medicine
        (medicine_name, medicine_id) 
    values
        (?, ?)
Hibernate: 
    insert 
    into
        medicine
        (medicine_name, medicine_id) 
    values
        (?, ?)
Hibernate: 
    insert 
    into
        medicine
        (medicine_name, medicine_id) 
    values
        (?, ?)
Hibernate: 
    insert 
    into
        medicine
        (medicine_name, medicine_id) 
    values
        (?, ?)
Hibernate: 
    insert 
    into
        medicine
        (medicine_name, medicine_id) 
    values
        (?, ?)
Hibernate: 
    insert 
    into
        medicine
        (medicine_name, medicine_id) 
    values
        (?, ?)
Hibernate: 
    insert 
    into
        medicine
        (medicine_name, medicine_id) 
    values
        (?, ?)
Hibernate: 
    insert 
    into
        medicine
        (medicine_name, medicine_id) 
    values
        (?, ?)
Hibernate: 
    insert 
    into
        medicine
        (medicine_name, medicine_id) 
    values
        (?, ?)
Hibernate: 
    insert 
    into
        medicine
        (medicine_name, medicine_id) 
    values
        (?, ?)
Hibernate: 
    insert 
    into
        medicine
        (medicine_name, medicine_id) 
    values
        (?, ?)
Hibernate: 
    insert 
    into
        medicine
        (medicine_name, medicine_id) 
    values
        (?, ?)
Hibernate: 
    insert 
    into
        medicine
        (medicine_name, medicine_id) 
    values
        (?, ?)
Hibernate: 
    insert 
    into
        medicine
        (medicine_name, medicine_id) 
    values
        (?, ?)
Hibernate: 
    insert 
    into
        medicine
        (medicine_name, medicine_id) 
    values
        (?, ?)
Hibernate: 
    insert 
    into
        medicine
        (medicine_name, medicine_id) 
    values
        (?, ?)
Hibernate: 
    insert 
    into
        medicine
        (medicine_name, medicine_id) 
    values
        (?, ?)
Hibernate: 
    insert 
    into
        medicine
        (medicine_name, medicine_id) 
    values
        (?, ?)
Hibernate: 
    insert 
    into
        medicine
        (medicine_name, medicine_id) 
    values
        (?, ?)
Hibernate: 
    insert 
    into
        medicine
        (medicine_name, medicine_id) 
    values
        (?, ?)
Hibernate: 
    insert 
    into
        medicine
        (medicine_name, medicine_id) 
    values
        (?, ?)
Hibernate: 
    insert 
    into
        medicine
        (medicine_name, medicine_id) 
    values
        (?, ?)
Hibernate: 
    insert 
    into
        medicine
        (medicine_name, medicine_id) 
    values
        (?, ?)
Hibernate: 
    insert 
    into
        medicine
        (medicine_name, medicine_id) 
    values
        (?, ?)
Hibernate: 
    insert 
    into
        medicine
        (medicine_name, medicine_id) 
    values
        (?, ?)
Hibernate: 
    insert 
    into
        medicine
        (medicine_name, medicine_id) 
    values
        (?, ?)
Hibernate: 
    insert 
    into
        medicine
        (medicine_name, medicine_id) 
    values
        (?, ?)
Hibernate: 
    insert 
    into
        medicine
        (medicine_name, medicine_id) 
    values
        (?, ?)
Hibernate: 
    insert 
    into
        medicine
        (medicine_name, medicine_id) 
    values
        (?, ?)
Hibernate: 
    insert 
    into
        medicine
        (medicine_name, medicine_id) 
    values
        (?, ?)
Hibernate: 
    insert 
    into
        medicine
        (medicine_name, medicine_id) 
    values
        (?, ?)
Hibernate: 
    insert 
    into
        medicine
        (medicine_name, medicine_id) 
    values
        (?, ?)
Hibernate: 
    insert 
    into
        medicine
        (medicine_name, medicine_id) 
    values
        (?, ?)
Hibernate: 
    insert 
    into
        medicine
        (medicine_name, medicine_id) 
    values
        (?, ?)
Hibernate: 
    insert 
    into
        medicine
        (medicine_name, medicine_id) 
    values
        (?, ?)
Hibernate: 
    insert 
    into
        medicine
        (medicine_name, medicine_id) 
    values
        (?, ?)
Hibernate: 
    insert 
    into
        medicine
        (medicine_name, medicine_id) 
    values
        (?, ?)
Hibernate: 
    insert 
    into
        medicine
        (medicine_name, medicine_id) 
    values
        (?, ?)
Hibernate: 
    insert 
    into
        medicine
        (medicine_name, medicine_id) 
    values
        (?, ?)
Hibernate: 
    insert 
    into
        medicine
        (medicine_name, medicine_id) 
    values
        (?, ?)
Hibernate: 
    insert 
    into
        medicine
        (medicine_name, medicine_id) 
    values
        (?, ?)
Hibernate: 
    insert 
    into
        medicine
        (medicine_name, medicine_id) 
    values
        (?, ?)
Hibernate: 
    insert 
    into
        medicine
        (medicine_name, medicine_id) 
    values
        (?, ?)
Hibernate: 
    insert 
    into
        medicine
        (medicine_name, medicine_id) 
    values
        (?, ?)
Hibernate: 
    insert 
    into
        medicine
        (medicine_name, medicine_id) 
    values
        (?, ?)
Hibernate: 
    insert 
    into
        medicine
        (medicine_name, medicine_id) 
    values
        (?, ?)
Hibernate: 
    insert 
    into
        medicine
        (medicine_name, medicine_id) 
    values
        (?, ?)
Hibernate: 
    insert 
    into
        medicine
        (medicine_name, medicine_id) 
    values
        (?, ?)
Hibernate: 
    insert 
    into
        medicine
        (medicine_name, medicine_id) 
    values
        (?, ?)
Hibernate: 
    insert 
    into
        medicine
        (medicine_name, medicine_id) 
    values
        (?, ?)
Hibernate: 
    insert 
    into
        medicine
        (medicine_name, medicine_id) 
    values
        (?, ?)
Hibernate: 
    insert 
    into
        medicine
        (medicine_name, medicine_id) 
    values
        (?, ?)
Hibernate: 
    insert 
    into
        medicine
        (medicine_name, medicine_id) 
    values
        (?, ?)
Hibernate: 
    insert 
    into
        medicine
        (medicine_name, medicine_id) 
    values
        (?, ?)
Hibernate: 
    insert 
    into
        medicine
        (medicine_name, medicine_id) 
    values
        (?, ?)
Hibernate: 
    insert 
    into
        medicine
        (medicine_name, medicine_id) 
    values
        (?, ?)
Hibernate: 
    insert 
    into
        medicine
        (medicine_name, medicine_id) 
    values
        (?, ?)
Hibernate: 
    insert 
    into
        medicine
        (medicine_name, medicine_id) 
    values
        (?, ?)
Hibernate: 
    insert 
    into
        medicine
        (medicine_name, medicine_id) 
    values
        (?, ?)
Hibernate: 
    insert 
    into
        medicine
        (medicine_name, medicine_id) 
    values
        (?, ?)
Hibernate: 
    insert 
    into
        medicine
        (medicine_name, medicine_id) 
    values
        (?, ?)
Hibernate: 
    insert 
    into
        medicine
        (medicine_name, medicine_id) 
    values
        (?, ?)
Hibernate: 
    insert 
    into
        medicine
        (medicine_name, medicine_id) 
    values
        (?, ?)
Hibernate: 
    insert 
    into
        medicine
        (medicine_name, medicine_id) 
    values
        (?, ?)
Hibernate: 
    insert 
    into
        medicine
        (medicine_name, medicine_id) 
    values
        (?, ?)
Hibernate: 
    insert 
    into
        medicine
        (medicine_name, medicine_id) 
    values
        (?, ?)
Hibernate: 
    insert 
    into
        medicine
        (medicine_name, medicine_id) 
    values
        (?, ?)
Hibernate: 
    insert 
    into
        medicine
        (medicine_name, medicine_id) 
    values
        (?, ?)
Hibernate: 
    insert 
    into
        medicine
        (medicine_name, medicine_id) 
    values
        (?, ?)
Hibernate: 
    insert 
    into
        medicine
        (medicine_name, medicine_id) 
    values
        (?, ?)
Hibernate: 
    insert 
    into
        medicine
        (medicine_name, medicine_id) 
    values
        (?, ?)
Hibernate: 
    insert 
    into
        medicine
        (medicine_name, medicine_id) 
    values
        (?, ?)
Hibernate: 
    insert 
    into
        medicine
        (medicine_name, medicine_id) 
    values
        (?, ?)
Hibernate: 
    insert 
    into
        medicine
        (medicine_name, medicine_id) 
    values
        (?, ?)
Hibernate: 
    insert 
    into
        medicine
        (medicine_name, medicine_id) 
    values
        (?, ?)
Hibernate: 
    insert 
    into
        medicine
        (medicine_name, medicine_id) 
    values
        (?, ?)
Hibernate: 
    insert 
    into
        medicine
        (medicine_name, medicine_id) 
    values
        (?, ?)
Hibernate: 
    insert 
    into
        medicine
        (medicine_name, medicine_id) 
    values
        (?, ?)
Hibernate: 
    insert 
    into
        medicine
        (medicine_name, medicine_id) 
    values
        (?, ?)
Hibernate: 
    insert 
    into
        medicine
        (medicine_name, medicine_id) 
    values
        (?, ?)
Hibernate: 
    insert 
    into
        medicine
        (medicine_name, medicine_id) 
    values
        (?, ?)
Hibernate: 
    insert 
    into
        medicine
        (medicine_name, medicine_id) 
    values
        (?, ?)
Hibernate: 
    insert 
    into
        medicine
        (medicine_name, medicine_id) 
    values
        (?, ?)
Hibernate: 
    insert 
    into
        medicine
        (medicine_name, medicine_id) 
    values
        (?, ?)
Hibernate: 
    insert 
    into
        medicine
        (medicine_name, medicine_id) 
    values
        (?, ?)
Hibernate: 
    insert 
    into
        medicine
        (medicine_name, medicine_id) 
    values
        (?, ?)
Hibernate: 
    insert 
    into
        medicine
        (medicine_name, medicine_id) 
    values
        (?, ?)
Hibernate: 
    insert 
    into
        medicine
        (medicine_name, medicine_id) 
    values
        (?, ?)
Hibernate: 
    insert 
    into
        medicine
        (medicine_name, medicine_id) 
    values
        (?, ?)
Hibernate: 
    insert 
    into
        medicine
        (medicine_name, medicine_id) 
    values
        (?, ?)
Hibernate: 
    insert 
    into
        medicine
        (medicine_name, medicine_id) 
    values
        (?, ?)
Hibernate: 
    insert 
    into
        medicine
        (medicine_name, medicine_id) 
    values
        (?, ?)
Hibernate: 
    insert 
    into
        medicine
        (medicine_name, medicine_id) 
    values
        (?, ?)
Hibernate: 
    insert 
    into
        medicine
        (medicine_name, medicine_id) 
    values
        (?, ?)
Hibernate: 
    insert 
    into
        medicine
        (medicine_name, medicine_id) 
    values
        (?, ?)
Hibernate: 
    insert 
    into
        medicine
        (medicine_name, medicine_id) 
    values
        (?, ?)
Hibernate: 
    insert 
    into
        medicine
        (medicine_name, medicine_id) 
    values
        (?, ?)
Hibernate: 
    insert 
    into
        medicine
        (medicine_name, medicine_id) 
    values
        (?, ?)
Hibernate: 
    insert 
    into
        medicine
        (medicine_name, medicine_id) 
    values
        (?, ?)
Hibernate: 
    insert 
    into
        medicine
        (medicine_name, medicine_id) 
    values
        (?, ?)
Hibernate: 
    insert 
    into
        medicine
        (medicine_name, medicine_id) 
    values
        (?, ?)
Hibernate: 
    insert 
    into
        medicine
        (medicine_name, medicine_id) 
    values
        (?, ?)
Hibernate: 
    insert 
    into
        medicine
        (medicine_name, medicine_id) 
    values
        (?, ?)
Hibernate: 
    insert 
    into
        medicine
        (medicine_name, medicine_id) 
    values
        (?, ?)
Hibernate: 
    insert 
    into
        medicine
        (medicine_name, medicine_id) 
    values
        (?, ?)
Hibernate: 
    insert 
    into
        medicine
        (medicine_name, medicine_id) 
    values
        (?, ?)
Hibernate: 
    insert 
    into
        medicine
        (medicine_name, medicine_id) 
    values
        (?, ?)
Hibernate: 
    insert 
    into
        medicine
        (medicine_name, medicine_id) 
    values
        (?, ?)
Hibernate: 
    insert 
    into
        medicine
        (medicine_name, medicine_id) 
    values
        (?, ?)
Hibernate: 
    insert 
    into
        medicine
        (medicine_name, medicine_id) 
    values
        (?, ?)
Hibernate: 
    insert 
    into
        medicine
        (medicine_name, medicine_id) 
    values
        (?, ?)
Hibernate: 
    insert 
    into
        medicine
        (medicine_name, medicine_id) 
    values
        (?, ?)
Hibernate: 
    insert 
    into
        medicine
        (medicine_name, medicine_id) 
    values
        (?, ?)
Hibernate: 
    insert 
    into
        medicine
        (medicine_name, medicine_id) 
    values
        (?, ?)
Hibernate: 
    insert 
    into
        medicine
        (medicine_name, medicine_id) 
    values
        (?, ?)
Hibernate: 
    insert 
    into
        medicine
        (medicine_name, medicine_id) 
    values
        (?, ?)
Hibernate: 
    insert 
    into
        medicine
        (medicine_name, medicine_id) 
    values
        (?, ?)
Hibernate: 
    insert 
    into
        medicine
        (medicine_name, medicine_id) 
    values
        (?, ?)
Hibernate: 
    insert 
    into
        medicine
        (medicine_name, medicine_id) 
    values
        (?, ?)
Hibernate: 
    insert 
    into
        medicine
        (medicine_name, medicine_id) 
    values
        (?, ?)
Hibernate: 
    insert 
    into
        medicine
        (medicine_name, medicine_id) 
    values
        (?, ?)
Hibernate: 
    insert 
    into
        medicine
        (medicine_name, medicine_id) 
    values
        (?, ?)
Hibernate: 
    insert 
    into
        medicine
        (medicine_name, medicine_id) 
    values
        (?, ?)
Hibernate: 
    insert 
    into
        medicine
        (medicine_name, medicine_id) 
    values
        (?, ?)
Hibernate: 
    insert 
    into
        medicine
        (medicine_name, medicine_id) 
    values
        (?, ?)
Hibernate: 
    insert 
    into
        medicine
        (medicine_name, medicine_id) 
    values
        (?, ?)
Hibernate: 
    insert 
    into
        medicine
        (medicine_name, medicine_id) 
    values
        (?, ?)
Hibernate: 
    insert 
    into
        medicine
        (medicine_name, medicine_id) 
    values
        (?, ?)
Hibernate: 
    insert 
    into
        medicine
        (medicine_name, medicine_id) 
    values
        (?, ?)
Hibernate: 
    insert 
    into
        medicine
        (medicine_name, medicine_id) 
    values
        (?, ?)
Hibernate: 
    insert 
    into
        medicine
        (medicine_name, medicine_id) 
    values
        (?, ?)
Hibernate: 
    insert 
    into
        medicine
        (medicine_name, medicine_id) 
    values
        (?, ?)
Hibernate: 
    insert 
    into
        medicine
        (medicine_name, medicine_id) 
    values
        (?, ?)
Hibernate: 
    insert 
    into
        medicine
        (medicine_name, medicine_id) 
    values
        (?, ?)
Hibernate: 
    insert 
    into
        medicine
        (medicine_name, medicine_id) 
    values
        (?, ?)
Hibernate: 
    insert 
    into
        medicine
        (medicine_name, medicine_id) 
    values
        (?, ?)
Hibernate: 
    insert 
    into
        medicine
        (medicine_name, medicine_id) 
    values
        (?, ?)
Hibernate: 
    insert 
    into
        medicine
        (medicine_name, medicine_id) 
    values
        (?, ?)
Hibernate: 
    insert 
    into
        medicine
        (medicine_name, medicine_id) 
    values
        (?, ?)
Hibernate: 
    insert 
    into
        medicine
        (medicine_name, medicine_id) 
    values
        (?, ?)
Hibernate: 
    insert 
    into
        medicine
        (medicine_name, medicine_id) 
    values
        (?, ?)
Hibernate: 
    insert 
    into
        medicine
        (medicine_name, medicine_id) 
    values
        (?, ?)
Hibernate: 
    insert 
    into
        medicine
        (medicine_name, medicine_id) 
    values
        (?, ?)
Hibernate: 
    insert 
    into
        medicine
        (medicine_name, medicine_id) 
    values
        (?, ?)
Hibernate: 
    insert 
    into
        medicine
        (medicine_name, medicine_id) 
    values
        (?, ?)
Hibernate: 
    insert 
    into
        medicine
        (medicine_name, medicine_id) 
    values
        (?, ?)
Hibernate: 
    insert 
    into
        medicine
        (medicine_name, medicine_id) 
    values
        (?, ?)
Hibernate: 
    insert 
    into
        medicine
        (medicine_name, medicine_id) 
    values
        (?, ?)
Hibernate: 
    insert 
    into
        medicine
        (medicine_name, medicine_id) 
    values
        (?, ?)
Hibernate: 
    insert 
    into
        medicine
        (medicine_name, medicine_id) 
    values
        (?, ?)
Hibernate: 
    insert 
    into
        medicine
        (medicine_name, medicine_id) 
    values
        (?, ?)
Hibernate: 
    insert 
    into
        medicine
        (medicine_name, medicine_id) 
    values
        (?, ?)
Hibernate: 
    insert 
    into
        medicine
        (medicine_name, medicine_id) 
    values
        (?, ?)
Hibernate: 
    insert 
    into
        medicine
        (medicine_name, medicine_id) 
    values
        (?, ?)
Hibernate: 
    insert 
    into
        medicine
        (medicine_name, medicine_id) 
    values
        (?, ?)
Hibernate: 
    insert 
    into
        medicine
        (medicine_name, medicine_id) 
    values
        (?, ?)
Hibernate: 
    insert 
    into
        medicine
        (medicine_name, medicine_id) 
    values
        (?, ?)
Hibernate: 
    insert 
    into
        medicine
        (medicine_name, medicine_id) 
    values
        (?, ?)
Hibernate: 
    insert 
    into
        medicine
        (medicine_name, medicine_id) 
    values
        (?, ?)
Hibernate: 
    insert 
    into
        medicine
        (medicine_name, medicine_id) 
    values
        (?, ?)
Hibernate: 
    insert 
    into
        medicine
        (medicine_name, medicine_id) 
    values
        (?, ?)
Hibernate: 
    insert 
    into
        medicine
        (medicine_name, medicine_id) 
    values
        (?, ?)
Hibernate: 
    insert 
    into
        medicine
        (medicine_name, medicine_id) 
    values
        (?, ?)
Hibernate: 
    insert 
    into
        medicine
        (medicine_name, medicine_id) 
    values
        (?, ?)
Hibernate: 
    insert 
    into
        medicine
        (medicine_name, medicine_id) 
    values
        (?, ?)
Hibernate: 
    insert 
    into
        medicine
        (medicine_name, medicine_id) 
    values
        (?, ?)
Hibernate: 
    insert 
    into
        medicine
        (medicine_name, medicine_id) 
    values
        (?, ?)
Hibernate: 
    insert 
    into
        medicine
        (medicine_name, medicine_id) 
    values
        (?, ?)
Hibernate: 
    insert 
    into
        medicine
        (medicine_name, medicine_id) 
    values
        (?, ?)
Hibernate: 
    insert 
    into
        medicine
        (medicine_name, medicine_id) 
    values
        (?, ?)
Hibernate: 
    insert 
    into
        medicine
        (medicine_name, medicine_id) 
    values
        (?, ?)
Hibernate: 
    insert 
    into
        medicine
        (medicine_name, medicine_id) 
    values
        (?, ?)
Hibernate: 
    insert 
    into
        medicine
        (medicine_name, medicine_id) 
    values
        (?, ?)
Hibernate: 
    insert 
    into
        medicine
        (medicine_name, medicine_id) 
    values
        (?, ?)
Hibernate: 
    insert 
    into
        medicine
        (medicine_name, medicine_id) 
    values
        (?, ?)
Hibernate: 
    insert 
    into
        medicine
        (medicine_name, medicine_id) 
    values
        (?, ?)
Hibernate: 
    insert 
    into
        medicine
        (medicine_name, medicine_id) 
    values
        (?, ?)
Hibernate: 
    insert 
    into
        medicine
        (medicine_name, medicine_id) 
    values
        (?, ?)
Hibernate: 
    insert 
    into
        medicine
        (medicine_name, medicine_id) 
    values
        (?, ?)
Hibernate: 
    insert 
    into
        medicine
        (medicine_name, medicine_id) 
    values
        (?, ?)
Hibernate: 
    insert 
    into
        medicine
        (medicine_name, medicine_id) 
    values
        (?, ?)
Hibernate: 
    insert 
    into
        medicine
        (medicine_name, medicine_id) 
    values
        (?, ?)
Hibernate: 
    insert 
    into
        medicine
        (medicine_name, medicine_id) 
    values
        (?, ?)
Hibernate: 
    insert 
    into
        medicine
        (medicine_name, medicine_id) 
    values
        (?, ?)
Hibernate: 
    insert 
    into
        medicine
        (medicine_name, medicine_id) 
    values
        (?, ?)
Hibernate: 
    insert 
    into
        medicine
        (medicine_name, medicine_id) 
    values
        (?, ?)
Hibernate: 
    insert 
    into
        medicine
        (medicine_name, medicine_id) 
    values
        (?, ?)
Hibernate: 
    insert 
    into
        medicine
        (medicine_name, medicine_id) 
    values
        (?, ?)
Hibernate: 
    insert 
    into
        medicine
        (medicine_name, medicine_id) 
    values
        (?, ?)
Hibernate: 
    insert 
    into
        medicine
        (medicine_name, medicine_id) 
    values
        (?, ?)
Hibernate: 
    insert 
    into
        medicine
        (medicine_name, medicine_id) 
    values
        (?, ?)
Hibernate: 
    insert 
    into
        medicine
        (medicine_name, medicine_id) 
    values
        (?, ?)
Hibernate: 
    insert 
    into
        medicine
        (medicine_name, medicine_id) 
    values
        (?, ?)
Hibernate: 
    insert 
    into
        medicine
        (medicine_name, medicine_id) 
    values
        (?, ?)
Hibernate: 
    insert 
    into
        medicine
        (medicine_name, medicine_id) 
    values
        (?, ?)
Hibernate: 
    insert 
    into
        medicine
        (medicine_name, medicine_id) 
    values
        (?, ?)
Hibernate: 
    insert 
    into
        medicine
        (medicine_name, medicine_id) 
    values
        (?, ?)
Hibernate: 
    insert 
    into
        medicine
        (medicine_name, medicine_id) 
    values
        (?, ?)
Hibernate: 
    insert 
    into
        medicine
        (medicine_name, medicine_id) 
    values
        (?, ?)
Hibernate: 
    insert 
    into
        medicine
        (medicine_name, medicine_id) 
    values
        (?, ?)
Hibernate: 
    insert 
    into
        medicine
        (medicine_name, medicine_id) 
    values
        (?, ?)
Hibernate: 
    insert 
    into
        medicine
        (medicine_name, medicine_id) 
    values
        (?, ?)
Hibernate: 
    insert 
    into
        medicine
        (medicine_name, medicine_id) 
    values
        (?, ?)
Hibernate: 
    insert 
    into
        medicine
        (medicine_name, medicine_id) 
    values
        (?, ?)
Hibernate: 
    insert 
    into
        medicine
        (medicine_name, medicine_id) 
    values
        (?, ?)
Hibernate: 
    insert 
    into
        medicine
        (medicine_name, medicine_id) 
    values
        (?, ?)
Hibernate: 
    insert 
    into
        medicine
        (medicine_name, medicine_id) 
    values
        (?, ?)
Hibernate: 
    insert 
    into
        medicine
        (medicine_name, medicine_id) 
    values
        (?, ?)
Hibernate: 
    insert 
    into
        medicine
        (medicine_name, medicine_id) 
    values
        (?, ?)
Hibernate: 
    insert 
    into
        medicine
        (medicine_name, medicine_id) 
    values
        (?, ?)
Hibernate: 
    insert 
    into
        medicine
        (medicine_name, medicine_id) 
    values
        (?, ?)
Hibernate: 
    insert 
    into
        medicine
        (medicine_name, medicine_id) 
    values
        (?, ?)
Hibernate: 
    insert 
    into
        medicine
        (medicine_name, medicine_id) 
    values
        (?, ?)
Hibernate: 
    insert 
    into
        medicine
        (medicine_name, medicine_id) 
    values
        (?, ?)
Hibernate: 
    insert 
    into
        medicine
        (medicine_name, medicine_id) 
    values
        (?, ?)
Hibernate: 
    insert 
    into
        medicine
        (medicine_name, medicine_id) 
    values
        (?, ?)
Hibernate: 
    insert 
    into
        medicine
        (medicine_name, medicine_id) 
    values
        (?, ?)
Hibernate: 
    insert 
    into
        medicine
        (medicine_name, medicine_id) 
    values
        (?, ?)
Hibernate: 
    insert 
    into
        medicine
        (medicine_name, medicine_id) 
    values
        (?, ?)
Hibernate: 
    insert 
    into
        medicine
        (medicine_name, medicine_id) 
    values
        (?, ?)
Hibernate: 
    insert 
    into
        medicine
        (medicine_name, medicine_id) 
    values
        (?, ?)
Hibernate: 
    insert 
    into
        medicine
        (medicine_name, medicine_id) 
    values
        (?, ?)
Hibernate: 
    insert 
    into
        medicine
        (medicine_name, medicine_id) 
    values
        (?, ?)
Hibernate: 
    insert 
    into
        medicine
        (medicine_name, medicine_id) 
    values
        (?, ?)
Hibernate: 
    insert 
    into
        medicine
        (medicine_name, medicine_id) 
    values
        (?, ?)
Hibernate: 
    insert 
    into
        medicine
        (medicine_name, medicine_id) 
    values
        (?, ?)
Hibernate: 
    insert 
    into
        medicine
        (medicine_name, medicine_id) 
    values
        (?, ?)
Hibernate: 
    insert 
    into
        medicine
        (medicine_name, medicine_id) 
    values
        (?, ?)
Hibernate: 
    insert 
    into
        medicine
        (medicine_name, medicine_id) 
    values
        (?, ?)
Hibernate: 
    insert 
    into
        medicine
        (medicine_name, medicine_id) 
    values
        (?, ?)
Hibernate: 
    insert 
    into
        medicine
        (medicine_name, medicine_id) 
    values
        (?, ?)
Hibernate: 
    insert 
    into
        medicine
        (medicine_name, medicine_id) 
    values
        (?, ?)
Hibernate: 
    insert 
    into
        medicine
        (medicine_name, medicine_id) 
    values
        (?, ?)
Hibernate: 
    insert 
    into
        medicine
        (medicine_name, medicine_id) 
    values
        (?, ?)
Hibernate: 
    insert 
    into
        medicine
        (medicine_name, medicine_id) 
    values
        (?, ?)
Hibernate: 
    insert 
    into
        medicine
        (medicine_name, medicine_id) 
    values
        (?, ?)
Hibernate: 
    insert 
    into
        medicine
        (medicine_name, medicine_id) 
    values
        (?, ?)
Hibernate: 
    insert 
    into
        medicine
        (medicine_name, medicine_id) 
    values
        (?, ?)
Hibernate: 
    insert 
    into
        medicine
        (medicine_name, medicine_id) 
    values
        (?, ?)
Hibernate: 
    insert 
    into
        medicine
        (medicine_name, medicine_id) 
    values
        (?, ?)
Hibernate: 
    insert 
    into
        medicine
        (medicine_name, medicine_id) 
    values
        (?, ?)
Hibernate: 
    insert 
    into
        medicine
        (medicine_name, medicine_id) 
    values
        (?, ?)
Hibernate: 
    insert 
    into
        medicine
        (medicine_name, medicine_id) 
    values
        (?, ?)
Hibernate: 
    insert 
    into
        medicine
        (medicine_name, medicine_id) 
    values
        (?, ?)
Hibernate: 
    insert 
    into
        medicine
        (medicine_name, medicine_id) 
    values
        (?, ?)
Hibernate: 
    insert 
    into
        medicine
        (medicine_name, medicine_id) 
    values
        (?, ?)
Hibernate: 
    insert 
    into
        medicine
        (medicine_name, medicine_id) 
    values
        (?, ?)
Hibernate: 
    insert 
    into
        medicine
        (medicine_name, medicine_id) 
    values
        (?, ?)
Hibernate: 
    insert 
    into
        medicine
        (medicine_name, medicine_id) 
    values
        (?, ?)
Hibernate: 
    insert 
    into
        medicine
        (medicine_name, medicine_id) 
    values
        (?, ?)
Hibernate: 
    insert 
    into
        medicine
        (medicine_name, medicine_id) 
    values
        (?, ?)
Hibernate: 
    insert 
    into
        medicine
        (medicine_name, medicine_id) 
    values
        (?, ?)
Hibernate: 
    insert 
    into
        medicine
        (medicine_name, medicine_id) 
    values
        (?, ?)
Hibernate: 
    insert 
    into
        medicine
        (medicine_name, medicine_id) 
    values
        (?, ?)
Hibernate: 
    insert 
    into
        medicine
        (medicine_name, medicine_id) 
    values
        (?, ?)
Hibernate: 
    insert 
    into
        medicine
        (medicine_name, medicine_id) 
    values
        (?, ?)
Hibernate: 
    insert 
    into
        medicine
        (medicine_name, medicine_id) 
    values
        (?, ?)
Hibernate: 
    insert 
    into
        medicine
        (medicine_name, medicine_id) 
    values
        (?, ?)
Hibernate: 
    insert 
    into
        medicine
        (medicine_name, medicine_id) 
    values
        (?, ?)
Hibernate: 
    insert 
    into
        medicine
        (medicine_name, medicine_id) 
    values
        (?, ?)
Hibernate: 
    insert 
    into
        medicine
        (medicine_name, medicine_id) 
    values
        (?, ?)
Hibernate: 
    insert 
    into
        medicine
        (medicine_name, medicine_id) 
    values
        (?, ?)
Hibernate: 
    insert 
    into
        medicine
        (medicine_name, medicine_id) 
    values
        (?, ?)
Hibernate: 
    insert 
    into
        medicine
        (medicine_name, medicine_id) 
    values
        (?, ?)
Hibernate: 
    insert 
    into
        medicine
        (medicine_name, medicine_id) 
    values
        (?, ?)
Hibernate: 
    insert 
    into
        medicine
        (medicine_name, medicine_id) 
    values
        (?, ?)
Hibernate: 
    insert 
    into
        medicine
        (medicine_name, medicine_id) 
    values
        (?, ?)
Hibernate: 
    insert 
    into
        medicine
        (medicine_name, medicine_id) 
    values
        (?, ?)
Hibernate: 
    insert 
    into
        medicine
        (medicine_name, medicine_id) 
    values
        (?, ?)
Hibernate: 
    insert 
    into
        medicine
        (medicine_name, medicine_id) 
    values
        (?, ?)
Hibernate: 
    insert 
    into
        medicine
        (medicine_name, medicine_id) 
    values
        (?, ?)
Hibernate: 
    insert 
    into
        medicine
        (medicine_name, medicine_id) 
    values
        (?, ?)
Hibernate: 
    insert 
    into
        medicine
        (medicine_name, medicine_id) 
    values
        (?, ?)
Hibernate: 
    insert 
    into
        medicine
        (medicine_name, medicine_id) 
    values
        (?, ?)
Hibernate: 
    insert 
    into
        medicine
        (medicine_name, medicine_id) 
    values
        (?, ?)
Hibernate: 
    insert 
    into
        medicine
        (medicine_name, medicine_id) 
    values
        (?, ?)
Hibernate: 
    insert 
    into
        medicine
        (medicine_name, medicine_id) 
    values
        (?, ?)
Hibernate: 
    insert 
    into
        medicine
        (medicine_name, medicine_id) 
    values
        (?, ?)
Hibernate: 
    insert 
    into
        medicine
        (medicine_name, medicine_id) 
    values
        (?, ?)
Hibernate: 
    insert 
    into
        medicine
        (medicine_name, medicine_id) 
    values
        (?, ?)
Hibernate: 
    insert 
    into
        medicine
        (medicine_name, medicine_id) 
    values
        (?, ?)
Hibernate: 
    insert 
    into
        medicine
        (medicine_name, medicine_id) 
    values
        (?, ?)
Hibernate: 
    insert 
    into
        medicine
        (medicine_name, medicine_id) 
    values
        (?, ?)
Hibernate: 
    insert 
    into
        medicine
        (medicine_name, medicine_id) 
    values
        (?, ?)
Hibernate: 
    insert 
    into
        medicine
        (medicine_name, medicine_id) 
    values
        (?, ?)
Hibernate: 
    insert 
    into
        medicine
        (medicine_name, medicine_id) 
    values
        (?, ?)
Hibernate: 
    insert 
    into
        medicine
        (medicine_name, medicine_id) 
    values
        (?, ?)
Hibernate: 
    insert 
    into
        medicine
        (medicine_name, medicine_id) 
    values
        (?, ?)
Hibernate: 
    insert 
    into
        medicine
        (medicine_name, medicine_id) 
    values
        (?, ?)
Hibernate: 
    insert 
    into
        medicine
        (medicine_name, medicine_id) 
    values
        (?, ?)
Hibernate: 
    insert 
    into
        medicine
        (medicine_name, medicine_id) 
    values
        (?, ?)
Hibernate: 
    insert 
    into
        medicine
        (medicine_name, medicine_id) 
    values
        (?, ?)
Hibernate: 
    insert 
    into
        medicine
        (medicine_name, medicine_id) 
    values
        (?, ?)
Hibernate: 
    insert 
    into
        medicine
        (medicine_name, medicine_id) 
    values
        (?, ?)
Hibernate: 
    insert 
    into
        medicine
        (medicine_name, medicine_id) 
    values
        (?, ?)
Hibernate: 
    insert 
    into
        medicine
        (medicine_name, medicine_id) 
    values
        (?, ?)
Hibernate: 
    insert 
    into
        medicine
        (medicine_name, medicine_id) 
    values
        (?, ?)
Hibernate: 
    insert 
    into
        medicine
        (medicine_name, medicine_id) 
    values
        (?, ?)
Hibernate: 
    insert 
    into
        medicine
        (medicine_name, medicine_id) 
    values
        (?, ?)
Hibernate: 
    insert 
    into
        medicine
        (medicine_name, medicine_id) 
    values
        (?, ?)
Hibernate: 
    insert 
    into
        medicine
        (medicine_name, medicine_id) 
    values
        (?, ?)
Hibernate: 
    insert 
    into
        medicine
        (medicine_name, medicine_id) 
    values
        (?, ?)
Hibernate: 
    insert 
    into
        medicine
        (medicine_name, medicine_id) 
    values
        (?, ?)
Hibernate: 
    insert 
    into
        medicine
        (medicine_name, medicine_id) 
    values
        (?, ?)
Hibernate: 
    insert 
    into
        medicine
        (medicine_name, medicine_id) 
    values
        (?, ?)
Hibernate: 
    insert 
    into
        medicine
        (medicine_name, medicine_id) 
    values
        (?, ?)
Hibernate: 
    insert 
    into
        medicine
        (medicine_name, medicine_id) 
    values
        (?, ?)
Hibernate: 
    insert 
    into
        medicine
        (medicine_name, medicine_id) 
    values
        (?, ?)
Hibernate: 
    insert 
    into
        medicine
        (medicine_name, medicine_id) 
    values
        (?, ?)
Hibernate: 
    insert 
    into
        medicine
        (medicine_name, medicine_id) 
    values
        (?, ?)
Hibernate: 
    insert 
    into
        medicine
        (medicine_name, medicine_id) 
    values
        (?, ?)
Hibernate: 
    insert 
    into
        medicine
        (medicine_name, medicine_id) 
    values
        (?, ?)
Hibernate: 
    insert 
    into
        medicine
        (medicine_name, medicine_id) 
    values
        (?, ?)
Hibernate: 
    insert 
    into
        medicine
        (medicine_name, medicine_id) 
    values
        (?, ?)
Hibernate: 
    insert 
    into
        medicine
        (medicine_name, medicine_id) 
    values
        (?, ?)
Hibernate: 
    insert 
    into
        medicine
        (medicine_name, medicine_id) 
    values
        (?, ?)
Hibernate: 
    insert 
    into
        medicine
        (medicine_name, medicine_id) 
    values
        (?, ?)
Hibernate: 
    insert 
    into
        medicine
        (medicine_name, medicine_id) 
    values
        (?, ?)
Hibernate: 
    insert 
    into
        medicine
        (medicine_name, medicine_id) 
    values
        (?, ?)
Hibernate: 
    insert 
    into
        medicine
        (medicine_name, medicine_id) 
    values
        (?, ?)
Hibernate: 
    insert 
    into
        medicine
        (medicine_name, medicine_id) 
    values
        (?, ?)
Hibernate: 
    insert 
    into
        medicine
        (medicine_name, medicine_id) 
    values
        (?, ?)
Hibernate: 
    insert 
    into
        medicine
        (medicine_name, medicine_id) 
    values
        (?, ?)
Hibernate: 
    insert 
    into
        medicine
        (medicine_name, medicine_id) 
    values
        (?, ?)
Hibernate: 
    insert 
    into
        medicine
        (medicine_name, medicine_id) 
    values
        (?, ?)
Hibernate: 
    insert 
    into
        medicine
        (medicine_name, medicine_id) 
    values
        (?, ?)
Hibernate: 
    insert 
    into
        medicine
        (medicine_name, medicine_id) 
    values
        (?, ?)
Hibernate: 
    insert 
    into
        medicine
        (medicine_name, medicine_id) 
    values
        (?, ?)
Hibernate: 
    insert 
    into
        medicine
        (medicine_name, medicine_id) 
    values
        (?, ?)
Hibernate: 
    insert 
    into
        medicine
        (medicine_name, medicine_id) 
    values
        (?, ?)
Hibernate: 
    insert 
    into
        medicine
        (medicine_name, medicine_id) 
    values
        (?, ?)
Hibernate: 
    insert 
    into
        medicine
        (medicine_name, medicine_id) 
    values
        (?, ?)
Hibernate: 
    insert 
    into
        medicine
        (medicine_name, medicine_id) 
    values
        (?, ?)
Hibernate: 
    insert 
    into
        medicine
        (medicine_name, medicine_id) 
    values
        (?, ?)
Hibernate: 
    insert 
    into
        medicine
        (medicine_name, medicine_id) 
    values
        (?, ?)
Hibernate: 
    insert 
    into
        medicine
        (medicine_name, medicine_id) 
    values
        (?, ?)
Hibernate: 
    insert 
    into
        medicine
        (medicine_name, medicine_id) 
    values
        (?, ?)
Hibernate: 
    insert 
    into
        medicine
        (medicine_name, medicine_id) 
    values
        (?, ?)
Hibernate: 
    insert 
    into
        medicine
        (medicine_name, medicine_id) 
    values
        (?, ?)
Hibernate: 
    insert 
    into
        medicine
        (medicine_name, medicine_id) 
    values
        (?, ?)
Hibernate: 
    insert 
    into
        medicine
        (medicine_name, medicine_id) 
    values
        (?, ?)
Hibernate: 
    insert 
    into
        medicine
        (medicine_name, medicine_id) 
    values
        (?, ?)
Hibernate: 
    insert 
    into
        medicine
        (medicine_name, medicine_id) 
    values
        (?, ?)
Hibernate: 
    insert 
    into
        medicine
        (medicine_name, medicine_id) 
    values
        (?, ?)
Hibernate: 
    insert 
    into
        medicine
        (medicine_name, medicine_id) 
    values
        (?, ?)
Hibernate: 
    insert 
    into
        medicine
        (medicine_name, medicine_id) 
    values
        (?, ?)
Hibernate: 
    insert 
    into
        medicine
        (medicine_name, medicine_id) 
    values
        (?, ?)
Hibernate: 
    insert 
    into
        medicine
        (medicine_name, medicine_id) 
    values
        (?, ?)
Hibernate: 
    insert 
    into
        medicine
        (medicine_name, medicine_id) 
    values
        (?, ?)
Hibernate: 
    insert 
    into
        medicine
        (medicine_name, medicine_id) 
    values
        (?, ?)
Hibernate: 
    insert 
    into
        medicine
        (medicine_name, medicine_id) 
    values
        (?, ?)
Hibernate: 
    insert 
    into
        medicine
        (medicine_name, medicine_id) 
    values
        (?, ?)
Hibernate: 
    insert 
    into
        medicine
        (medicine_name, medicine_id) 
    values
        (?, ?)
Hibernate: 
    insert 
    into
        medicine
        (medicine_name, medicine_id) 
    values
        (?, ?)
Hibernate: 
    insert 
    into
        medicine
        (medicine_name, medicine_id) 
    values
        (?, ?)
Hibernate: 
    insert 
    into
        medicine
        (medicine_name, medicine_id) 
    values
        (?, ?)
Hibernate: 
    insert 
    into
        medicine
        (medicine_name, medicine_id) 
    values
        (?, ?)
Hibernate: 
    insert 
    into
        medicine
        (medicine_name, medicine_id) 
    values
        (?, ?)
Hibernate: 
    insert 
    into
        medicine
        (medicine_name, medicine_id) 
    values
        (?, ?)
Hibernate: 
    insert 
    into
        medicine
        (medicine_name, medicine_id) 
    values
        (?, ?)
Hibernate: 
    insert 
    into
        medicine
        (medicine_name, medicine_id) 
    values
        (?, ?)
Hibernate: 
    insert 
    into
        medicine
        (medicine_name, medicine_id) 
    values
        (?, ?)
Hibernate: 
    insert 
    into
        medicine
        (medicine_name, medicine_id) 
    values
        (?, ?)
Hibernate: 
    insert 
    into
        medicine
        (medicine_name, medicine_id) 
    values
        (?, ?)
Hibernate: 
    insert 
    into
        medicine
        (medicine_name, medicine_id) 
    values
        (?, ?)
Hibernate: 
    insert 
    into
        medicine
        (medicine_name, medicine_id) 
    values
        (?, ?)
Hibernate: 
    insert 
    into
        medicine
        (medicine_name, medicine_id) 
    values
        (?, ?)
Hibernate: 
    insert 
    into
        medicine
        (medicine_name, medicine_id) 
    values
        (?, ?)
Hibernate: 
    insert 
    into
        medicine
        (medicine_name, medicine_id) 
    values
        (?, ?)
Hibernate: 
    insert 
    into
        medicine
        (medicine_name, medicine_id) 
    values
        (?, ?)
Hibernate: 
    insert 
    into
        medicine
        (medicine_name, medicine_id) 
    values
        (?, ?)
Hibernate: 
    insert 
    into
        medicine
        (medicine_name, medicine_id) 
    values
        (?, ?)
Hibernate: 
    insert 
    into
        medicine
        (medicine_name, medicine_id) 
    values
        (?, ?)
Hibernate: 
    insert 
    into
        medicine
        (medicine_name, medicine_id) 
    values
        (?, ?)
Hibernate: 
    insert 
    into
        medicine
        (medicine_name, medicine_id) 
    values
        (?, ?)
Hibernate: 
    insert 
    into
        medicine
        (medicine_name, medicine_id) 
    values
        (?, ?)
Hibernate: 
    insert 
    into
        medicine
        (medicine_name, medicine_id) 
    values
        (?, ?)
Hibernate: 
    insert 
    into
        medicine
        (medicine_name, medicine_id) 
    values
        (?, ?)
Hibernate: 
    insert 
    into
        medicine
        (medicine_name, medicine_id) 
    values
        (?, ?)
Hibernate: 
    insert 
    into
        medicine
        (medicine_name, medicine_id) 
    values
        (?, ?)
Hibernate: 
    insert 
    into
        medicine
        (medicine_name, medicine_id) 
    values
        (?, ?)
Hibernate: 
    insert 
    into
        medicine
        (medicine_name, medicine_id) 
    values
        (?, ?)
Hibernate: 
    insert 
    into
        medicine
        (medicine_name, medicine_id) 
    values
        (?, ?)
Hibernate: 
    insert 
    into
        medicine
        (medicine_name, medicine_id) 
    values
        (?, ?)
Hibernate: 
    insert 
    into
        medicine
        (medicine_name, medicine_id) 
    values
        (?, ?)
Hibernate: 
    insert 
    into
        medicine
        (medicine_name, medicine_id) 
    values
        (?, ?)
Hibernate: 
    insert 
    into
        medicine
        (medicine_name, medicine_id) 
    values
        (?, ?)
Hibernate: 
    insert 
    into
        medicine
        (medicine_name, medicine_id) 
    values
        (?, ?)
Hibernate: 
    insert 
    into
        medicine
        (medicine_name, medicine_id) 
    values
        (?, ?)
Hibernate: 
    insert 
    into
        medicine
        (medicine_name, medicine_id) 
    values
        (?, ?)
Hibernate: 
    insert 
    into
        medicine
        (medicine_name, medicine_id) 
    values
        (?, ?)
Hibernate: 
    insert 
    into
        medicine
        (medicine_name, medicine_id) 
    values
        (?, ?)
Hibernate: 
    insert 
    into
        medicine
        (medicine_name, medicine_id) 
    values
        (?, ?)
Hibernate: 
    insert 
    into
        medicine
        (medicine_name, medicine_id) 
    values
        (?, ?)
Hibernate: 
    insert 
    into
        medicine
        (medicine_name, medicine_id) 
    values
        (?, ?)
Hibernate: 
    insert 
    into
        medicine
        (medicine_name, medicine_id) 
    values
        (?, ?)
Hibernate: 
    insert 
    into
        medicine
        (medicine_name, medicine_id) 
    values
        (?, ?)
Hibernate: 
    insert 
    into
        medicine
        (medicine_name, medicine_id) 
    values
        (?, ?)
Hibernate: 
    insert 
    into
        medicine
        (medicine_name, medicine_id) 
    values
        (?, ?)
Hibernate: 
    insert 
    into
        medicine
        (medicine_name, medicine_id) 
    values
        (?, ?)
Hibernate: 
    insert 
    into
        medicine
        (medicine_name, medicine_id) 
    values
        (?, ?)
Hibernate: 
    insert 
    into
        medicine
        (medicine_name, medicine_id) 
    values
        (?, ?)
Hibernate: 
    insert 
    into
        medicine
        (medicine_name, medicine_id) 
    values
        (?, ?)
Hibernate: 
    insert 
    into
        medicine
        (medicine_name, medicine_id) 
    values
        (?, ?)
Hibernate: 
    insert 
    into
        medicine
        (medicine_name, medicine_id) 
    values
        (?, ?)
Hibernate: 
    insert 
    into
        medicine
        (medicine_name, medicine_id) 
    values
        (?, ?)
Hibernate: 
    insert 
    into
        medicine
        (medicine_name, medicine_id) 
    values
        (?, ?)
Hibernate: 
    insert 
    into
        medicine
        (medicine_name, medicine_id) 
    values
        (?, ?)
Hibernate: 
    insert 
    into
        medicine
        (medicine_name, medicine_id) 
    values
        (?, ?)
Hibernate: 
    insert 
    into
        medicine
        (medicine_name, medicine_id) 
    values
        (?, ?)
Hibernate: 
    insert 
    into
        medicine
        (medicine_name, medicine_id) 
    values
        (?, ?)
Hibernate: 
    insert 
    into
        medicine
        (medicine_name, medicine_id) 
    values
        (?, ?)
Hibernate: 
    insert 
    into
        medicine
        (medicine_name, medicine_id) 
    values
        (?, ?)
Hibernate: 
    insert 
    into
        medicine
        (medicine_name, medicine_id) 
    values
        (?, ?)
Hibernate: 
    insert 
    into
        medicine
        (medicine_name, medicine_id) 
    values
        (?, ?)
Hibernate: 
    insert 
    into
        medicine
        (medicine_name, medicine_id) 
    values
        (?, ?)
Hibernate: 
    insert 
    into
        medicine
        (medicine_name, medicine_id) 
    values
        (?, ?)
Hibernate: 
    insert 
    into
        medicine
        (medicine_name, medicine_id) 
    values
        (?, ?)
Hibernate: 
    insert 
    into
        medicine
        (medicine_name, medicine_id) 
    values
        (?, ?)
Hibernate: 
    insert 
    into
        medicine
        (medicine_name, medicine_id) 
    values
        (?, ?)
Hibernate: 
    insert 
    into
        medicine
        (medicine_name, medicine_id) 
    values
        (?, ?)
Hibernate: 
    insert 
    into
        medicine
        (medicine_name, medicine_id) 
    values
        (?, ?)
Hibernate: 
    insert 
    into
        medicine
        (medicine_name, medicine_id) 
    values
        (?, ?)
Hibernate: 
    insert 
    into
        medicine
        (medicine_name, medicine_id) 
    values
        (?, ?)
Hibernate: 
    insert 
    into
        medicine
        (medicine_name, medicine_id) 
    values
        (?, ?)
Hibernate: 
    insert 
    into
        medicine
        (medicine_name, medicine_id) 
    values
        (?, ?)
Hibernate: 
    insert 
    into
        medicine
        (medicine_name, medicine_id) 
    values
        (?, ?)
Hibernate: 
    insert 
    into
        medicine
        (medicine_name, medicine_id) 
    values
        (?, ?)
Hibernate: 
    insert 
    into
        medicine
        (medicine_name, medicine_id) 
    values
        (?, ?)
Hibernate: 
    insert 
    into
        medicine
        (medicine_name, medicine_id) 
    values
        (?, ?)
Hibernate: 
    insert 
    into
        medicine
        (medicine_name, medicine_id) 
    values
        (?, ?)
Hibernate: 
    insert 
    into
        region
        (region_boundary, region_name, region_id) 
    values
        (?, ?, ?)
Hibernate: 
    insert 
    into
        region
        (region_boundary, region_name, region_id) 
    values
        (?, ?, ?)
Hibernate: 
    insert 
    into
        region
        (region_boundary, region_name, region_id) 
    values
        (?, ?, ?)
Hibernate: 
    insert 
    into
        region
        (region_boundary, region_name, region_id) 
    values
        (?, ?, ?)
Hibernate: 
    insert 
    into
        region
        (region_boundary, region_name, region_id) 
    values
        (?, ?, ?)
Hibernate: 
    insert 
    into
        region
        (region_boundary, region_name, region_id) 
    values
        (?, ?, ?)
Hibernate: 
    insert 
    into
        region
        (region_boundary, region_name, region_id) 
    values
        (?, ?, ?)
Hibernate: 
    insert 
    into
        region
        (region_boundary, region_name, region_id) 
    values
        (?, ?, ?)
Hibernate: 
    insert 
    into
        region
        (region_boundary, region_name, region_id) 
    values
        (?, ?, ?)
Hibernate: 
    insert 
    into
        region
        (region_boundary, region_name, region_id) 
    values
        (?, ?, ?)
Hibernate: 
    insert 
    into
        users_roles
        (user_id, role_id) 
    values
        (?, ?)
Hibernate: 
    select
        count(*) as col_0_0_ 
    from
        pharmacy pharmacy0_
Hibernate: 
    select
        nextval ('hibernate_sequence')
Hibernate: 
    select
        region0_.region_id as region_i1_5_,
        region0_.region_boundary as region_b2_5_,
        region0_.region_name as region_n3_5_ 
    from
        region region0_
Kolfe Keranio
Akaki Kaliti
Nefas Silk
Yeka
Lideta
Gulale
Kirkos
Addis Ketema
Bole
Arada
Hibernate: 
    select
        nextval ('hibernate_sequence')
Hibernate: 
    insert 
    into
        file_info
        (name, url, id) 
    values
        (?, ?, ?)
Hibernate: 
    insert 
    into
        pharmacy
        (pharmacy_address, fk_license_file, pharmacy_location, pharmacy_name, fk_owner, fk_server, fk_region, pharmacy_id) 
    values
        (?, ?, ?, ?, ?, ?, ?, ?)
Hibernate: 
    SELECT
        u.id,
        u.email,
        u.password ,
        u.first_name,
        u.last_name 
    FROM
        users u 
    INNER JOIN
        users_roles ur 
            ON u.id = ur.user_id 
    WHERE
        u.email = ?
Hibernate: 
    select
        nextval ('hibernate_sequence')
Hibernate: 
    select
        medicine0_.medicine_id as medicine1_1_,
        medicine0_.medicine_name as medicine2_1_ 
    from
        medicine medicine0_
Hibernate: 
    select
        nextval ('hibernate_sequence')
Hibernate: 
    select
        region0_.region_id as region_i1_5_,
        region0_.region_boundary as region_b2_5_,
        region0_.region_name as region_n3_5_ 
    from
        region region0_
Kolfe Keranio
Akaki Kaliti
Nefas Silk
Yeka
Lideta
Gulale
Kirkos
Addis Ketema
Bole
Arada
Hibernate: 
    select
        nextval ('hibernate_sequence')
Hibernate: 
    insert 
    into
        server
        (server_database_name, drug_inventory, database_engine, server_hostname, password, server_listening_port, username, server_id) 
    values
        (?, ?, ?, ?, ?, ?, ?, ?)
Hibernate: 
    insert 
    into
        file_info
        (name, url, id) 
    values
        (?, ?, ?)
Hibernate: 
    insert 
    into
        pharmacy
        (pharmacy_address, fk_license_file, pharmacy_location, pharmacy_name, fk_owner, fk_server, fk_region, pharmacy_id) 
    values
        (?, ?, ?, ?, ?, ?, ?, ?)
Hibernate: 
    update
        pharmacy 
    set
        pharmacy_address=?,
        fk_license_file=?,
        pharmacy_location=?,
        pharmacy_name=?,
        fk_owner=?,
        fk_server=?,
        fk_region=? 
    where
        pharmacy_id=?
Hibernate: 
    SELECT
        u.id,
        u.email,
        u.password ,
        u.first_name,
        u.last_name 
    FROM
        users u 
    INNER JOIN
        users_roles ur 
            ON u.id = ur.user_id 
    WHERE
        u.email = ?
Hibernate: 
    select
        nextval ('hibernate_sequence')
Hibernate: 
    select
        medicine0_.medicine_id as medicine1_1_,
        medicine0_.medicine_name as medicine2_1_ 
    from
        medicine medicine0_
Hibernate: 
    select
        nextval ('hibernate_sequence')
Hibernate: 
    select
        region0_.region_id as region_i1_5_,
        region0_.region_boundary as region_b2_5_,
        region0_.region_name as region_n3_5_ 
    from
        region region0_
Kolfe Keranio
Akaki Kaliti
Nefas Silk
Yeka
Lideta
Gulale
Kirkos
Addis Ketema
Bole
Arada
Hibernate: 
    select
        nextval ('hibernate_sequence')
Hibernate: 
    insert 
    into
        server
        (server_database_name, drug_inventory, database_engine, server_hostname, password, server_listening_port, username, server_id) 
    values
        (?, ?, ?, ?, ?, ?, ?, ?)
Hibernate: 
    insert 
    into
        file_info
        (name, url, id) 
    values
        (?, ?, ?)
Hibernate: 
    insert 
    into
        pharmacy
        (pharmacy_address, fk_license_file, pharmacy_location, pharmacy_name, fk_owner, fk_server, fk_region, pharmacy_id) 
    values
        (?, ?, ?, ?, ?, ?, ?, ?)
Hibernate: 
    update
        pharmacy 
    set
        pharmacy_address=?,
        fk_license_file=?,
        pharmacy_location=?,
        pharmacy_name=?,
        fk_owner=?,
        fk_server=?,
        fk_region=? 
    where
        pharmacy_id=?
Hibernate: 
    SELECT
        u.id,
        u.email,
        u.password ,
        u.first_name,
        u.last_name 
    FROM
        users u 
    INNER JOIN
        users_roles ur 
            ON u.id = ur.user_id 
    WHERE
        u.email = ?
Hibernate: 
    select
        nextval ('hibernate_sequence')
Hibernate: 
    select
        medicine0_.medicine_id as medicine1_1_,
        medicine0_.medicine_name as medicine2_1_ 
    from
        medicine medicine0_
Hibernate: 
    select
        nextval ('hibernate_sequence')
Hibernate: 
    select
        region0_.region_id as region_i1_5_,
        region0_.region_boundary as region_b2_5_,
        region0_.region_name as region_n3_5_ 
    from
        region region0_
Kolfe Keranio
Akaki Kaliti
Nefas Silk
Yeka
Lideta
Gulale
Kirkos
Addis Ketema
Bole
Arada
Hibernate: 
    select
        nextval ('hibernate_sequence')
Hibernate: 
    insert 
    into
        server
        (server_database_name, drug_inventory, database_engine, server_hostname, password, server_listening_port, username, server_id) 
    values
        (?, ?, ?, ?, ?, ?, ?, ?)
Hibernate: 
    insert 
    into
        file_info
        (name, url, id) 
    values
        (?, ?, ?)
Hibernate: 
    insert 
    into
        pharmacy
        (pharmacy_address, fk_license_file, pharmacy_location, pharmacy_name, fk_owner, fk_server, fk_region, pharmacy_id) 
    values
        (?, ?, ?, ?, ?, ?, ?, ?)
Hibernate: 
    update
        pharmacy 
    set
        pharmacy_address=?,
        fk_license_file=?,
        pharmacy_location=?,
        pharmacy_name=?,
        fk_owner=?,
        fk_server=?,
        fk_region=? 
    where
        pharmacy_id=?
Hibernate: 
    SELECT
        u.id,
        u.email,
        u.password ,
        u.first_name,
        u.last_name 
    FROM
        users u 
    INNER JOIN
        users_roles ur 
            ON u.id = ur.user_id 
    WHERE
        u.email = ?
Hibernate: 
    select
        nextval ('hibernate_sequence')
Hibernate: 
    select
        medicine0_.medicine_id as medicine1_1_,
        medicine0_.medicine_name as medicine2_1_ 
    from
        medicine medicine0_
Hibernate: 
    select
        nextval ('hibernate_sequence')
Hibernate: 
    select
        region0_.region_id as region_i1_5_,
        region0_.region_boundary as region_b2_5_,
        region0_.region_name as region_n3_5_ 
    from
        region region0_
Kolfe Keranio
Akaki Kaliti
Nefas Silk
Yeka
Lideta
Gulale
Kirkos
Addis Ketema
Bole
Arada
Hibernate: 
    select
        nextval ('hibernate_sequence')
Hibernate: 
    insert 
    into
        server
        (server_database_name, drug_inventory, database_engine, server_hostname, password, server_listening_port, username, server_id) 
    values
        (?, ?, ?, ?, ?, ?, ?, ?)
Hibernate: 
    insert 
    into
        file_info
        (name, url, id) 
    values
        (?, ?, ?)
Hibernate: 
    insert 
    into
        pharmacy
        (pharmacy_address, fk_license_file, pharmacy_location, pharmacy_name, fk_owner, fk_server, fk_region, pharmacy_id) 
    values
        (?, ?, ?, ?, ?, ?, ?, ?)
Hibernate: 
    update
        pharmacy 
    set
        pharmacy_address=?,
        fk_license_file=?,
        pharmacy_location=?,
        pharmacy_name=?,
        fk_owner=?,
        fk_server=?,
        fk_region=? 
    where
        pharmacy_id=?
Hibernate: 
    SELECT
        u.id,
        u.email,
        u.password ,
        u.first_name,
        u.last_name 
    FROM
        users u 
    INNER JOIN
        users_roles ur 
            ON u.id = ur.user_id 
    WHERE
        u.email = ?
Hibernate: 
    select
        nextval ('hibernate_sequence')
Hibernate: 
    select
        medicine0_.medicine_id as medicine1_1_,
        medicine0_.medicine_name as medicine2_1_ 
    from
        medicine medicine0_
Hibernate: 
    select
        nextval ('hibernate_sequence')
Hibernate: 
    select
        region0_.region_id as region_i1_5_,
        region0_.region_boundary as region_b2_5_,
        region0_.region_name as region_n3_5_ 
    from
        region region0_
Kolfe Keranio
Akaki Kaliti
Nefas Silk
Yeka
Lideta
Gulale
Kirkos
Addis Ketema
Bole
Arada
Hibernate: 
    select
        nextval ('hibernate_sequence')
Hibernate: 
    insert 
    into
        server
        (server_database_name, drug_inventory, database_engine, server_hostname, password, server_listening_port, username, server_id) 
    values
        (?, ?, ?, ?, ?, ?, ?, ?)
Hibernate: 
    insert 
    into
        file_info
        (name, url, id) 
    values
        (?, ?, ?)
Hibernate: 
    insert 
    into
        pharmacy
        (pharmacy_address, fk_license_file, pharmacy_location, pharmacy_name, fk_owner, fk_server, fk_region, pharmacy_id) 
    values
        (?, ?, ?, ?, ?, ?, ?, ?)
Hibernate: 
    update
        pharmacy 
    set
        pharmacy_address=?,
        fk_license_file=?,
        pharmacy_location=?,
        pharmacy_name=?,
        fk_owner=?,
        fk_server=?,
        fk_region=? 
    where
        pharmacy_id=?
Hibernate: 
    SELECT
        u.id,
        u.email,
        u.password ,
        u.first_name,
        u.last_name 
    FROM
        users u 
    INNER JOIN
        users_roles ur 
            ON u.id = ur.user_id 
    WHERE
        u.email = ?
Hibernate: 
    select
        nextval ('hibernate_sequence')
Hibernate: 
    select
        medicine0_.medicine_id as medicine1_1_,
        medicine0_.medicine_name as medicine2_1_ 
    from
        medicine medicine0_
Hibernate: 
    select
        nextval ('hibernate_sequence')
Hibernate: 
    select
        region0_.region_id as region_i1_5_,
        region0_.region_boundary as region_b2_5_,
        region0_.region_name as region_n3_5_ 
    from
        region region0_
Kolfe Keranio
Akaki Kaliti
Nefas Silk
Yeka
Lideta
Gulale
Kirkos
Addis Ketema
Bole
Arada
Hibernate: 
    select
        nextval ('hibernate_sequence')
Hibernate: 
    insert 
    into
        server
        (server_database_name, drug_inventory, database_engine, server_hostname, password, server_listening_port, username, server_id) 
    values
        (?, ?, ?, ?, ?, ?, ?, ?)
Hibernate: 
    insert 
    into
        file_info
        (name, url, id) 
    values
        (?, ?, ?)
Hibernate: 
    insert 
    into
        pharmacy
        (pharmacy_address, fk_license_file, pharmacy_location, pharmacy_name, fk_owner, fk_server, fk_region, pharmacy_id) 
    values
        (?, ?, ?, ?, ?, ?, ?, ?)
Hibernate: 
    update
        pharmacy 
    set
        pharmacy_address=?,
        fk_license_file=?,
        pharmacy_location=?,
        pharmacy_name=?,
        fk_owner=?,
        fk_server=?,
        fk_region=? 
    where
        pharmacy_id=?
Hibernate: 
    SELECT
        u.id,
        u.email,
        u.password ,
        u.first_name,
        u.last_name 
    FROM
        users u 
    INNER JOIN
        users_roles ur 
            ON u.id = ur.user_id 
    WHERE
        u.email = ?
Hibernate: 
    select
        nextval ('hibernate_sequence')
Hibernate: 
    select
        medicine0_.medicine_id as medicine1_1_,
        medicine0_.medicine_name as medicine2_1_ 
    from
        medicine medicine0_
Hibernate: 
    select
        nextval ('hibernate_sequence')
Hibernate: 
    select
        region0_.region_id as region_i1_5_,
        region0_.region_boundary as region_b2_5_,
        region0_.region_name as region_n3_5_ 
    from
        region region0_
Kolfe Keranio
Akaki Kaliti
Nefas Silk
Yeka
Lideta
Gulale
Kirkos
Addis Ketema
Bole
Arada
Hibernate: 
    select
        nextval ('hibernate_sequence')
Hibernate: 
    insert 
    into
        server
        (server_database_name, drug_inventory, database_engine, server_hostname, password, server_listening_port, username, server_id) 
    values
        (?, ?, ?, ?, ?, ?, ?, ?)
Hibernate: 
    insert 
    into
        file_info
        (name, url, id) 
    values
        (?, ?, ?)
Hibernate: 
    insert 
    into
        pharmacy
        (pharmacy_address, fk_license_file, pharmacy_location, pharmacy_name, fk_owner, fk_server, fk_region, pharmacy_id) 
    values
        (?, ?, ?, ?, ?, ?, ?, ?)
Hibernate: 
    update
        pharmacy 
    set
        pharmacy_address=?,
        fk_license_file=?,
        pharmacy_location=?,
        pharmacy_name=?,
        fk_owner=?,
        fk_server=?,
        fk_region=? 
    where
        pharmacy_id=?
Hibernate: 
    SELECT
        u.id,
        u.email,
        u.password ,
        u.first_name,
        u.last_name 
    FROM
        users u 
    INNER JOIN
        users_roles ur 
            ON u.id = ur.user_id 
    WHERE
        u.email = ?
Hibernate: 
    select
        nextval ('hibernate_sequence')
Hibernate: 
    select
        medicine0_.medicine_id as medicine1_1_,
        medicine0_.medicine_name as medicine2_1_ 
    from
        medicine medicine0_
Hibernate: 
    select
        nextval ('hibernate_sequence')
Hibernate: 
    select
        region0_.region_id as region_i1_5_,
        region0_.region_boundary as region_b2_5_,
        region0_.region_name as region_n3_5_ 
    from
        region region0_
Kolfe Keranio
Akaki Kaliti
Nefas Silk
Yeka
Lideta
Gulale
Kirkos
Addis Ketema
Bole
Arada
Hibernate: 
    select
        nextval ('hibernate_sequence')
Hibernate: 
    insert 
    into
        server
        (server_database_name, drug_inventory, database_engine, server_hostname, password, server_listening_port, username, server_id) 
    values
        (?, ?, ?, ?, ?, ?, ?, ?)
Hibernate: 
    insert 
    into
        file_info
        (name, url, id) 
    values
        (?, ?, ?)
Hibernate: 
    insert 
    into
        pharmacy
        (pharmacy_address, fk_license_file, pharmacy_location, pharmacy_name, fk_owner, fk_server, fk_region, pharmacy_id) 
    values
        (?, ?, ?, ?, ?, ?, ?, ?)
Hibernate: 
    update
        pharmacy 
    set
        pharmacy_address=?,
        fk_license_file=?,
        pharmacy_location=?,
        pharmacy_name=?,
        fk_owner=?,
        fk_server=?,
        fk_region=? 
    where
        pharmacy_id=?
Hibernate: 
    SELECT
        u.id,
        u.email,
        u.password ,
        u.first_name,
        u.last_name 
    FROM
        users u 
    INNER JOIN
        users_roles ur 
            ON u.id = ur.user_id 
    WHERE
        u.email = ?
Hibernate: 
    select
        nextval ('hibernate_sequence')
Hibernate: 
    select
        medicine0_.medicine_id as medicine1_1_,
        medicine0_.medicine_name as medicine2_1_ 
    from
        medicine medicine0_
Hibernate: 
    select
        nextval ('hibernate_sequence')
Hibernate: 
    select
        region0_.region_id as region_i1_5_,
        region0_.region_boundary as region_b2_5_,
        region0_.region_name as region_n3_5_ 
    from
        region region0_
Kolfe Keranio
Akaki Kaliti
Nefas Silk
Yeka
Lideta
Gulale
Kirkos
Addis Ketema
Bole
Arada
Hibernate: 
    select
        nextval ('hibernate_sequence')
Hibernate: 
    insert 
    into
        server
        (server_database_name, drug_inventory, database_engine, server_hostname, password, server_listening_port, username, server_id) 
    values
        (?, ?, ?, ?, ?, ?, ?, ?)
Hibernate: 
    insert 
    into
        file_info
        (name, url, id) 
    values
        (?, ?, ?)
Hibernate: 
    insert 
    into
        pharmacy
        (pharmacy_address, fk_license_file, pharmacy_location, pharmacy_name, fk_owner, fk_server, fk_region, pharmacy_id) 
    values
        (?, ?, ?, ?, ?, ?, ?, ?)
Hibernate: 
    update
        pharmacy 
    set
        pharmacy_address=?,
        fk_license_file=?,
        pharmacy_location=?,
        pharmacy_name=?,
        fk_owner=?,
        fk_server=?,
        fk_region=? 
    where
        pharmacy_id=?
Hibernate: 
    SELECT
        u.id,
        u.email,
        u.password ,
        u.first_name,
        u.last_name 
    FROM
        users u 
    INNER JOIN
        users_roles ur 
            ON u.id = ur.user_id 
    WHERE
        u.email = ?
Hibernate: 
    select
        nextval ('hibernate_sequence')
Hibernate: 
    select
        medicine0_.medicine_id as medicine1_1_,
        medicine0_.medicine_name as medicine2_1_ 
    from
        medicine medicine0_
Hibernate: 
    select
        nextval ('hibernate_sequence')
Hibernate: 
    select
        region0_.region_id as region_i1_5_,
        region0_.region_boundary as region_b2_5_,
        region0_.region_name as region_n3_5_ 
    from
        region region0_
Kolfe Keranio
Akaki Kaliti
Nefas Silk
Yeka
Lideta
Gulale
Kirkos
Addis Ketema
Bole
Arada
Hibernate: 
    select
        nextval ('hibernate_sequence')
Hibernate: 
    insert 
    into
        server
        (server_database_name, drug_inventory, database_engine, server_hostname, password, server_listening_port, username, server_id) 
    values
        (?, ?, ?, ?, ?, ?, ?, ?)
Hibernate: 
    insert 
    into
        file_info
        (name, url, id) 
    values
        (?, ?, ?)
Hibernate: 
    insert 
    into
        pharmacy
        (pharmacy_address, fk_license_file, pharmacy_location, pharmacy_name, fk_owner, fk_server, fk_region, pharmacy_id) 
    values
        (?, ?, ?, ?, ?, ?, ?, ?)
Hibernate: 
    update
        pharmacy 
    set
        pharmacy_address=?,
        fk_license_file=?,
        pharmacy_location=?,
        pharmacy_name=?,
        fk_owner=?,
        fk_server=?,
        fk_region=? 
    where
        pharmacy_id=?
Hibernate: 
    SELECT
        u.id,
        u.email,
        u.password ,
        u.first_name,
        u.last_name 
    FROM
        users u 
    INNER JOIN
        users_roles ur 
            ON u.id = ur.user_id 
    WHERE
        u.email = ?
Hibernate: 
    select
        nextval ('hibernate_sequence')
Hibernate: 
    select
        medicine0_.medicine_id as medicine1_1_,
        medicine0_.medicine_name as medicine2_1_ 
    from
        medicine medicine0_
Hibernate: 
    select
        nextval ('hibernate_sequence')
Hibernate: 
    select
        region0_.region_id as region_i1_5_,
        region0_.region_boundary as region_b2_5_,
        region0_.region_name as region_n3_5_ 
    from
        region region0_
Kolfe Keranio
Akaki Kaliti
Nefas Silk
Yeka
Lideta
Gulale
Kirkos
Addis Ketema
Bole
Arada
Hibernate: 
    select
        nextval ('hibernate_sequence')
Hibernate: 
    insert 
    into
        server
        (server_database_name, drug_inventory, database_engine, server_hostname, password, server_listening_port, username, server_id) 
    values
        (?, ?, ?, ?, ?, ?, ?, ?)
Hibernate: 
    insert 
    into
        file_info
        (name, url, id) 
    values
        (?, ?, ?)
Hibernate: 
    insert 
    into
        pharmacy
        (pharmacy_address, fk_license_file, pharmacy_location, pharmacy_name, fk_owner, fk_server, fk_region, pharmacy_id) 
    values
        (?, ?, ?, ?, ?, ?, ?, ?)
Hibernate: 
    update
        pharmacy 
    set
        pharmacy_address=?,
        fk_license_file=?,
        pharmacy_location=?,
        pharmacy_name=?,
        fk_owner=?,
        fk_server=?,
        fk_region=? 
    where
        pharmacy_id=?
Hibernate: 
    SELECT
        u.id,
        u.email,
        u.password ,
        u.first_name,
        u.last_name 
    FROM
        users u 
    INNER JOIN
        users_roles ur 
            ON u.id = ur.user_id 
    WHERE
        u.email = ?
Hibernate: 
    select
        nextval ('hibernate_sequence')
Hibernate: 
    select
        medicine0_.medicine_id as medicine1_1_,
        medicine0_.medicine_name as medicine2_1_ 
    from
        medicine medicine0_
Hibernate: 
    select
        nextval ('hibernate_sequence')
Hibernate: 
    select
        region0_.region_id as region_i1_5_,
        region0_.region_boundary as region_b2_5_,
        region0_.region_name as region_n3_5_ 
    from
        region region0_
Kolfe Keranio
Akaki Kaliti
Nefas Silk
Yeka
Lideta
Gulale
Kirkos
Addis Ketema
Bole
Arada
Hibernate: 
    select
        nextval ('hibernate_sequence')
Hibernate: 
    insert 
    into
        server
        (server_database_name, drug_inventory, database_engine, server_hostname, password, server_listening_port, username, server_id) 
    values
        (?, ?, ?, ?, ?, ?, ?, ?)
Hibernate: 
    insert 
    into
        file_info
        (name, url, id) 
    values
        (?, ?, ?)
Hibernate: 
    insert 
    into
        pharmacy
        (pharmacy_address, fk_license_file, pharmacy_location, pharmacy_name, fk_owner, fk_server, fk_region, pharmacy_id) 
    values
        (?, ?, ?, ?, ?, ?, ?, ?)
Hibernate: 
    update
        pharmacy 
    set
        pharmacy_address=?,
        fk_license_file=?,
        pharmacy_location=?,
        pharmacy_name=?,
        fk_owner=?,
        fk_server=?,
        fk_region=? 
    where
        pharmacy_id=?
Hibernate: 
    SELECT
        u.id,
        u.email,
        u.password ,
        u.first_name,
        u.last_name 
    FROM
        users u 
    INNER JOIN
        users_roles ur 
            ON u.id = ur.user_id 
    WHERE
        u.email = ?
Hibernate: 
    select
        nextval ('hibernate_sequence')
Hibernate: 
    select
        medicine0_.medicine_id as medicine1_1_,
        medicine0_.medicine_name as medicine2_1_ 
    from
        medicine medicine0_
Hibernate: 
    select
        nextval ('hibernate_sequence')
Hibernate: 
    select
        region0_.region_id as region_i1_5_,
        region0_.region_boundary as region_b2_5_,
        region0_.region_name as region_n3_5_ 
    from
        region region0_
Kolfe Keranio
Akaki Kaliti
Nefas Silk
Yeka
Lideta
Gulale
Kirkos
Addis Ketema
Bole
Arada
Hibernate: 
    select
        nextval ('hibernate_sequence')
Hibernate: 
    insert 
    into
        server
        (server_database_name, drug_inventory, database_engine, server_hostname, password, server_listening_port, username, server_id) 
    values
        (?, ?, ?, ?, ?, ?, ?, ?)
Hibernate: 
    insert 
    into
        file_info
        (name, url, id) 
    values
        (?, ?, ?)
Hibernate: 
    insert 
    into
        pharmacy
        (pharmacy_address, fk_license_file, pharmacy_location, pharmacy_name, fk_owner, fk_server, fk_region, pharmacy_id) 
    values
        (?, ?, ?, ?, ?, ?, ?, ?)
Hibernate: 
    update
        pharmacy 
    set
        pharmacy_address=?,
        fk_license_file=?,
        pharmacy_location=?,
        pharmacy_name=?,
        fk_owner=?,
        fk_server=?,
        fk_region=? 
    where
        pharmacy_id=?
Hibernate: 
    SELECT
        u.id,
        u.email,
        u.password ,
        u.first_name,
        u.last_name 
    FROM
        users u 
    INNER JOIN
        users_roles ur 
            ON u.id = ur.user_id 
    WHERE
        u.email = ?
Hibernate: 
    select
        nextval ('hibernate_sequence')
Hibernate: 
    select
        medicine0_.medicine_id as medicine1_1_,
        medicine0_.medicine_name as medicine2_1_ 
    from
        medicine medicine0_
Hibernate: 
    select
        nextval ('hibernate_sequence')
Hibernate: 
    select
        region0_.region_id as region_i1_5_,
        region0_.region_boundary as region_b2_5_,
        region0_.region_name as region_n3_5_ 
    from
        region region0_
Kolfe Keranio
Akaki Kaliti
Nefas Silk
Yeka
Lideta
Gulale
Kirkos
Addis Ketema
Bole
Arada
Hibernate: 
    select
        nextval ('hibernate_sequence')
Hibernate: 
    insert 
    into
        server
        (server_database_name, drug_inventory, database_engine, server_hostname, password, server_listening_port, username, server_id) 
    values
        (?, ?, ?, ?, ?, ?, ?, ?)
Hibernate: 
    insert 
    into
        file_info
        (name, url, id) 
    values
        (?, ?, ?)
Hibernate: 
    insert 
    into
        pharmacy
        (pharmacy_address, fk_license_file, pharmacy_location, pharmacy_name, fk_owner, fk_server, fk_region, pharmacy_id) 
    values
        (?, ?, ?, ?, ?, ?, ?, ?)
Hibernate: 
    update
        pharmacy 
    set
        pharmacy_address=?,
        fk_license_file=?,
        pharmacy_location=?,
        pharmacy_name=?,
        fk_owner=?,
        fk_server=?,
        fk_region=? 
    where
        pharmacy_id=?
Hibernate: 
    SELECT
        u.id,
        u.email,
        u.password ,
        u.first_name,
        u.last_name 
    FROM
        users u 
    INNER JOIN
        users_roles ur 
            ON u.id = ur.user_id 
    WHERE
        u.email = ?
Hibernate: 
    select
        nextval ('hibernate_sequence')
Hibernate: 
    select
        medicine0_.medicine_id as medicine1_1_,
        medicine0_.medicine_name as medicine2_1_ 
    from
        medicine medicine0_
Hibernate: 
    select
        nextval ('hibernate_sequence')
Hibernate: 
    select
        region0_.region_id as region_i1_5_,
        region0_.region_boundary as region_b2_5_,
        region0_.region_name as region_n3_5_ 
    from
        region region0_
Kolfe Keranio
Akaki Kaliti
Nefas Silk
Yeka
Lideta
Gulale
Kirkos
Addis Ketema
Bole
Arada
Hibernate: 
    select
        nextval ('hibernate_sequence')
Hibernate: 
    insert 
    into
        server
        (server_database_name, drug_inventory, database_engine, server_hostname, password, server_listening_port, username, server_id) 
    values
        (?, ?, ?, ?, ?, ?, ?, ?)
Hibernate: 
    insert 
    into
        file_info
        (name, url, id) 
    values
        (?, ?, ?)
Hibernate: 
    insert 
    into
        pharmacy
        (pharmacy_address, fk_license_file, pharmacy_location, pharmacy_name, fk_owner, fk_server, fk_region, pharmacy_id) 
    values
        (?, ?, ?, ?, ?, ?, ?, ?)
Hibernate: 
    update
        pharmacy 
    set
        pharmacy_address=?,
        fk_license_file=?,
        pharmacy_location=?,
        pharmacy_name=?,
        fk_owner=?,
        fk_server=?,
        fk_region=? 
    where
        pharmacy_id=?
Hibernate: 
    SELECT
        u.id,
        u.email,
        u.password ,
        u.first_name,
        u.last_name 
    FROM
        users u 
    INNER JOIN
        users_roles ur 
            ON u.id = ur.user_id 
    WHERE
        u.email = ?
Hibernate: 
    select
        nextval ('hibernate_sequence')
Hibernate: 
    select
        medicine0_.medicine_id as medicine1_1_,
        medicine0_.medicine_name as medicine2_1_ 
    from
        medicine medicine0_
Hibernate: 
    select
        nextval ('hibernate_sequence')
Hibernate: 
    select
        region0_.region_id as region_i1_5_,
        region0_.region_boundary as region_b2_5_,
        region0_.region_name as region_n3_5_ 
    from
        region region0_
Kolfe Keranio
Akaki Kaliti
Nefas Silk
Yeka
Lideta
Gulale
Kirkos
Addis Ketema
Bole
Arada
Hibernate: 
    select
        nextval ('hibernate_sequence')
Hibernate: 
    insert 
    into
        server
        (server_database_name, drug_inventory, database_engine, server_hostname, password, server_listening_port, username, server_id) 
    values
        (?, ?, ?, ?, ?, ?, ?, ?)
Hibernate: 
    insert 
    into
        file_info
        (name, url, id) 
    values
        (?, ?, ?)
Hibernate: 
    insert 
    into
        pharmacy
        (pharmacy_address, fk_license_file, pharmacy_location, pharmacy_name, fk_owner, fk_server, fk_region, pharmacy_id) 
    values
        (?, ?, ?, ?, ?, ?, ?, ?)
Hibernate: 
    update
        pharmacy 
    set
        pharmacy_address=?,
        fk_license_file=?,
        pharmacy_location=?,
        pharmacy_name=?,
        fk_owner=?,
        fk_server=?,
        fk_region=? 
    where
        pharmacy_id=?
Hibernate: 
    SELECT
        u.id,
        u.email,
        u.password ,
        u.first_name,
        u.last_name 
    FROM
        users u 
    INNER JOIN
        users_roles ur 
            ON u.id = ur.user_id 
    WHERE
        u.email = ?
Hibernate: 
    select
        nextval ('hibernate_sequence')
Hibernate: 
    select
        medicine0_.medicine_id as medicine1_1_,
        medicine0_.medicine_name as medicine2_1_ 
    from
        medicine medicine0_
Hibernate: 
    select
        nextval ('hibernate_sequence')
Hibernate: 
    select
        region0_.region_id as region_i1_5_,
        region0_.region_boundary as region_b2_5_,
        region0_.region_name as region_n3_5_ 
    from
        region region0_
Kolfe Keranio
Akaki Kaliti
Nefas Silk
Yeka
Lideta
Gulale
Kirkos
Addis Ketema
Bole
Arada
Hibernate: 
    select
        nextval ('hibernate_sequence')
Hibernate: 
    insert 
    into
        server
        (server_database_name, drug_inventory, database_engine, server_hostname, password, server_listening_port, username, server_id) 
    values
        (?, ?, ?, ?, ?, ?, ?, ?)
Hibernate: 
    insert 
    into
        file_info
        (name, url, id) 
    values
        (?, ?, ?)
Hibernate: 
    insert 
    into
        pharmacy
        (pharmacy_address, fk_license_file, pharmacy_location, pharmacy_name, fk_owner, fk_server, fk_region, pharmacy_id) 
    values
        (?, ?, ?, ?, ?, ?, ?, ?)
Hibernate: 
    update
        pharmacy 
    set
        pharmacy_address=?,
        fk_license_file=?,
        pharmacy_location=?,
        pharmacy_name=?,
        fk_owner=?,
        fk_server=?,
        fk_region=? 
    where
        pharmacy_id=?
Hibernate: 
    SELECT
        u.id,
        u.email,
        u.password ,
        u.first_name,
        u.last_name 
    FROM
        users u 
    INNER JOIN
        users_roles ur 
            ON u.id = ur.user_id 
    WHERE
        u.email = ?
Hibernate: 
    select
        nextval ('hibernate_sequence')
Hibernate: 
    select
        medicine0_.medicine_id as medicine1_1_,
        medicine0_.medicine_name as medicine2_1_ 
    from
        medicine medicine0_
Hibernate: 
    select
        nextval ('hibernate_sequence')
Hibernate: 
    select
        region0_.region_id as region_i1_5_,
        region0_.region_boundary as region_b2_5_,
        region0_.region_name as region_n3_5_ 
    from
        region region0_
Kolfe Keranio
Akaki Kaliti
Nefas Silk
Yeka
Lideta
Gulale
Kirkos
Addis Ketema
Bole
Arada
Hibernate: 
    select
        nextval ('hibernate_sequence')
Hibernate: 
    insert 
    into
        server
        (server_database_name, drug_inventory, database_engine, server_hostname, password, server_listening_port, username, server_id) 
    values
        (?, ?, ?, ?, ?, ?, ?, ?)
Hibernate: 
    insert 
    into
        file_info
        (name, url, id) 
    values
        (?, ?, ?)
Hibernate: 
    insert 
    into
        pharmacy
        (pharmacy_address, fk_license_file, pharmacy_location, pharmacy_name, fk_owner, fk_server, fk_region, pharmacy_id) 
    values
        (?, ?, ?, ?, ?, ?, ?, ?)
Hibernate: 
    update
        pharmacy 
    set
        pharmacy_address=?,
        fk_license_file=?,
        pharmacy_location=?,
        pharmacy_name=?,
        fk_owner=?,
        fk_server=?,
        fk_region=? 
    where
        pharmacy_id=?
Hibernate: 
    SELECT
        u.id,
        u.email,
        u.password ,
        u.first_name,
        u.last_name 
    FROM
        users u 
    INNER JOIN
        users_roles ur 
            ON u.id = ur.user_id 
    WHERE
        u.email = ?
Hibernate: 
    select
        nextval ('hibernate_sequence')
Hibernate: 
    select
        medicine0_.medicine_id as medicine1_1_,
        medicine0_.medicine_name as medicine2_1_ 
    from
        medicine medicine0_
Hibernate: 
    select
        nextval ('hibernate_sequence')
Hibernate: 
    select
        region0_.region_id as region_i1_5_,
        region0_.region_boundary as region_b2_5_,
        region0_.region_name as region_n3_5_ 
    from
        region region0_
Kolfe Keranio
Akaki Kaliti
Nefas Silk
Yeka
Lideta
Gulale
Kirkos
Addis Ketema
Bole
Arada
Hibernate: 
    select
        nextval ('hibernate_sequence')
Hibernate: 
    insert 
    into
        server
        (server_database_name, drug_inventory, database_engine, server_hostname, password, server_listening_port, username, server_id) 
    values
        (?, ?, ?, ?, ?, ?, ?, ?)
Hibernate: 
    insert 
    into
        file_info
        (name, url, id) 
    values
        (?, ?, ?)
Hibernate: 
    insert 
    into
        pharmacy
        (pharmacy_address, fk_license_file, pharmacy_location, pharmacy_name, fk_owner, fk_server, fk_region, pharmacy_id) 
    values
        (?, ?, ?, ?, ?, ?, ?, ?)
Hibernate: 
    update
        pharmacy 
    set
        pharmacy_address=?,
        fk_license_file=?,
        pharmacy_location=?,
        pharmacy_name=?,
        fk_owner=?,
        fk_server=?,
        fk_region=? 
    where
        pharmacy_id=?
Hibernate: 
    SELECT
        u.id,
        u.email,
        u.password ,
        u.first_name,
        u.last_name 
    FROM
        users u 
    INNER JOIN
        users_roles ur 
            ON u.id = ur.user_id 
    WHERE
        u.email = ?
Hibernate: 
    select
        nextval ('hibernate_sequence')
Hibernate: 
    select
        medicine0_.medicine_id as medicine1_1_,
        medicine0_.medicine_name as medicine2_1_ 
    from
        medicine medicine0_
Hibernate: 
    select
        nextval ('hibernate_sequence')
Hibernate: 
    select
        region0_.region_id as region_i1_5_,
        region0_.region_boundary as region_b2_5_,
        region0_.region_name as region_n3_5_ 
    from
        region region0_
Kolfe Keranio
Akaki Kaliti
Nefas Silk
Yeka
Lideta
Gulale
Kirkos
Addis Ketema
Bole
Arada
Hibernate: 
    select
        nextval ('hibernate_sequence')
Hibernate: 
    insert 
    into
        server
        (server_database_name, drug_inventory, database_engine, server_hostname, password, server_listening_port, username, server_id) 
    values
        (?, ?, ?, ?, ?, ?, ?, ?)
Hibernate: 
    insert 
    into
        file_info
        (name, url, id) 
    values
        (?, ?, ?)
Hibernate: 
    insert 
    into
        pharmacy
        (pharmacy_address, fk_license_file, pharmacy_location, pharmacy_name, fk_owner, fk_server, fk_region, pharmacy_id) 
    values
        (?, ?, ?, ?, ?, ?, ?, ?)
Hibernate: 
    update
        pharmacy 
    set
        pharmacy_address=?,
        fk_license_file=?,
        pharmacy_location=?,
        pharmacy_name=?,
        fk_owner=?,
        fk_server=?,
        fk_region=? 
    where
        pharmacy_id=?
Hibernate: 
    SELECT
        u.id,
        u.email,
        u.password ,
        u.first_name,
        u.last_name 
    FROM
        users u 
    INNER JOIN
        users_roles ur 
            ON u.id = ur.user_id 
    WHERE
        u.email = ?
Hibernate: 
    select
        nextval ('hibernate_sequence')
Hibernate: 
    select
        medicine0_.medicine_id as medicine1_1_,
        medicine0_.medicine_name as medicine2_1_ 
    from
        medicine medicine0_
Hibernate: 
    select
        nextval ('hibernate_sequence')
Hibernate: 
    select
        region0_.region_id as region_i1_5_,
        region0_.region_boundary as region_b2_5_,
        region0_.region_name as region_n3_5_ 
    from
        region region0_
Kolfe Keranio
Akaki Kaliti
Nefas Silk
Yeka
Lideta
Gulale
Kirkos
Addis Ketema
Bole
Arada
Hibernate: 
    select
        nextval ('hibernate_sequence')
Hibernate: 
    insert 
    into
        server
        (server_database_name, drug_inventory, database_engine, server_hostname, password, server_listening_port, username, server_id) 
    values
        (?, ?, ?, ?, ?, ?, ?, ?)
Hibernate: 
    insert 
    into
        file_info
        (name, url, id) 
    values
        (?, ?, ?)
Hibernate: 
    insert 
    into
        pharmacy
        (pharmacy_address, fk_license_file, pharmacy_location, pharmacy_name, fk_owner, fk_server, fk_region, pharmacy_id) 
    values
        (?, ?, ?, ?, ?, ?, ?, ?)
Hibernate: 
    update
        pharmacy 
    set
        pharmacy_address=?,
        fk_license_file=?,
        pharmacy_location=?,
        pharmacy_name=?,
        fk_owner=?,
        fk_server=?,
        fk_region=? 
    where
        pharmacy_id=?
Hibernate: 
    SELECT
        u.id,
        u.email,
        u.password ,
        u.first_name,
        u.last_name 
    FROM
        users u 
    INNER JOIN
        users_roles ur 
            ON u.id = ur.user_id 
    WHERE
        u.email = ?
Hibernate: 
    select
        nextval ('hibernate_sequence')
Hibernate: 
    select
        medicine0_.medicine_id as medicine1_1_,
        medicine0_.medicine_name as medicine2_1_ 
    from
        medicine medicine0_
Hibernate: 
    select
        nextval ('hibernate_sequence')
Hibernate: 
    select
        region0_.region_id as region_i1_5_,
        region0_.region_boundary as region_b2_5_,
        region0_.region_name as region_n3_5_ 
    from
        region region0_
Kolfe Keranio
Akaki Kaliti
Nefas Silk
Yeka
Lideta
Gulale
Kirkos
Addis Ketema
Bole
Arada
Hibernate: 
    select
        nextval ('hibernate_sequence')
Hibernate: 
    insert 
    into
        server
        (server_database_name, drug_inventory, database_engine, server_hostname, password, server_listening_port, username, server_id) 
    values
        (?, ?, ?, ?, ?, ?, ?, ?)
Hibernate: 
    insert 
    into
        file_info
        (name, url, id) 
    values
        (?, ?, ?)
Hibernate: 
    insert 
    into
        pharmacy
        (pharmacy_address, fk_license_file, pharmacy_location, pharmacy_name, fk_owner, fk_server, fk_region, pharmacy_id) 
    values
        (?, ?, ?, ?, ?, ?, ?, ?)
Hibernate: 
    update
        pharmacy 
    set
        pharmacy_address=?,
        fk_license_file=?,
        pharmacy_location=?,
        pharmacy_name=?,
        fk_owner=?,
        fk_server=?,
        fk_region=? 
    where
        pharmacy_id=?
Hibernate: 
    SELECT
        u.id,
        u.email,
        u.password ,
        u.first_name,
        u.last_name 
    FROM
        users u 
    INNER JOIN
        users_roles ur 
            ON u.id = ur.user_id 
    WHERE
        u.email = ?
Hibernate: 
    select
        nextval ('hibernate_sequence')
Hibernate: 
    select
        medicine0_.medicine_id as medicine1_1_,
        medicine0_.medicine_name as medicine2_1_ 
    from
        medicine medicine0_
Hibernate: 
    select
        nextval ('hibernate_sequence')
Hibernate: 
    select
        region0_.region_id as region_i1_5_,
        region0_.region_boundary as region_b2_5_,
        region0_.region_name as region_n3_5_ 
    from
        region region0_
Kolfe Keranio
Akaki Kaliti
Nefas Silk
Yeka
Lideta
Gulale
Kirkos
Addis Ketema
Bole
Arada
Hibernate: 
    select
        nextval ('hibernate_sequence')
Hibernate: 
    insert 
    into
        server
        (server_database_name, drug_inventory, database_engine, server_hostname, password, server_listening_port, username, server_id) 
    values
        (?, ?, ?, ?, ?, ?, ?, ?)
Hibernate: 
    insert 
    into
        file_info
        (name, url, id) 
    values
        (?, ?, ?)
Hibernate: 
    insert 
    into
        pharmacy
        (pharmacy_address, fk_license_file, pharmacy_location, pharmacy_name, fk_owner, fk_server, fk_region, pharmacy_id) 
    values
        (?, ?, ?, ?, ?, ?, ?, ?)
Hibernate: 
    update
        pharmacy 
    set
        pharmacy_address=?,
        fk_license_file=?,
        pharmacy_location=?,
        pharmacy_name=?,
        fk_owner=?,
        fk_server=?,
        fk_region=? 
    where
        pharmacy_id=?
Hibernate: 
    SELECT
        u.id,
        u.email,
        u.password ,
        u.first_name,
        u.last_name 
    FROM
        users u 
    INNER JOIN
        users_roles ur 
            ON u.id = ur.user_id 
    WHERE
        u.email = ?
Hibernate: 
    select
        nextval ('hibernate_sequence')
Hibernate: 
    select
        medicine0_.medicine_id as medicine1_1_,
        medicine0_.medicine_name as medicine2_1_ 
    from
        medicine medicine0_
Hibernate: 
    select
        nextval ('hibernate_sequence')
Hibernate: 
    select
        region0_.region_id as region_i1_5_,
        region0_.region_boundary as region_b2_5_,
        region0_.region_name as region_n3_5_ 
    from
        region region0_
Kolfe Keranio
Akaki Kaliti
Nefas Silk
Yeka
Lideta
Gulale
Kirkos
Addis Ketema
Bole
Arada
Hibernate: 
    select
        nextval ('hibernate_sequence')
Hibernate: 
    insert 
    into
        server
        (server_database_name, drug_inventory, database_engine, server_hostname, password, server_listening_port, username, server_id) 
    values
        (?, ?, ?, ?, ?, ?, ?, ?)
Hibernate: 
    insert 
    into
        file_info
        (name, url, id) 
    values
        (?, ?, ?)
Hibernate: 
    insert 
    into
        pharmacy
        (pharmacy_address, fk_license_file, pharmacy_location, pharmacy_name, fk_owner, fk_server, fk_region, pharmacy_id) 
    values
        (?, ?, ?, ?, ?, ?, ?, ?)
Hibernate: 
    update
        pharmacy 
    set
        pharmacy_address=?,
        fk_license_file=?,
        pharmacy_location=?,
        pharmacy_name=?,
        fk_owner=?,
        fk_server=?,
        fk_region=? 
    where
        pharmacy_id=?
Hibernate: 
    SELECT
        u.id,
        u.email,
        u.password ,
        u.first_name,
        u.last_name 
    FROM
        users u 
    INNER JOIN
        users_roles ur 
            ON u.id = ur.user_id 
    WHERE
        u.email = ?
Hibernate: 
    select
        nextval ('hibernate_sequence')
Hibernate: 
    select
        medicine0_.medicine_id as medicine1_1_,
        medicine0_.medicine_name as medicine2_1_ 
    from
        medicine medicine0_
Hibernate: 
    select
        nextval ('hibernate_sequence')
Hibernate: 
    select
        region0_.region_id as region_i1_5_,
        region0_.region_boundary as region_b2_5_,
        region0_.region_name as region_n3_5_ 
    from
        region region0_
Kolfe Keranio
Akaki Kaliti
Nefas Silk
Yeka
Lideta
Gulale
Kirkos
Addis Ketema
Bole
Arada
Hibernate: 
    select
        nextval ('hibernate_sequence')
Hibernate: 
    insert 
    into
        server
        (server_database_name, drug_inventory, database_engine, server_hostname, password, server_listening_port, username, server_id) 
    values
        (?, ?, ?, ?, ?, ?, ?, ?)
Hibernate: 
    insert 
    into
        file_info
        (name, url, id) 
    values
        (?, ?, ?)
Hibernate: 
    insert 
    into
        pharmacy
        (pharmacy_address, fk_license_file, pharmacy_location, pharmacy_name, fk_owner, fk_server, fk_region, pharmacy_id) 
    values
        (?, ?, ?, ?, ?, ?, ?, ?)
Hibernate: 
    update
        pharmacy 
    set
        pharmacy_address=?,
        fk_license_file=?,
        pharmacy_location=?,
        pharmacy_name=?,
        fk_owner=?,
        fk_server=?,
        fk_region=? 
    where
        pharmacy_id=?
Hibernate: 
    SELECT
        u.id,
        u.email,
        u.password ,
        u.first_name,
        u.last_name 
    FROM
        users u 
    INNER JOIN
        users_roles ur 
            ON u.id = ur.user_id 
    WHERE
        u.email = ?
Hibernate: 
    select
        nextval ('hibernate_sequence')
Hibernate: 
    select
        medicine0_.medicine_id as medicine1_1_,
        medicine0_.medicine_name as medicine2_1_ 
    from
        medicine medicine0_
Hibernate: 
    select
        nextval ('hibernate_sequence')
Hibernate: 
    select
        region0_.region_id as region_i1_5_,
        region0_.region_boundary as region_b2_5_,
        region0_.region_name as region_n3_5_ 
    from
        region region0_
Kolfe Keranio
Akaki Kaliti
Nefas Silk
Yeka
Lideta
Gulale
Kirkos
Addis Ketema
Bole
Arada
Hibernate: 
    select
        nextval ('hibernate_sequence')
Hibernate: 
    insert 
    into
        server
        (server_database_name, drug_inventory, database_engine, server_hostname, password, server_listening_port, username, server_id) 
    values
        (?, ?, ?, ?, ?, ?, ?, ?)
Hibernate: 
    insert 
    into
        file_info
        (name, url, id) 
    values
        (?, ?, ?)
Hibernate: 
    insert 
    into
        pharmacy
        (pharmacy_address, fk_license_file, pharmacy_location, pharmacy_name, fk_owner, fk_server, fk_region, pharmacy_id) 
    values
        (?, ?, ?, ?, ?, ?, ?, ?)
Hibernate: 
    update
        pharmacy 
    set
        pharmacy_address=?,
        fk_license_file=?,
        pharmacy_location=?,
        pharmacy_name=?,
        fk_owner=?,
        fk_server=?,
        fk_region=? 
    where
        pharmacy_id=?
Hibernate: 
    SELECT
        u.id,
        u.email,
        u.password ,
        u.first_name,
        u.last_name 
    FROM
        users u 
    INNER JOIN
        users_roles ur 
            ON u.id = ur.user_id 
    WHERE
        u.email = ?
Hibernate: 
    select
        nextval ('hibernate_sequence')
Hibernate: 
    select
        medicine0_.medicine_id as medicine1_1_,
        medicine0_.medicine_name as medicine2_1_ 
    from
        medicine medicine0_
Hibernate: 
    select
        nextval ('hibernate_sequence')
Hibernate: 
    select
        region0_.region_id as region_i1_5_,
        region0_.region_boundary as region_b2_5_,
        region0_.region_name as region_n3_5_ 
    from
        region region0_
Kolfe Keranio
Akaki Kaliti
Nefas Silk
Yeka
Lideta
Gulale
Kirkos
Addis Ketema
Bole
Arada
Hibernate: 
    select
        nextval ('hibernate_sequence')
Hibernate: 
    insert 
    into
        server
        (server_database_name, drug_inventory, database_engine, server_hostname, password, server_listening_port, username, server_id) 
    values
        (?, ?, ?, ?, ?, ?, ?, ?)
Hibernate: 
    insert 
    into
        file_info
        (name, url, id) 
    values
        (?, ?, ?)
Hibernate: 
    insert 
    into
        pharmacy
        (pharmacy_address, fk_license_file, pharmacy_location, pharmacy_name, fk_owner, fk_server, fk_region, pharmacy_id) 
    values
        (?, ?, ?, ?, ?, ?, ?, ?)
Hibernate: 
    update
        pharmacy 
    set
        pharmacy_address=?,
        fk_license_file=?,
        pharmacy_location=?,
        pharmacy_name=?,
        fk_owner=?,
        fk_server=?,
        fk_region=? 
    where
        pharmacy_id=?
Hibernate: 
    SELECT
        u.id,
        u.email,
        u.password ,
        u.first_name,
        u.last_name 
    FROM
        users u 
    INNER JOIN
        users_roles ur 
            ON u.id = ur.user_id 
    WHERE
        u.email = ?
Hibernate: 
    select
        nextval ('hibernate_sequence')
Hibernate: 
    select
        medicine0_.medicine_id as medicine1_1_,
        medicine0_.medicine_name as medicine2_1_ 
    from
        medicine medicine0_
Hibernate: 
    select
        nextval ('hibernate_sequence')
Hibernate: 
    select
        region0_.region_id as region_i1_5_,
        region0_.region_boundary as region_b2_5_,
        region0_.region_name as region_n3_5_ 
    from
        region region0_
Kolfe Keranio
Akaki Kaliti
Nefas Silk
Yeka
Lideta
Gulale
Kirkos
Addis Ketema
Bole
Arada
Hibernate: 
    select
        nextval ('hibernate_sequence')
Hibernate: 
    insert 
    into
        server
        (server_database_name, drug_inventory, database_engine, server_hostname, password, server_listening_port, username, server_id) 
    values
        (?, ?, ?, ?, ?, ?, ?, ?)
Hibernate: 
    insert 
    into
        file_info
        (name, url, id) 
    values
        (?, ?, ?)
Hibernate: 
    insert 
    into
        pharmacy
        (pharmacy_address, fk_license_file, pharmacy_location, pharmacy_name, fk_owner, fk_server, fk_region, pharmacy_id) 
    values
        (?, ?, ?, ?, ?, ?, ?, ?)
Hibernate: 
    update
        pharmacy 
    set
        pharmacy_address=?,
        fk_license_file=?,
        pharmacy_location=?,
        pharmacy_name=?,
        fk_owner=?,
        fk_server=?,
        fk_region=? 
    where
        pharmacy_id=?
Hibernate: 
    SELECT
        u.id,
        u.email,
        u.password ,
        u.first_name,
        u.last_name 
    FROM
        users u 
    INNER JOIN
        users_roles ur 
            ON u.id = ur.user_id 
    WHERE
        u.email = ?
Hibernate: 
    select
        nextval ('hibernate_sequence')
Hibernate: 
    select
        medicine0_.medicine_id as medicine1_1_,
        medicine0_.medicine_name as medicine2_1_ 
    from
        medicine medicine0_
Hibernate: 
    select
        nextval ('hibernate_sequence')
Hibernate: 
    select
        region0_.region_id as region_i1_5_,
        region0_.region_boundary as region_b2_5_,
        region0_.region_name as region_n3_5_ 
    from
        region region0_
Kolfe Keranio
Akaki Kaliti
Nefas Silk
Yeka
Lideta
Gulale
Kirkos
Addis Ketema
Bole
Arada
Hibernate: 
    select
        nextval ('hibernate_sequence')
Hibernate: 
    insert 
    into
        server
        (server_database_name, drug_inventory, database_engine, server_hostname, password, server_listening_port, username, server_id) 
    values
        (?, ?, ?, ?, ?, ?, ?, ?)
Hibernate: 
    insert 
    into
        file_info
        (name, url, id) 
    values
        (?, ?, ?)
Hibernate: 
    insert 
    into
        pharmacy
        (pharmacy_address, fk_license_file, pharmacy_location, pharmacy_name, fk_owner, fk_server, fk_region, pharmacy_id) 
    values
        (?, ?, ?, ?, ?, ?, ?, ?)
Hibernate: 
    update
        pharmacy 
    set
        pharmacy_address=?,
        fk_license_file=?,
        pharmacy_location=?,
        pharmacy_name=?,
        fk_owner=?,
        fk_server=?,
        fk_region=? 
    where
        pharmacy_id=?
Hibernate: 
    SELECT
        u.id,
        u.email,
        u.password ,
        u.first_name,
        u.last_name 
    FROM
        users u 
    INNER JOIN
        users_roles ur 
            ON u.id = ur.user_id 
    WHERE
        u.email = ?
Hibernate: 
    select
        nextval ('hibernate_sequence')
Hibernate: 
    select
        medicine0_.medicine_id as medicine1_1_,
        medicine0_.medicine_name as medicine2_1_ 
    from
        medicine medicine0_
Hibernate: 
    select
        nextval ('hibernate_sequence')
Hibernate: 
    select
        region0_.region_id as region_i1_5_,
        region0_.region_boundary as region_b2_5_,
        region0_.region_name as region_n3_5_ 
    from
        region region0_
Kolfe Keranio
Akaki Kaliti
Nefas Silk
Yeka
Lideta
Gulale
Kirkos
Addis Ketema
Bole
Arada
Hibernate: 
    select
        nextval ('hibernate_sequence')
Hibernate: 
    insert 
    into
        server
        (server_database_name, drug_inventory, database_engine, server_hostname, password, server_listening_port, username, server_id) 
    values
        (?, ?, ?, ?, ?, ?, ?, ?)
Hibernate: 
    insert 
    into
        file_info
        (name, url, id) 
    values
        (?, ?, ?)
Hibernate: 
    insert 
    into
        pharmacy
        (pharmacy_address, fk_license_file, pharmacy_location, pharmacy_name, fk_owner, fk_server, fk_region, pharmacy_id) 
    values
        (?, ?, ?, ?, ?, ?, ?, ?)
Hibernate: 
    update
        pharmacy 
    set
        pharmacy_address=?,
        fk_license_file=?,
        pharmacy_location=?,
        pharmacy_name=?,
        fk_owner=?,
        fk_server=?,
        fk_region=? 
    where
        pharmacy_id=?
Hibernate: 
    SELECT
        u.id,
        u.email,
        u.password ,
        u.first_name,
        u.last_name 
    FROM
        users u 
    INNER JOIN
        users_roles ur 
            ON u.id = ur.user_id 
    WHERE
        u.email = ?
Hibernate: 
    select
        nextval ('hibernate_sequence')
Hibernate: 
    select
        medicine0_.medicine_id as medicine1_1_,
        medicine0_.medicine_name as medicine2_1_ 
    from
        medicine medicine0_
Hibernate: 
    select
        nextval ('hibernate_sequence')
Hibernate: 
    select
        region0_.region_id as region_i1_5_,
        region0_.region_boundary as region_b2_5_,
        region0_.region_name as region_n3_5_ 
    from
        region region0_
Kolfe Keranio
Akaki Kaliti
Nefas Silk
Yeka
Lideta
Gulale
Kirkos
Addis Ketema
Bole
Arada
Hibernate: 
    select
        nextval ('hibernate_sequence')
Hibernate: 
    insert 
    into
        server
        (server_database_name, drug_inventory, database_engine, server_hostname, password, server_listening_port, username, server_id) 
    values
        (?, ?, ?, ?, ?, ?, ?, ?)
Hibernate: 
    insert 
    into
        file_info
        (name, url, id) 
    values
        (?, ?, ?)
Hibernate: 
    insert 
    into
        pharmacy
        (pharmacy_address, fk_license_file, pharmacy_location, pharmacy_name, fk_owner, fk_server, fk_region, pharmacy_id) 
    values
        (?, ?, ?, ?, ?, ?, ?, ?)
Hibernate: 
    update
        pharmacy 
    set
        pharmacy_address=?,
        fk_license_file=?,
        pharmacy_location=?,
        pharmacy_name=?,
        fk_owner=?,
        fk_server=?,
        fk_region=? 
    where
        pharmacy_id=?
Hibernate: 
    SELECT
        u.id,
        u.email,
        u.password ,
        u.first_name,
        u.last_name 
    FROM
        users u 
    INNER JOIN
        users_roles ur 
            ON u.id = ur.user_id 
    WHERE
        u.email = ?
Hibernate: 
    select
        nextval ('hibernate_sequence')
Hibernate: 
    select
        medicine0_.medicine_id as medicine1_1_,
        medicine0_.medicine_name as medicine2_1_ 
    from
        medicine medicine0_
Hibernate: 
    select
        nextval ('hibernate_sequence')
Hibernate: 
    select
        region0_.region_id as region_i1_5_,
        region0_.region_boundary as region_b2_5_,
        region0_.region_name as region_n3_5_ 
    from
        region region0_
Kolfe Keranio
Akaki Kaliti
Nefas Silk
Yeka
Lideta
Gulale
Kirkos
Addis Ketema
Bole
Arada
Hibernate: 
    select
        nextval ('hibernate_sequence')
Hibernate: 
    insert 
    into
        server
        (server_database_name, drug_inventory, database_engine, server_hostname, password, server_listening_port, username, server_id) 
    values
        (?, ?, ?, ?, ?, ?, ?, ?)
Hibernate: 
    insert 
    into
        file_info
        (name, url, id) 
    values
        (?, ?, ?)
Hibernate: 
    insert 
    into
        pharmacy
        (pharmacy_address, fk_license_file, pharmacy_location, pharmacy_name, fk_owner, fk_server, fk_region, pharmacy_id) 
    values
        (?, ?, ?, ?, ?, ?, ?, ?)
Hibernate: 
    update
        pharmacy 
    set
        pharmacy_address=?,
        fk_license_file=?,
        pharmacy_location=?,
        pharmacy_name=?,
        fk_owner=?,
        fk_server=?,
        fk_region=? 
    where
        pharmacy_id=?
Hibernate: 
    SELECT
        u.id,
        u.email,
        u.password ,
        u.first_name,
        u.last_name 
    FROM
        users u 
    INNER JOIN
        users_roles ur 
            ON u.id = ur.user_id 
    WHERE
        u.email = ?
Hibernate: 
    select
        nextval ('hibernate_sequence')
Hibernate: 
    select
        medicine0_.medicine_id as medicine1_1_,
        medicine0_.medicine_name as medicine2_1_ 
    from
        medicine medicine0_
Hibernate: 
    select
        nextval ('hibernate_sequence')
Hibernate: 
    select
        region0_.region_id as region_i1_5_,
        region0_.region_boundary as region_b2_5_,
        region0_.region_name as region_n3_5_ 
    from
        region region0_
Kolfe Keranio
Akaki Kaliti
Nefas Silk
Yeka
Lideta
Gulale
Kirkos
Addis Ketema
Bole
Arada
Hibernate: 
    select
        nextval ('hibernate_sequence')
Hibernate: 
    insert 
    into
        server
        (server_database_name, drug_inventory, database_engine, server_hostname, password, server_listening_port, username, server_id) 
    values
        (?, ?, ?, ?, ?, ?, ?, ?)
Hibernate: 
    insert 
    into
        file_info
        (name, url, id) 
    values
        (?, ?, ?)
Hibernate: 
    insert 
    into
        pharmacy
        (pharmacy_address, fk_license_file, pharmacy_location, pharmacy_name, fk_owner, fk_server, fk_region, pharmacy_id) 
    values
        (?, ?, ?, ?, ?, ?, ?, ?)
Hibernate: 
    update
        pharmacy 
    set
        pharmacy_address=?,
        fk_license_file=?,
        pharmacy_location=?,
        pharmacy_name=?,
        fk_owner=?,
        fk_server=?,
        fk_region=? 
    where
        pharmacy_id=?
Hibernate: 
    SELECT
        u.id,
        u.email,
        u.password ,
        u.first_name,
        u.last_name 
    FROM
        users u 
    INNER JOIN
        users_roles ur 
            ON u.id = ur.user_id 
    WHERE
        u.email = ?
Hibernate: 
    select
        nextval ('hibernate_sequence')
Hibernate: 
    select
        medicine0_.medicine_id as medicine1_1_,
        medicine0_.medicine_name as medicine2_1_ 
    from
        medicine medicine0_
Hibernate: 
    select
        nextval ('hibernate_sequence')
Hibernate: 
    select
        region0_.region_id as region_i1_5_,
        region0_.region_boundary as region_b2_5_,
        region0_.region_name as region_n3_5_ 
    from
        region region0_
Kolfe Keranio
Akaki Kaliti
Nefas Silk
Yeka
Lideta
Gulale
Kirkos
Addis Ketema
Bole
Arada
Hibernate: 
    select
        nextval ('hibernate_sequence')
Hibernate: 
    insert 
    into
        server
        (server_database_name, drug_inventory, database_engine, server_hostname, password, server_listening_port, username, server_id) 
    values
        (?, ?, ?, ?, ?, ?, ?, ?)
Hibernate: 
    insert 
    into
        file_info
        (name, url, id) 
    values
        (?, ?, ?)
Hibernate: 
    insert 
    into
        pharmacy
        (pharmacy_address, fk_license_file, pharmacy_location, pharmacy_name, fk_owner, fk_server, fk_region, pharmacy_id) 
    values
        (?, ?, ?, ?, ?, ?, ?, ?)
Hibernate: 
    update
        pharmacy 
    set
        pharmacy_address=?,
        fk_license_file=?,
        pharmacy_location=?,
        pharmacy_name=?,
        fk_owner=?,
        fk_server=?,
        fk_region=? 
    where
        pharmacy_id=?
Hibernate: 
    SELECT
        u.id,
        u.email,
        u.password ,
        u.first_name,
        u.last_name 
    FROM
        users u 
    INNER JOIN
        users_roles ur 
            ON u.id = ur.user_id 
    WHERE
        u.email = ?
Hibernate: 
    select
        nextval ('hibernate_sequence')
Hibernate: 
    select
        medicine0_.medicine_id as medicine1_1_,
        medicine0_.medicine_name as medicine2_1_ 
    from
        medicine medicine0_
Hibernate: 
    select
        nextval ('hibernate_sequence')
Hibernate: 
    select
        region0_.region_id as region_i1_5_,
        region0_.region_boundary as region_b2_5_,
        region0_.region_name as region_n3_5_ 
    from
        region region0_
Kolfe Keranio
Akaki Kaliti
Nefas Silk
Yeka
Lideta
Gulale
Kirkos
Addis Ketema
Bole
Arada
Hibernate: 
    select
        nextval ('hibernate_sequence')
Hibernate: 
    insert 
    into
        server
        (server_database_name, drug_inventory, database_engine, server_hostname, password, server_listening_port, username, server_id) 
    values
        (?, ?, ?, ?, ?, ?, ?, ?)
Hibernate: 
    insert 
    into
        file_info
        (name, url, id) 
    values
        (?, ?, ?)
Hibernate: 
    insert 
    into
        pharmacy
        (pharmacy_address, fk_license_file, pharmacy_location, pharmacy_name, fk_owner, fk_server, fk_region, pharmacy_id) 
    values
        (?, ?, ?, ?, ?, ?, ?, ?)
Hibernate: 
    update
        pharmacy 
    set
        pharmacy_address=?,
        fk_license_file=?,
        pharmacy_location=?,
        pharmacy_name=?,
        fk_owner=?,
        fk_server=?,
        fk_region=? 
    where
        pharmacy_id=?
Hibernate: 
    SELECT
        u.id,
        u.email,
        u.password ,
        u.first_name,
        u.last_name 
    FROM
        users u 
    INNER JOIN
        users_roles ur 
            ON u.id = ur.user_id 
    WHERE
        u.email = ?
Hibernate: 
    select
        nextval ('hibernate_sequence')
Hibernate: 
    select
        medicine0_.medicine_id as medicine1_1_,
        medicine0_.medicine_name as medicine2_1_ 
    from
        medicine medicine0_
Hibernate: 
    select
        nextval ('hibernate_sequence')
Hibernate: 
    select
        region0_.region_id as region_i1_5_,
        region0_.region_boundary as region_b2_5_,
        region0_.region_name as region_n3_5_ 
    from
        region region0_
Kolfe Keranio
Akaki Kaliti
Nefas Silk
Yeka
Lideta
Gulale
Kirkos
Addis Ketema
Bole
Arada
Hibernate: 
    select
        nextval ('hibernate_sequence')
Hibernate: 
    insert 
    into
        server
        (server_database_name, drug_inventory, database_engine, server_hostname, password, server_listening_port, username, server_id) 
    values
        (?, ?, ?, ?, ?, ?, ?, ?)
Hibernate: 
    insert 
    into
        file_info
        (name, url, id) 
    values
        (?, ?, ?)
Hibernate: 
    insert 
    into
        pharmacy
        (pharmacy_address, fk_license_file, pharmacy_location, pharmacy_name, fk_owner, fk_server, fk_region, pharmacy_id) 
    values
        (?, ?, ?, ?, ?, ?, ?, ?)
Hibernate: 
    update
        pharmacy 
    set
        pharmacy_address=?,
        fk_license_file=?,
        pharmacy_location=?,
        pharmacy_name=?,
        fk_owner=?,
        fk_server=?,
        fk_region=? 
    where
        pharmacy_id=?
Hibernate: 
    SELECT
        u.id,
        u.email,
        u.password ,
        u.first_name,
        u.last_name 
    FROM
        users u 
    INNER JOIN
        users_roles ur 
            ON u.id = ur.user_id 
    WHERE
        u.email = ?
Hibernate: 
    select
        nextval ('hibernate_sequence')
Hibernate: 
    select
        medicine0_.medicine_id as medicine1_1_,
        medicine0_.medicine_name as medicine2_1_ 
    from
        medicine medicine0_
Hibernate: 
    select
        nextval ('hibernate_sequence')
Hibernate: 
    select
        region0_.region_id as region_i1_5_,
        region0_.region_boundary as region_b2_5_,
        region0_.region_name as region_n3_5_ 
    from
        region region0_
Kolfe Keranio
Akaki Kaliti
Nefas Silk
Yeka
Lideta
Gulale
Kirkos
Addis Ketema
Bole
Arada
Hibernate: 
    select
        nextval ('hibernate_sequence')
Hibernate: 
    insert 
    into
        server
        (server_database_name, drug_inventory, database_engine, server_hostname, password, server_listening_port, username, server_id) 
    values
        (?, ?, ?, ?, ?, ?, ?, ?)
Hibernate: 
    insert 
    into
        file_info
        (name, url, id) 
    values
        (?, ?, ?)
Hibernate: 
    insert 
    into
        pharmacy
        (pharmacy_address, fk_license_file, pharmacy_location, pharmacy_name, fk_owner, fk_server, fk_region, pharmacy_id) 
    values
        (?, ?, ?, ?, ?, ?, ?, ?)
Hibernate: 
    update
        pharmacy 
    set
        pharmacy_address=?,
        fk_license_file=?,
        pharmacy_location=?,
        pharmacy_name=?,
        fk_owner=?,
        fk_server=?,
        fk_region=? 
    where
        pharmacy_id=?
Hibernate: 
    SELECT
        u.id,
        u.email,
        u.password ,
        u.first_name,
        u.last_name 
    FROM
        users u 
    INNER JOIN
        users_roles ur 
            ON u.id = ur.user_id 
    WHERE
        u.email = ?
Hibernate: 
    select
        nextval ('hibernate_sequence')
Hibernate: 
    select
        medicine0_.medicine_id as medicine1_1_,
        medicine0_.medicine_name as medicine2_1_ 
    from
        medicine medicine0_
Hibernate: 
    select
        nextval ('hibernate_sequence')
Hibernate: 
    select
        region0_.region_id as region_i1_5_,
        region0_.region_boundary as region_b2_5_,
        region0_.region_name as region_n3_5_ 
    from
        region region0_
Kolfe Keranio
Akaki Kaliti
Nefas Silk
Yeka
Lideta
Gulale
Kirkos
Addis Ketema
Bole
Arada
Hibernate: 
    select
        nextval ('hibernate_sequence')
Hibernate: 
    insert 
    into
        server
        (server_database_name, drug_inventory, database_engine, server_hostname, password, server_listening_port, username, server_id) 
    values
        (?, ?, ?, ?, ?, ?, ?, ?)
Hibernate: 
    insert 
    into
        file_info
        (name, url, id) 
    values
        (?, ?, ?)
Hibernate: 
    insert 
    into
        pharmacy
        (pharmacy_address, fk_license_file, pharmacy_location, pharmacy_name, fk_owner, fk_server, fk_region, pharmacy_id) 
    values
        (?, ?, ?, ?, ?, ?, ?, ?)
Hibernate: 
    update
        pharmacy 
    set
        pharmacy_address=?,
        fk_license_file=?,
        pharmacy_location=?,
        pharmacy_name=?,
        fk_owner=?,
        fk_server=?,
        fk_region=? 
    where
        pharmacy_id=?
Hibernate: 
    SELECT
        u.id,
        u.email,
        u.password ,
        u.first_name,
        u.last_name 
    FROM
        users u 
    INNER JOIN
        users_roles ur 
            ON u.id = ur.user_id 
    WHERE
        u.email = ?
Hibernate: 
    select
        nextval ('hibernate_sequence')
Hibernate: 
    select
        medicine0_.medicine_id as medicine1_1_,
        medicine0_.medicine_name as medicine2_1_ 
    from
        medicine medicine0_
Hibernate: 
    select
        nextval ('hibernate_sequence')
Hibernate: 
    select
        region0_.region_id as region_i1_5_,
        region0_.region_boundary as region_b2_5_,
        region0_.region_name as region_n3_5_ 
    from
        region region0_
Kolfe Keranio
Akaki Kaliti
Nefas Silk
Yeka
Lideta
Gulale
Kirkos
Addis Ketema
Bole
Arada
Hibernate: 
    select
        nextval ('hibernate_sequence')
Hibernate: 
    insert 
    into
        server
        (server_database_name, drug_inventory, database_engine, server_hostname, password, server_listening_port, username, server_id) 
    values
        (?, ?, ?, ?, ?, ?, ?, ?)
Hibernate: 
    insert 
    into
        file_info
        (name, url, id) 
    values
        (?, ?, ?)
Hibernate: 
    insert 
    into
        pharmacy
        (pharmacy_address, fk_license_file, pharmacy_location, pharmacy_name, fk_owner, fk_server, fk_region, pharmacy_id) 
    values
        (?, ?, ?, ?, ?, ?, ?, ?)
Hibernate: 
    update
        pharmacy 
    set
        pharmacy_address=?,
        fk_license_file=?,
        pharmacy_location=?,
        pharmacy_name=?,
        fk_owner=?,
        fk_server=?,
        fk_region=? 
    where
        pharmacy_id=?
Hibernate: 
    SELECT
        u.id,
        u.email,
        u.password ,
        u.first_name,
        u.last_name 
    FROM
        users u 
    INNER JOIN
        users_roles ur 
            ON u.id = ur.user_id 
    WHERE
        u.email = ?
Hibernate: 
    select
        nextval ('hibernate_sequence')
Hibernate: 
    select
        medicine0_.medicine_id as medicine1_1_,
        medicine0_.medicine_name as medicine2_1_ 
    from
        medicine medicine0_
Hibernate: 
    select
        nextval ('hibernate_sequence')
Hibernate: 
    select
        region0_.region_id as region_i1_5_,
        region0_.region_boundary as region_b2_5_,
        region0_.region_name as region_n3_5_ 
    from
        region region0_
Kolfe Keranio
Akaki Kaliti
Nefas Silk
Yeka
Lideta
Gulale
Kirkos
Addis Ketema
Bole
Arada
Hibernate: 
    select
        nextval ('hibernate_sequence')
Hibernate: 
    insert 
    into
        server
        (server_database_name, drug_inventory, database_engine, server_hostname, password, server_listening_port, username, server_id) 
    values
        (?, ?, ?, ?, ?, ?, ?, ?)
Hibernate: 
    insert 
    into
        file_info
        (name, url, id) 
    values
        (?, ?, ?)
Hibernate: 
    insert 
    into
        pharmacy
        (pharmacy_address, fk_license_file, pharmacy_location, pharmacy_name, fk_owner, fk_server, fk_region, pharmacy_id) 
    values
        (?, ?, ?, ?, ?, ?, ?, ?)
Hibernate: 
    update
        pharmacy 
    set
        pharmacy_address=?,
        fk_license_file=?,
        pharmacy_location=?,
        pharmacy_name=?,
        fk_owner=?,
        fk_server=?,
        fk_region=? 
    where
        pharmacy_id=?
Hibernate: 
    SELECT
        u.id,
        u.email,
        u.password ,
        u.first_name,
        u.last_name 
    FROM
        users u 
    INNER JOIN
        users_roles ur 
            ON u.id = ur.user_id 
    WHERE
        u.email = ?
Hibernate: 
    select
        nextval ('hibernate_sequence')
Hibernate: 
    select
        medicine0_.medicine_id as medicine1_1_,
        medicine0_.medicine_name as medicine2_1_ 
    from
        medicine medicine0_
Hibernate: 
    select
        nextval ('hibernate_sequence')
Hibernate: 
    select
        region0_.region_id as region_i1_5_,
        region0_.region_boundary as region_b2_5_,
        region0_.region_name as region_n3_5_ 
    from
        region region0_
Kolfe Keranio
Akaki Kaliti
Nefas Silk
Yeka
Lideta
Gulale
Kirkos
Addis Ketema
Bole
Arada
Hibernate: 
    select
        nextval ('hibernate_sequence')
Hibernate: 
    insert 
    into
        server
        (server_database_name, drug_inventory, database_engine, server_hostname, password, server_listening_port, username, server_id) 
    values
        (?, ?, ?, ?, ?, ?, ?, ?)
Hibernate: 
    insert 
    into
        file_info
        (name, url, id) 
    values
        (?, ?, ?)
Hibernate: 
    insert 
    into
        pharmacy
        (pharmacy_address, fk_license_file, pharmacy_location, pharmacy_name, fk_owner, fk_server, fk_region, pharmacy_id) 
    values
        (?, ?, ?, ?, ?, ?, ?, ?)
Hibernate: 
    update
        pharmacy 
    set
        pharmacy_address=?,
        fk_license_file=?,
        pharmacy_location=?,
        pharmacy_name=?,
        fk_owner=?,
        fk_server=?,
        fk_region=? 
    where
        pharmacy_id=?
Hibernate: 
    SELECT
        u.id,
        u.email,
        u.password ,
        u.first_name,
        u.last_name 
    FROM
        users u 
    INNER JOIN
        users_roles ur 
            ON u.id = ur.user_id 
    WHERE
        u.email = ?
Hibernate: 
    select
        nextval ('hibernate_sequence')
Hibernate: 
    select
        medicine0_.medicine_id as medicine1_1_,
        medicine0_.medicine_name as medicine2_1_ 
    from
        medicine medicine0_
Hibernate: 
    select
        nextval ('hibernate_sequence')
Hibernate: 
    select
        region0_.region_id as region_i1_5_,
        region0_.region_boundary as region_b2_5_,
        region0_.region_name as region_n3_5_ 
    from
        region region0_
Kolfe Keranio
Akaki Kaliti
Nefas Silk
Yeka
Lideta
Gulale
Kirkos
Addis Ketema
Bole
Arada
Hibernate: 
    select
        nextval ('hibernate_sequence')
Hibernate: 
    insert 
    into
        server
        (server_database_name, drug_inventory, database_engine, server_hostname, password, server_listening_port, username, server_id) 
    values
        (?, ?, ?, ?, ?, ?, ?, ?)
Hibernate: 
    insert 
    into
        file_info
        (name, url, id) 
    values
        (?, ?, ?)
Hibernate: 
    insert 
    into
        pharmacy
        (pharmacy_address, fk_license_file, pharmacy_location, pharmacy_name, fk_owner, fk_server, fk_region, pharmacy_id) 
    values
        (?, ?, ?, ?, ?, ?, ?, ?)
Hibernate: 
    update
        pharmacy 
    set
        pharmacy_address=?,
        fk_license_file=?,
        pharmacy_location=?,
        pharmacy_name=?,
        fk_owner=?,
        fk_server=?,
        fk_region=? 
    where
        pharmacy_id=?
Hibernate: 
    SELECT
        u.id,
        u.email,
        u.password ,
        u.first_name,
        u.last_name 
    FROM
        users u 
    INNER JOIN
        users_roles ur 
            ON u.id = ur.user_id 
    WHERE
        u.email = ?
Hibernate: 
    select
        nextval ('hibernate_sequence')
Hibernate: 
    select
        medicine0_.medicine_id as medicine1_1_,
        medicine0_.medicine_name as medicine2_1_ 
    from
        medicine medicine0_
Hibernate: 
    select
        nextval ('hibernate_sequence')
Hibernate: 
    select
        region0_.region_id as region_i1_5_,
        region0_.region_boundary as region_b2_5_,
        region0_.region_name as region_n3_5_ 
    from
        region region0_
Kolfe Keranio
Akaki Kaliti
Nefas Silk
Yeka
Lideta
Gulale
Kirkos
Addis Ketema
Bole
Arada
Hibernate: 
    select
        nextval ('hibernate_sequence')
Hibernate: 
    insert 
    into
        server
        (server_database_name, drug_inventory, database_engine, server_hostname, password, server_listening_port, username, server_id) 
    values
        (?, ?, ?, ?, ?, ?, ?, ?)
Hibernate: 
    insert 
    into
        file_info
        (name, url, id) 
    values
        (?, ?, ?)
Hibernate: 
    insert 
    into
        pharmacy
        (pharmacy_address, fk_license_file, pharmacy_location, pharmacy_name, fk_owner, fk_server, fk_region, pharmacy_id) 
    values
        (?, ?, ?, ?, ?, ?, ?, ?)
Hibernate: 
    update
        pharmacy 
    set
        pharmacy_address=?,
        fk_license_file=?,
        pharmacy_location=?,
        pharmacy_name=?,
        fk_owner=?,
        fk_server=?,
        fk_region=? 
    where
        pharmacy_id=?
Hibernate: 
    SELECT
        u.id,
        u.email,
        u.password ,
        u.first_name,
        u.last_name 
    FROM
        users u 
    INNER JOIN
        users_roles ur 
            ON u.id = ur.user_id 
    WHERE
        u.email = ?
Hibernate: 
    select
        nextval ('hibernate_sequence')
Hibernate: 
    select
        medicine0_.medicine_id as medicine1_1_,
        medicine0_.medicine_name as medicine2_1_ 
    from
        medicine medicine0_
Hibernate: 
    select
        nextval ('hibernate_sequence')
Hibernate: 
    select
        region0_.region_id as region_i1_5_,
        region0_.region_boundary as region_b2_5_,
        region0_.region_name as region_n3_5_ 
    from
        region region0_
Kolfe Keranio
Akaki Kaliti
Nefas Silk
Yeka
Lideta
Gulale
Kirkos
Addis Ketema
Bole
Arada
Hibernate: 
    select
        nextval ('hibernate_sequence')
Hibernate: 
    insert 
    into
        server
        (server_database_name, drug_inventory, database_engine, server_hostname, password, server_listening_port, username, server_id) 
    values
        (?, ?, ?, ?, ?, ?, ?, ?)
Hibernate: 
    insert 
    into
        file_info
        (name, url, id) 
    values
        (?, ?, ?)
Hibernate: 
    insert 
    into
        pharmacy
        (pharmacy_address, fk_license_file, pharmacy_location, pharmacy_name, fk_owner, fk_server, fk_region, pharmacy_id) 
    values
        (?, ?, ?, ?, ?, ?, ?, ?)
2022-01-21 08:32:25.882  WARN 7252 --- [           main] o.h.engine.jdbc.spi.SqlExceptionHelper   : SQL Error: 0, SQLState: 22001
2022-01-21 08:32:25.882 ERROR 7252 --- [           main] o.h.engine.jdbc.spi.SqlExceptionHelper   : ERROR: value too long for type character varying(60)
2022-01-21 08:32:26.075  INFO 7252 --- [           main] o.h.e.j.b.internal.AbstractBatchImpl     : HHH000010: On release of batch it still contained JDBC statements
2022-01-21 08:32:26.208  INFO 7252 --- [           main] ConditionEvaluationReportLoggingListener : 

Error starting ApplicationContext. To display the conditions report re-run your application with 'debug' enabled.
2022-01-21 08:32:28.673 ERROR 7252 --- [           main] o.s.boot.SpringApplication               : Application run failed

org.springframework.dao.DataIntegrityViolationException: could not execute statement; SQL [n/a]; nested exception is org.hibernate.exception.DataException: could not execute statement
	at org.springframework.orm.jpa.vendor.HibernateJpaDialect.convertHibernateAccessException(HibernateJpaDialect.java:280) ~[spring-orm-5.3.14.jar:5.3.14]
	at org.springframework.orm.jpa.vendor.HibernateJpaDialect.translateExceptionIfPossible(HibernateJpaDialect.java:233) ~[spring-orm-5.3.14.jar:5.3.14]
	at org.springframework.orm.jpa.AbstractEntityManagerFactoryBean.translateExceptionIfPossible(AbstractEntityManagerFactoryBean.java:551) ~[spring-orm-5.3.14.jar:5.3.14]
	at org.springframework.dao.support.ChainedPersistenceExceptionTranslator.translateExceptionIfPossible(ChainedPersistenceExceptionTranslator.java:61) ~[spring-tx-5.3.14.jar:5.3.14]
	at org.springframework.dao.support.DataAccessUtils.translateIfNecessary(DataAccessUtils.java:242) ~[spring-tx-5.3.14.jar:5.3.14]
	at org.springframework.dao.support.PersistenceExceptionTranslationInterceptor.invoke(PersistenceExceptionTranslationInterceptor.java:152) ~[spring-tx-5.3.14.jar:5.3.14]
	at org.springframework.aop.framework.ReflectiveMethodInvocation.proceed(ReflectiveMethodInvocation.java:186) ~[spring-aop-5.3.14.jar:5.3.14]
	at org.springframework.data.jpa.repository.support.CrudMethodMetadataPostProcessor$CrudMethodMetadataPopulatingMethodInterceptor.invoke(CrudMethodMetadataPostProcessor.java:145) ~[spring-data-jpa-2.6.0.jar:2.6.0]
	at org.springframework.aop.framework.ReflectiveMethodInvocation.proceed(ReflectiveMethodInvocation.java:186) ~[spring-aop-5.3.14.jar:5.3.14]
	at org.springframework.aop.interceptor.ExposeInvocationInterceptor.invoke(ExposeInvocationInterceptor.java:97) ~[spring-aop-5.3.14.jar:5.3.14]
	at org.springframework.aop.framework.ReflectiveMethodInvocation.proceed(ReflectiveMethodInvocation.java:186) ~[spring-aop-5.3.14.jar:5.3.14]
	at org.springframework.aop.framework.JdkDynamicAopProxy.invoke(JdkDynamicAopProxy.java:215) ~[spring-aop-5.3.14.jar:5.3.14]
	at jdk.proxy2/jdk.proxy2.$Proxy127.getByEmail(Unknown Source) ~[na:na]
	at com.gis.medfind.startup.StartUpDataLoader.loadPharmacies(StartUpDataLoader.java:301) ~[classes/:na]
	at com.gis.medfind.startup.StartUpDataLoader.onApplicationEvent(StartUpDataLoader.java:120) ~[classes/:na]
	at com.gis.medfind.startup.StartUpDataLoader.onApplicationEvent(StartUpDataLoader.java:38) ~[classes/:na]
	at com.gis.medfind.startup.StartUpDataLoader$$FastClassBySpringCGLIB$$d3930cd6.invoke(<generated>) ~[classes/:na]
	at org.springframework.cglib.proxy.MethodProxy.invoke(MethodProxy.java:218) ~[spring-core-5.3.14.jar:5.3.14]
	at org.springframework.aop.framework.CglibAopProxy$CglibMethodInvocation.invokeJoinpoint(CglibAopProxy.java:783) ~[spring-aop-5.3.14.jar:5.3.14]
	at org.springframework.aop.framework.ReflectiveMethodInvocation.proceed(ReflectiveMethodInvocation.java:163) ~[spring-aop-5.3.14.jar:5.3.14]
	at org.springframework.aop.framework.CglibAopProxy$CglibMethodInvocation.proceed(CglibAopProxy.java:753) ~[spring-aop-5.3.14.jar:5.3.14]
	at org.springframework.transaction.interceptor.TransactionInterceptor$1.proceedWithInvocation(TransactionInterceptor.java:123) ~[spring-tx-5.3.14.jar:5.3.14]
	at org.springframework.transaction.interceptor.TransactionAspectSupport.invokeWithinTransaction(TransactionAspectSupport.java:388) ~[spring-tx-5.3.14.jar:5.3.14]
	at org.springframework.transaction.interceptor.TransactionInterceptor.invoke(TransactionInterceptor.java:119) ~[spring-tx-5.3.14.jar:5.3.14]
	at org.springframework.aop.framework.ReflectiveMethodInvocation.proceed(ReflectiveMethodInvocation.java:186) ~[spring-aop-5.3.14.jar:5.3.14]
	at org.springframework.aop.framework.CglibAopProxy$CglibMethodInvocation.proceed(CglibAopProxy.java:753) ~[spring-aop-5.3.14.jar:5.3.14]
	at org.springframework.aop.framework.CglibAopProxy$DynamicAdvisedInterceptor.intercept(CglibAopProxy.java:698) ~[spring-aop-5.3.14.jar:5.3.14]
	at com.gis.medfind.startup.StartUpDataLoader$$EnhancerBySpringCGLIB$$bce11f82.onApplicationEvent(<generated>) ~[classes/:na]
	at org.springframework.context.event.SimpleApplicationEventMulticaster.doInvokeListener(SimpleApplicationEventMulticaster.java:176) ~[spring-context-5.3.14.jar:5.3.14]
	at org.springframework.context.event.SimpleApplicationEventMulticaster.invokeListener(SimpleApplicationEventMulticaster.java:169) ~[spring-context-5.3.14.jar:5.3.14]
	at org.springframework.context.event.SimpleApplicationEventMulticaster.multicastEvent(SimpleApplicationEventMulticaster.java:143) ~[spring-context-5.3.14.jar:5.3.14]
	at org.springframework.context.support.AbstractApplicationContext.publishEvent(AbstractApplicationContext.java:421) ~[spring-context-5.3.14.jar:5.3.14]
	at org.springframework.context.support.AbstractApplicationContext.publishEvent(AbstractApplicationContext.java:378) ~[spring-context-5.3.14.jar:5.3.14]
	at org.springframework.context.support.AbstractApplicationContext.finishRefresh(AbstractApplicationContext.java:938) ~[spring-context-5.3.14.jar:5.3.14]
	at org.springframework.context.support.AbstractApplicationContext.refresh(AbstractApplicationContext.java:586) ~[spring-context-5.3.14.jar:5.3.14]
	at org.springframework.boot.SpringApplication.refresh(SpringApplication.java:730) ~[spring-boot-2.6.2.jar:2.6.2]
	at org.springframework.boot.SpringApplication.refreshContext(SpringApplication.java:412) ~[spring-boot-2.6.2.jar:2.6.2]
	at org.springframework.boot.SpringApplication.run(SpringApplication.java:302) ~[spring-boot-2.6.2.jar:2.6.2]
	at org.springframework.boot.test.context.SpringBootContextLoader.loadContext(SpringBootContextLoader.java:121) ~[spring-boot-test-2.6.2.jar:2.6.2]
	at org.springframework.test.context.cache.DefaultCacheAwareContextLoaderDelegate.loadContextInternal(DefaultCacheAwareContextLoaderDelegate.java:99) ~[spring-test-5.3.14.jar:5.3.14]
	at org.springframework.test.context.cache.DefaultCacheAwareContextLoaderDelegate.loadContext(DefaultCacheAwareContextLoaderDelegate.java:124) ~[spring-test-5.3.14.jar:5.3.14]
	at org.springframework.test.context.support.DefaultTestContext.getApplicationContext(DefaultTestContext.java:124) ~[spring-test-5.3.14.jar:5.3.14]
	at org.springframework.test.context.web.ServletTestExecutionListener.setUpRequestContextIfNecessary(ServletTestExecutionListener.java:190) ~[spring-test-5.3.14.jar:5.3.14]
	at org.springframework.test.context.web.ServletTestExecutionListener.prepareTestInstance(ServletTestExecutionListener.java:132) ~[spring-test-5.3.14.jar:5.3.14]
	at org.springframework.test.context.TestContextManager.prepareTestInstance(TestContextManager.java:248) ~[spring-test-5.3.14.jar:5.3.14]
	at org.springframework.test.context.junit.jupiter.SpringExtension.postProcessTestInstance(SpringExtension.java:138) ~[spring-test-5.3.14.jar:5.3.14]
	at org.junit.jupiter.engine.descriptor.ClassBasedTestDescriptor.lambda$invokeTestInstancePostProcessors$8(ClassBasedTestDescriptor.java:363) ~[junit-jupiter-engine-5.8.2.jar:5.8.2]
	at org.junit.jupiter.engine.descriptor.ClassBasedTestDescriptor.executeAndMaskThrowable(ClassBasedTestDescriptor.java:368) ~[junit-jupiter-engine-5.8.2.jar:5.8.2]
	at org.junit.jupiter.engine.descriptor.ClassBasedTestDescriptor.lambda$invokeTestInstancePostProcessors$9(ClassBasedTestDescriptor.java:363) ~[junit-jupiter-engine-5.8.2.jar:5.8.2]
	at java.base/java.util.stream.ReferencePipeline$3$1.accept(ReferencePipeline.java:197) ~[na:na]
	at java.base/java.util.stream.ReferencePipeline$2$1.accept(ReferencePipeline.java:179) ~[na:na]
	at java.base/java.util.ArrayList$ArrayListSpliterator.forEachRemaining(ArrayList.java:1625) ~[na:na]
	at java.base/java.util.stream.AbstractPipeline.copyInto(AbstractPipeline.java:509) ~[na:na]
	at java.base/java.util.stream.AbstractPipeline.wrapAndCopyInto(AbstractPipeline.java:499) ~[na:na]
	at java.base/java.util.stream.StreamSpliterators$WrappingSpliterator.forEachRemaining(StreamSpliterators.java:310) ~[na:na]
	at java.base/java.util.stream.Streams$ConcatSpliterator.forEachRemaining(Streams.java:735) ~[na:na]
	at java.base/java.util.stream.Streams$ConcatSpliterator.forEachRemaining(Streams.java:734) ~[na:na]
	at java.base/java.util.stream.ReferencePipeline$Head.forEach(ReferencePipeline.java:762) ~[na:na]
	at org.junit.jupiter.engine.descriptor.ClassBasedTestDescriptor.invokeTestInstancePostProcessors(ClassBasedTestDescriptor.java:362) ~[junit-jupiter-engine-5.8.2.jar:5.8.2]
	at org.junit.jupiter.engine.descriptor.ClassBasedTestDescriptor.lambda$instantiateAndPostProcessTestInstance$6(ClassBasedTestDescriptor.java:283) ~[junit-jupiter-engine-5.8.2.jar:5.8.2]
	at org.junit.platform.engine.support.hierarchical.ThrowableCollector.execute(ThrowableCollector.java:73) ~[junit-platform-engine-1.8.2.jar:1.8.2]
	at org.junit.jupiter.engine.descriptor.ClassBasedTestDescriptor.instantiateAndPostProcessTestInstance(ClassBasedTestDescriptor.java:282) ~[junit-jupiter-engine-5.8.2.jar:5.8.2]
	at org.junit.jupiter.engine.descriptor.ClassBasedTestDescriptor.lambda$testInstancesProvider$4(ClassBasedTestDescriptor.java:272) ~[junit-jupiter-engine-5.8.2.jar:5.8.2]
	at java.base/java.util.Optional.orElseGet(Optional.java:364) ~[na:na]
	at org.junit.jupiter.engine.descriptor.ClassBasedTestDescriptor.lambda$testInstancesProvider$5(ClassBasedTestDescriptor.java:271) ~[junit-jupiter-engine-5.8.2.jar:5.8.2]
	at org.junit.jupiter.engine.execution.TestInstancesProvider.getTestInstances(TestInstancesProvider.java:31) ~[junit-jupiter-engine-5.8.2.jar:5.8.2]
	at org.junit.jupiter.engine.descriptor.TestMethodTestDescriptor.lambda$prepare$0(TestMethodTestDescriptor.java:102) ~[junit-jupiter-engine-5.8.2.jar:5.8.2]
	at org.junit.platform.engine.support.hierarchical.ThrowableCollector.execute(ThrowableCollector.java:73) ~[junit-platform-engine-1.8.2.jar:1.8.2]
	at org.junit.jupiter.engine.descriptor.TestMethodTestDescriptor.prepare(TestMethodTestDescriptor.java:101) ~[junit-jupiter-engine-5.8.2.jar:5.8.2]
	at org.junit.jupiter.engine.descriptor.TestMethodTestDescriptor.prepare(TestMethodTestDescriptor.java:66) ~[junit-jupiter-engine-5.8.2.jar:5.8.2]
	at org.junit.platform.engine.support.hierarchical.NodeTestTask.lambda$prepare$2(NodeTestTask.java:123) ~[junit-platform-engine-1.8.2.jar:1.8.2]
	at org.junit.platform.engine.support.hierarchical.ThrowableCollector.execute(ThrowableCollector.java:73) ~[junit-platform-engine-1.8.2.jar:1.8.2]
	at org.junit.platform.engine.support.hierarchical.NodeTestTask.prepare(NodeTestTask.java:123) ~[junit-platform-engine-1.8.2.jar:1.8.2]
	at org.junit.platform.engine.support.hierarchical.NodeTestTask.execute(NodeTestTask.java:90) ~[junit-platform-engine-1.8.2.jar:1.8.2]
	at java.base/java.util.ArrayList.forEach(ArrayList.java:1511) ~[na:na]
	at org.junit.platform.engine.support.hierarchical.SameThreadHierarchicalTestExecutorService.invokeAll(SameThreadHierarchicalTestExecutorService.java:41) ~[junit-platform-engine-1.8.2.jar:1.8.2]
	at org.junit.platform.engine.support.hierarchical.NodeTestTask.lambda$executeRecursively$6(NodeTestTask.java:155) ~[junit-platform-engine-1.8.2.jar:1.8.2]
	at org.junit.platform.engine.support.hierarchical.ThrowableCollector.execute(ThrowableCollector.java:73) ~[junit-platform-engine-1.8.2.jar:1.8.2]
	at org.junit.platform.engine.support.hierarchical.NodeTestTask.lambda$executeRecursively$8(NodeTestTask.java:141) ~[junit-platform-engine-1.8.2.jar:1.8.2]
	at org.junit.platform.engine.support.hierarchical.Node.around(Node.java:137) ~[junit-platform-engine-1.8.2.jar:1.8.2]
	at org.junit.platform.engine.support.hierarchical.NodeTestTask.lambda$executeRecursively$9(NodeTestTask.java:139) ~[junit-platform-engine-1.8.2.jar:1.8.2]
	at org.junit.platform.engine.support.hierarchical.ThrowableCollector.execute(ThrowableCollector.java:73) ~[junit-platform-engine-1.8.2.jar:1.8.2]
	at org.junit.platform.engine.support.hierarchical.NodeTestTask.executeRecursively(NodeTestTask.java:138) ~[junit-platform-engine-1.8.2.jar:1.8.2]
	at org.junit.platform.engine.support.hierarchical.NodeTestTask.execute(NodeTestTask.java:95) ~[junit-platform-engine-1.8.2.jar:1.8.2]
	at java.base/java.util.ArrayList.forEach(ArrayList.java:1511) ~[na:na]
	at org.junit.platform.engine.support.hierarchical.SameThreadHierarchicalTestExecutorService.invokeAll(SameThreadHierarchicalTestExecutorService.java:41) ~[junit-platform-engine-1.8.2.jar:1.8.2]
	at org.junit.platform.engine.support.hierarchical.NodeTestTask.lambda$executeRecursively$6(NodeTestTask.java:155) ~[junit-platform-engine-1.8.2.jar:1.8.2]
	at org.junit.platform.engine.support.hierarchical.ThrowableCollector.execute(ThrowableCollector.java:73) ~[junit-platform-engine-1.8.2.jar:1.8.2]
	at org.junit.platform.engine.support.hierarchical.NodeTestTask.lambda$executeRecursively$8(NodeTestTask.java:141) ~[junit-platform-engine-1.8.2.jar:1.8.2]
	at org.junit.platform.engine.support.hierarchical.Node.around(Node.java:137) ~[junit-platform-engine-1.8.2.jar:1.8.2]
	at org.junit.platform.engine.support.hierarchical.NodeTestTask.lambda$executeRecursively$9(NodeTestTask.java:139) ~[junit-platform-engine-1.8.2.jar:1.8.2]
	at org.junit.platform.engine.support.hierarchical.ThrowableCollector.execute(ThrowableCollector.java:73) ~[junit-platform-engine-1.8.2.jar:1.8.2]
	at org.junit.platform.engine.support.hierarchical.NodeTestTask.executeRecursively(NodeTestTask.java:138) ~[junit-platform-engine-1.8.2.jar:1.8.2]
	at org.junit.platform.engine.support.hierarchical.NodeTestTask.execute(NodeTestTask.java:95) ~[junit-platform-engine-1.8.2.jar:1.8.2]
	at org.junit.platform.engine.support.hierarchical.SameThreadHierarchicalTestExecutorService.submit(SameThreadHierarchicalTestExecutorService.java:35) ~[junit-platform-engine-1.8.2.jar:1.8.2]
	at org.junit.platform.engine.support.hierarchical.HierarchicalTestExecutor.execute(HierarchicalTestExecutor.java:57) ~[junit-platform-engine-1.8.2.jar:1.8.2]
	at org.junit.platform.engine.support.hierarchical.HierarchicalTestEngine.execute(HierarchicalTestEngine.java:54) ~[junit-platform-engine-1.8.2.jar:1.8.2]
	at org.junit.platform.launcher.core.DefaultLauncher.execute(DefaultLauncher.java:220) ~[junit-platform-launcher-1.3.1.jar:1.3.1]
	at org.junit.platform.launcher.core.DefaultLauncher.lambda$execute$6(DefaultLauncher.java:188) ~[junit-platform-launcher-1.3.1.jar:1.3.1]
	at org.junit.platform.launcher.core.DefaultLauncher.withInterceptedStreams(DefaultLauncher.java:202) ~[junit-platform-launcher-1.3.1.jar:1.3.1]
	at org.junit.platform.launcher.core.DefaultLauncher.execute(DefaultLauncher.java:181) ~[junit-platform-launcher-1.3.1.jar:1.3.1]
	at org.junit.platform.launcher.core.DefaultLauncher.execute(DefaultLauncher.java:128) ~[junit-platform-launcher-1.3.1.jar:1.3.1]
	at org.apache.maven.surefire.junitplatform.JUnitPlatformProvider.invokeAllTests(JUnitPlatformProvider.java:150) ~[surefire-junit-platform-2.22.2.jar:2.22.2]
	at org.apache.maven.surefire.junitplatform.JUnitPlatformProvider.invoke(JUnitPlatformProvider.java:124) ~[surefire-junit-platform-2.22.2.jar:2.22.2]
	at org.apache.maven.surefire.booter.ForkedBooter.invokeProviderInSameClassLoader(ForkedBooter.java:384) ~[surefire-booter-2.22.2.jar:2.22.2]
	at org.apache.maven.surefire.booter.ForkedBooter.runSuitesInProcess(ForkedBooter.java:345) ~[surefire-booter-2.22.2.jar:2.22.2]
	at org.apache.maven.surefire.booter.ForkedBooter.execute(ForkedBooter.java:126) ~[surefire-booter-2.22.2.jar:2.22.2]
	at org.apache.maven.surefire.booter.ForkedBooter.main(ForkedBooter.java:418) ~[surefire-booter-2.22.2.jar:2.22.2]
Caused by: org.hibernate.exception.DataException: could not execute statement
	at org.hibernate.exception.internal.SQLStateConversionDelegate.convert(SQLStateConversionDelegate.java:115) ~[hibernate-core-5.6.3.Final.jar:5.6.3.Final]
	at org.hibernate.exception.internal.StandardSQLExceptionConverter.convert(StandardSQLExceptionConverter.java:37) ~[hibernate-core-5.6.3.Final.jar:5.6.3.Final]
	at org.hibernate.engine.jdbc.spi.SqlExceptionHelper.convert(SqlExceptionHelper.java:113) ~[hibernate-core-5.6.3.Final.jar:5.6.3.Final]
	at org.hibernate.engine.jdbc.spi.SqlExceptionHelper.convert(SqlExceptionHelper.java:99) ~[hibernate-core-5.6.3.Final.jar:5.6.3.Final]
	at org.hibernate.engine.jdbc.internal.ResultSetReturnImpl.executeUpdate(ResultSetReturnImpl.java:200) ~[hibernate-core-5.6.3.Final.jar:5.6.3.Final]
	at org.hibernate.engine.jdbc.batch.internal.NonBatchingBatch.addToBatch(NonBatchingBatch.java:46) ~[hibernate-core-5.6.3.Final.jar:5.6.3.Final]
	at org.hibernate.persister.entity.AbstractEntityPersister.insert(AbstractEntityPersister.java:3375) ~[hibernate-core-5.6.3.Final.jar:5.6.3.Final]
	at org.hibernate.persister.entity.AbstractEntityPersister.insert(AbstractEntityPersister.java:3908) ~[hibernate-core-5.6.3.Final.jar:5.6.3.Final]
	at org.hibernate.action.internal.EntityInsertAction.execute(EntityInsertAction.java:107) ~[hibernate-core-5.6.3.Final.jar:5.6.3.Final]
	at org.hibernate.engine.spi.ActionQueue.executeActions(ActionQueue.java:604) ~[hibernate-core-5.6.3.Final.jar:5.6.3.Final]
	at org.hibernate.engine.spi.ActionQueue.lambda$executeActions$1(ActionQueue.java:478) ~[hibernate-core-5.6.3.Final.jar:5.6.3.Final]
	at java.base/java.util.LinkedHashMap.forEach(LinkedHashMap.java:721) ~[na:na]
	at org.hibernate.engine.spi.ActionQueue.executeActions(ActionQueue.java:475) ~[hibernate-core-5.6.3.Final.jar:5.6.3.Final]
	at org.hibernate.event.internal.AbstractFlushingEventListener.performExecutions(AbstractFlushingEventListener.java:344) ~[hibernate-core-5.6.3.Final.jar:5.6.3.Final]
	at org.hibernate.event.internal.DefaultFlushEventListener.onFlush(DefaultFlushEventListener.java:40) ~[hibernate-core-5.6.3.Final.jar:5.6.3.Final]
	at org.hibernate.event.service.internal.EventListenerGroupImpl.fireEventOnEachListener(EventListenerGroupImpl.java:107) ~[hibernate-core-5.6.3.Final.jar:5.6.3.Final]
	at org.hibernate.internal.SessionImpl.doFlush(SessionImpl.java:1402) ~[hibernate-core-5.6.3.Final.jar:5.6.3.Final]
	at org.hibernate.internal.SessionImpl.flush(SessionImpl.java:1389) ~[hibernate-core-5.6.3.Final.jar:5.6.3.Final]
	at org.hibernate.query.internal.NativeQueryImpl.beforeQuery(NativeQueryImpl.java:268) ~[hibernate-core-5.6.3.Final.jar:5.6.3.Final]
	at org.hibernate.query.internal.AbstractProducedQuery.list(AbstractProducedQuery.java:1615) ~[hibernate-core-5.6.3.Final.jar:5.6.3.Final]
	at org.hibernate.query.internal.AbstractProducedQuery.getSingleResult(AbstractProducedQuery.java:1665) ~[hibernate-core-5.6.3.Final.jar:5.6.3.Final]
	at org.springframework.data.jpa.repository.query.JpaQueryExecution$SingleEntityExecution.doExecute(JpaQueryExecution.java:198) ~[spring-data-jpa-2.6.0.jar:2.6.0]
	at org.springframework.data.jpa.repository.query.JpaQueryExecution.execute(JpaQueryExecution.java:90) ~[spring-data-jpa-2.6.0.jar:2.6.0]
	at org.springframework.data.jpa.repository.query.AbstractJpaQuery.doExecute(AbstractJpaQuery.java:155) ~[spring-data-jpa-2.6.0.jar:2.6.0]
	at org.springframework.data.jpa.repository.query.AbstractJpaQuery.execute(AbstractJpaQuery.java:143) ~[spring-data-jpa-2.6.0.jar:2.6.0]
	at org.springframework.data.repository.core.support.RepositoryMethodInvoker.doInvoke(RepositoryMethodInvoker.java:137) ~[spring-data-commons-2.6.0.jar:2.6.0]
	at org.springframework.data.repository.core.support.RepositoryMethodInvoker.invoke(RepositoryMethodInvoker.java:121) ~[spring-data-commons-2.6.0.jar:2.6.0]
	at org.springframework.data.repository.core.support.QueryExecutorMethodInterceptor.doInvoke(QueryExecutorMethodInterceptor.java:159) ~[spring-data-commons-2.6.0.jar:2.6.0]
	at org.springframework.data.repository.core.support.QueryExecutorMethodInterceptor.invoke(QueryExecutorMethodInterceptor.java:138) ~[spring-data-commons-2.6.0.jar:2.6.0]
	at org.springframework.aop.framework.ReflectiveMethodInvocation.proceed(ReflectiveMethodInvocation.java:186) ~[spring-aop-5.3.14.jar:5.3.14]
	at org.springframework.data.projection.DefaultMethodInvokingMethodInterceptor.invoke(DefaultMethodInvokingMethodInterceptor.java:80) ~[spring-data-commons-2.6.0.jar:2.6.0]
	at org.springframework.aop.framework.ReflectiveMethodInvocation.proceed(ReflectiveMethodInvocation.java:186) ~[spring-aop-5.3.14.jar:5.3.14]
	at org.springframework.transaction.interceptor.TransactionInterceptor$1.proceedWithInvocation(TransactionInterceptor.java:123) ~[spring-tx-5.3.14.jar:5.3.14]
	at org.springframework.transaction.interceptor.TransactionAspectSupport.invokeWithinTransaction(TransactionAspectSupport.java:388) ~[spring-tx-5.3.14.jar:5.3.14]
	at org.springframework.transaction.interceptor.TransactionInterceptor.invoke(TransactionInterceptor.java:119) ~[spring-tx-5.3.14.jar:5.3.14]
	at org.springframework.aop.framework.ReflectiveMethodInvocation.proceed(ReflectiveMethodInvocation.java:186) ~[spring-aop-5.3.14.jar:5.3.14]
	at org.springframework.dao.support.PersistenceExceptionTranslationInterceptor.invoke(PersistenceExceptionTranslationInterceptor.java:137) ~[spring-tx-5.3.14.jar:5.3.14]
	... 102 common frames omitted
Caused by: org.postgresql.util.PSQLException: ERROR: value too long for type character varying(60)
	at org.postgresql.core.v3.QueryExecutorImpl.receiveErrorResponse(QueryExecutorImpl.java:2674) ~[postgresql-42.3.1.jar:42.3.1]
	at org.postgresql.core.v3.QueryExecutorImpl.processResults(QueryExecutorImpl.java:2364) ~[postgresql-42.3.1.jar:42.3.1]
	at org.postgresql.core.v3.QueryExecutorImpl.execute(QueryExecutorImpl.java:354) ~[postgresql-42.3.1.jar:42.3.1]
	at org.postgresql.jdbc.PgStatement.executeInternal(PgStatement.java:484) ~[postgresql-42.3.1.jar:42.3.1]
	at org.postgresql.jdbc.PgStatement.execute(PgStatement.java:404) ~[postgresql-42.3.1.jar:42.3.1]
	at org.postgresql.jdbc.PgPreparedStatement.executeWithFlags(PgPreparedStatement.java:162) ~[postgresql-42.3.1.jar:42.3.1]
	at org.postgresql.jdbc.PgPreparedStatement.executeUpdate(PgPreparedStatement.java:130) ~[postgresql-42.3.1.jar:42.3.1]
	at com.zaxxer.hikari.pool.ProxyPreparedStatement.executeUpdate(ProxyPreparedStatement.java:61) ~[HikariCP-4.0.3.jar:na]
	at com.zaxxer.hikari.pool.HikariProxyPreparedStatement.executeUpdate(HikariProxyPreparedStatement.java) ~[HikariCP-4.0.3.jar:na]
	at org.hibernate.engine.jdbc.internal.ResultSetReturnImpl.executeUpdate(ResultSetReturnImpl.java:197) ~[hibernate-core-5.6.3.Final.jar:5.6.3.Final]
	... 134 common frames omitted

2022-01-21 08:32:28.686  INFO 7252 --- [           main] j.LocalContainerEntityManagerFactoryBean : Closing JPA EntityManagerFactory for persistence unit 'default'
2022-01-21 08:32:28.975  INFO 7252 --- [           main] com.zaxxer.hikari.HikariDataSource       : HikariPool-2 - Shutdown initiated...
2022-01-21 08:32:29.146  INFO 7252 --- [           main] com.zaxxer.hikari.HikariDataSource       : HikariPool-2 - Shutdown completed.
2022-01-21 08:32:29.148 ERROR 7252 --- [           main] o.s.test.context.TestContextManager      : Caught exception while allowing TestExecutionListener [org.springframework.test.context.web.ServletTestExecutionListener@507f7cd1] to prepare test instance [com.gis.medfind.MedfindApplicationTests@d884e9a]

java.lang.IllegalStateException: Failed to load ApplicationContext
	at org.springframework.test.context.cache.DefaultCacheAwareContextLoaderDelegate.loadContext(DefaultCacheAwareContextLoaderDelegate.java:132) ~[spring-test-5.3.14.jar:5.3.14]
	at org.springframework.test.context.support.DefaultTestContext.getApplicationContext(DefaultTestContext.java:124) ~[spring-test-5.3.14.jar:5.3.14]
	at org.springframework.test.context.web.ServletTestExecutionListener.setUpRequestContextIfNecessary(ServletTestExecutionListener.java:190) ~[spring-test-5.3.14.jar:5.3.14]
	at org.springframework.test.context.web.ServletTestExecutionListener.prepareTestInstance(ServletTestExecutionListener.java:132) ~[spring-test-5.3.14.jar:5.3.14]
	at org.springframework.test.context.TestContextManager.prepareTestInstance(TestContextManager.java:248) ~[spring-test-5.3.14.jar:5.3.14]
	at org.springframework.test.context.junit.jupiter.SpringExtension.postProcessTestInstance(SpringExtension.java:138) ~[spring-test-5.3.14.jar:5.3.14]
	at org.junit.jupiter.engine.descriptor.ClassBasedTestDescriptor.lambda$invokeTestInstancePostProcessors$8(ClassBasedTestDescriptor.java:363) ~[junit-jupiter-engine-5.8.2.jar:5.8.2]
	at org.junit.jupiter.engine.descriptor.ClassBasedTestDescriptor.executeAndMaskThrowable(ClassBasedTestDescriptor.java:368) ~[junit-jupiter-engine-5.8.2.jar:5.8.2]
	at org.junit.jupiter.engine.descriptor.ClassBasedTestDescriptor.lambda$invokeTestInstancePostProcessors$9(ClassBasedTestDescriptor.java:363) ~[junit-jupiter-engine-5.8.2.jar:5.8.2]
	at java.base/java.util.stream.ReferencePipeline$3$1.accept(ReferencePipeline.java:197) ~[na:na]
	at java.base/java.util.stream.ReferencePipeline$2$1.accept(ReferencePipeline.java:179) ~[na:na]
	at java.base/java.util.ArrayList$ArrayListSpliterator.forEachRemaining(ArrayList.java:1625) ~[na:na]
	at java.base/java.util.stream.AbstractPipeline.copyInto(AbstractPipeline.java:509) ~[na:na]
	at java.base/java.util.stream.AbstractPipeline.wrapAndCopyInto(AbstractPipeline.java:499) ~[na:na]
	at java.base/java.util.stream.StreamSpliterators$WrappingSpliterator.forEachRemaining(StreamSpliterators.java:310) ~[na:na]
	at java.base/java.util.stream.Streams$ConcatSpliterator.forEachRemaining(Streams.java:735) ~[na:na]
	at java.base/java.util.stream.Streams$ConcatSpliterator.forEachRemaining(Streams.java:734) ~[na:na]
	at java.base/java.util.stream.ReferencePipeline$Head.forEach(ReferencePipeline.java:762) ~[na:na]
	at org.junit.jupiter.engine.descriptor.ClassBasedTestDescriptor.invokeTestInstancePostProcessors(ClassBasedTestDescriptor.java:362) ~[junit-jupiter-engine-5.8.2.jar:5.8.2]
	at org.junit.jupiter.engine.descriptor.ClassBasedTestDescriptor.lambda$instantiateAndPostProcessTestInstance$6(ClassBasedTestDescriptor.java:283) ~[junit-jupiter-engine-5.8.2.jar:5.8.2]
	at org.junit.platform.engine.support.hierarchical.ThrowableCollector.execute(ThrowableCollector.java:73) ~[junit-platform-engine-1.8.2.jar:1.8.2]
	at org.junit.jupiter.engine.descriptor.ClassBasedTestDescriptor.instantiateAndPostProcessTestInstance(ClassBasedTestDescriptor.java:282) ~[junit-jupiter-engine-5.8.2.jar:5.8.2]
	at org.junit.jupiter.engine.descriptor.ClassBasedTestDescriptor.lambda$testInstancesProvider$4(ClassBasedTestDescriptor.java:272) ~[junit-jupiter-engine-5.8.2.jar:5.8.2]
	at java.base/java.util.Optional.orElseGet(Optional.java:364) ~[na:na]
	at org.junit.jupiter.engine.descriptor.ClassBasedTestDescriptor.lambda$testInstancesProvider$5(ClassBasedTestDescriptor.java:271) ~[junit-jupiter-engine-5.8.2.jar:5.8.2]
	at org.junit.jupiter.engine.execution.TestInstancesProvider.getTestInstances(TestInstancesProvider.java:31) ~[junit-jupiter-engine-5.8.2.jar:5.8.2]
	at org.junit.jupiter.engine.descriptor.TestMethodTestDescriptor.lambda$prepare$0(TestMethodTestDescriptor.java:102) ~[junit-jupiter-engine-5.8.2.jar:5.8.2]
	at org.junit.platform.engine.support.hierarchical.ThrowableCollector.execute(ThrowableCollector.java:73) ~[junit-platform-engine-1.8.2.jar:1.8.2]
	at org.junit.jupiter.engine.descriptor.TestMethodTestDescriptor.prepare(TestMethodTestDescriptor.java:101) ~[junit-jupiter-engine-5.8.2.jar:5.8.2]
	at org.junit.jupiter.engine.descriptor.TestMethodTestDescriptor.prepare(TestMethodTestDescriptor.java:66) ~[junit-jupiter-engine-5.8.2.jar:5.8.2]
	at org.junit.platform.engine.support.hierarchical.NodeTestTask.lambda$prepare$2(NodeTestTask.java:123) ~[junit-platform-engine-1.8.2.jar:1.8.2]
	at org.junit.platform.engine.support.hierarchical.ThrowableCollector.execute(ThrowableCollector.java:73) ~[junit-platform-engine-1.8.2.jar:1.8.2]
	at org.junit.platform.engine.support.hierarchical.NodeTestTask.prepare(NodeTestTask.java:123) ~[junit-platform-engine-1.8.2.jar:1.8.2]
	at org.junit.platform.engine.support.hierarchical.NodeTestTask.execute(NodeTestTask.java:90) ~[junit-platform-engine-1.8.2.jar:1.8.2]
	at java.base/java.util.ArrayList.forEach(ArrayList.java:1511) ~[na:na]
	at org.junit.platform.engine.support.hierarchical.SameThreadHierarchicalTestExecutorService.invokeAll(SameThreadHierarchicalTestExecutorService.java:41) ~[junit-platform-engine-1.8.2.jar:1.8.2]
	at org.junit.platform.engine.support.hierarchical.NodeTestTask.lambda$executeRecursively$6(NodeTestTask.java:155) ~[junit-platform-engine-1.8.2.jar:1.8.2]
	at org.junit.platform.engine.support.hierarchical.ThrowableCollector.execute(ThrowableCollector.java:73) ~[junit-platform-engine-1.8.2.jar:1.8.2]
	at org.junit.platform.engine.support.hierarchical.NodeTestTask.lambda$executeRecursively$8(NodeTestTask.java:141) ~[junit-platform-engine-1.8.2.jar:1.8.2]
	at org.junit.platform.engine.support.hierarchical.Node.around(Node.java:137) ~[junit-platform-engine-1.8.2.jar:1.8.2]
	at org.junit.platform.engine.support.hierarchical.NodeTestTask.lambda$executeRecursively$9(NodeTestTask.java:139) ~[junit-platform-engine-1.8.2.jar:1.8.2]
	at org.junit.platform.engine.support.hierarchical.ThrowableCollector.execute(ThrowableCollector.java:73) ~[junit-platform-engine-1.8.2.jar:1.8.2]
	at org.junit.platform.engine.support.hierarchical.NodeTestTask.executeRecursively(NodeTestTask.java:138) ~[junit-platform-engine-1.8.2.jar:1.8.2]
	at org.junit.platform.engine.support.hierarchical.NodeTestTask.execute(NodeTestTask.java:95) ~[junit-platform-engine-1.8.2.jar:1.8.2]
	at java.base/java.util.ArrayList.forEach(ArrayList.java:1511) ~[na:na]
	at org.junit.platform.engine.support.hierarchical.SameThreadHierarchicalTestExecutorService.invokeAll(SameThreadHierarchicalTestExecutorService.java:41) ~[junit-platform-engine-1.8.2.jar:1.8.2]
	at org.junit.platform.engine.support.hierarchical.NodeTestTask.lambda$executeRecursively$6(NodeTestTask.java:155) ~[junit-platform-engine-1.8.2.jar:1.8.2]
	at org.junit.platform.engine.support.hierarchical.ThrowableCollector.execute(ThrowableCollector.java:73) ~[junit-platform-engine-1.8.2.jar:1.8.2]
	at org.junit.platform.engine.support.hierarchical.NodeTestTask.lambda$executeRecursively$8(NodeTestTask.java:141) ~[junit-platform-engine-1.8.2.jar:1.8.2]
	at org.junit.platform.engine.support.hierarchical.Node.around(Node.java:137) ~[junit-platform-engine-1.8.2.jar:1.8.2]
	at org.junit.platform.engine.support.hierarchical.NodeTestTask.lambda$executeRecursively$9(NodeTestTask.java:139) ~[junit-platform-engine-1.8.2.jar:1.8.2]
	at org.junit.platform.engine.support.hierarchical.ThrowableCollector.execute(ThrowableCollector.java:73) ~[junit-platform-engine-1.8.2.jar:1.8.2]
	at org.junit.platform.engine.support.hierarchical.NodeTestTask.executeRecursively(NodeTestTask.java:138) ~[junit-platform-engine-1.8.2.jar:1.8.2]
	at org.junit.platform.engine.support.hierarchical.NodeTestTask.execute(NodeTestTask.java:95) ~[junit-platform-engine-1.8.2.jar:1.8.2]
	at org.junit.platform.engine.support.hierarchical.SameThreadHierarchicalTestExecutorService.submit(SameThreadHierarchicalTestExecutorService.java:35) ~[junit-platform-engine-1.8.2.jar:1.8.2]
	at org.junit.platform.engine.support.hierarchical.HierarchicalTestExecutor.execute(HierarchicalTestExecutor.java:57) ~[junit-platform-engine-1.8.2.jar:1.8.2]
	at org.junit.platform.engine.support.hierarchical.HierarchicalTestEngine.execute(HierarchicalTestEngine.java:54) ~[junit-platform-engine-1.8.2.jar:1.8.2]
	at org.junit.platform.launcher.core.DefaultLauncher.execute(DefaultLauncher.java:220) ~[junit-platform-launcher-1.3.1.jar:1.3.1]
	at org.junit.platform.launcher.core.DefaultLauncher.lambda$execute$6(DefaultLauncher.java:188) ~[junit-platform-launcher-1.3.1.jar:1.3.1]
	at org.junit.platform.launcher.core.DefaultLauncher.withInterceptedStreams(DefaultLauncher.java:202) ~[junit-platform-launcher-1.3.1.jar:1.3.1]
	at org.junit.platform.launcher.core.DefaultLauncher.execute(DefaultLauncher.java:181) ~[junit-platform-launcher-1.3.1.jar:1.3.1]
	at org.junit.platform.launcher.core.DefaultLauncher.execute(DefaultLauncher.java:128) ~[junit-platform-launcher-1.3.1.jar:1.3.1]
	at org.apache.maven.surefire.junitplatform.JUnitPlatformProvider.invokeAllTests(JUnitPlatformProvider.java:150) ~[surefire-junit-platform-2.22.2.jar:2.22.2]
	at org.apache.maven.surefire.junitplatform.JUnitPlatformProvider.invoke(JUnitPlatformProvider.java:124) ~[surefire-junit-platform-2.22.2.jar:2.22.2]
	at org.apache.maven.surefire.booter.ForkedBooter.invokeProviderInSameClassLoader(ForkedBooter.java:384) ~[surefire-booter-2.22.2.jar:2.22.2]
	at org.apache.maven.surefire.booter.ForkedBooter.runSuitesInProcess(ForkedBooter.java:345) ~[surefire-booter-2.22.2.jar:2.22.2]
	at org.apache.maven.surefire.booter.ForkedBooter.execute(ForkedBooter.java:126) ~[surefire-booter-2.22.2.jar:2.22.2]
	at org.apache.maven.surefire.booter.ForkedBooter.main(ForkedBooter.java:418) ~[surefire-booter-2.22.2.jar:2.22.2]
Caused by: org.springframework.dao.DataIntegrityViolationException: could not execute statement; SQL [n/a]; nested exception is org.hibernate.exception.DataException: could not execute statement
	at org.springframework.orm.jpa.vendor.HibernateJpaDialect.convertHibernateAccessException(HibernateJpaDialect.java:280) ~[spring-orm-5.3.14.jar:5.3.14]
	at org.springframework.orm.jpa.vendor.HibernateJpaDialect.translateExceptionIfPossible(HibernateJpaDialect.java:233) ~[spring-orm-5.3.14.jar:5.3.14]
	at org.springframework.orm.jpa.AbstractEntityManagerFactoryBean.translateExceptionIfPossible(AbstractEntityManagerFactoryBean.java:551) ~[spring-orm-5.3.14.jar:5.3.14]
	at org.springframework.dao.support.ChainedPersistenceExceptionTranslator.translateExceptionIfPossible(ChainedPersistenceExceptionTranslator.java:61) ~[spring-tx-5.3.14.jar:5.3.14]
	at org.springframework.dao.support.DataAccessUtils.translateIfNecessary(DataAccessUtils.java:242) ~[spring-tx-5.3.14.jar:5.3.14]
	at org.springframework.dao.support.PersistenceExceptionTranslationInterceptor.invoke(PersistenceExceptionTranslationInterceptor.java:152) ~[spring-tx-5.3.14.jar:5.3.14]
	at org.springframework.aop.framework.ReflectiveMethodInvocation.proceed(ReflectiveMethodInvocation.java:186) ~[spring-aop-5.3.14.jar:5.3.14]
	at org.springframework.data.jpa.repository.support.CrudMethodMetadataPostProcessor$CrudMethodMetadataPopulatingMethodInterceptor.invoke(CrudMethodMetadataPostProcessor.java:145) ~[spring-data-jpa-2.6.0.jar:2.6.0]
	at org.springframework.aop.framework.ReflectiveMethodInvocation.proceed(ReflectiveMethodInvocation.java:186) ~[spring-aop-5.3.14.jar:5.3.14]
	at org.springframework.aop.interceptor.ExposeInvocationInterceptor.invoke(ExposeInvocationInterceptor.java:97) ~[spring-aop-5.3.14.jar:5.3.14]
	at org.springframework.aop.framework.ReflectiveMethodInvocation.proceed(ReflectiveMethodInvocation.java:186) ~[spring-aop-5.3.14.jar:5.3.14]
	at org.springframework.aop.framework.JdkDynamicAopProxy.invoke(JdkDynamicAopProxy.java:215) ~[spring-aop-5.3.14.jar:5.3.14]
	at jdk.proxy2/jdk.proxy2.$Proxy127.getByEmail(Unknown Source) ~[na:na]
	at com.gis.medfind.startup.StartUpDataLoader.loadPharmacies(StartUpDataLoader.java:301) ~[classes/:na]
	at com.gis.medfind.startup.StartUpDataLoader.onApplicationEvent(StartUpDataLoader.java:120) ~[classes/:na]
	at com.gis.medfind.startup.StartUpDataLoader.onApplicationEvent(StartUpDataLoader.java:38) ~[classes/:na]
	at com.gis.medfind.startup.StartUpDataLoader$$FastClassBySpringCGLIB$$d3930cd6.invoke(<generated>) ~[classes/:na]
	at org.springframework.cglib.proxy.MethodProxy.invoke(MethodProxy.java:218) ~[spring-core-5.3.14.jar:5.3.14]
	at org.springframework.aop.framework.CglibAopProxy$CglibMethodInvocation.invokeJoinpoint(CglibAopProxy.java:783) ~[spring-aop-5.3.14.jar:5.3.14]
	at org.springframework.aop.framework.ReflectiveMethodInvocation.proceed(ReflectiveMethodInvocation.java:163) ~[spring-aop-5.3.14.jar:5.3.14]
	at org.springframework.aop.framework.CglibAopProxy$CglibMethodInvocation.proceed(CglibAopProxy.java:753) ~[spring-aop-5.3.14.jar:5.3.14]
	at org.springframework.transaction.interceptor.TransactionInterceptor$1.proceedWithInvocation(TransactionInterceptor.java:123) ~[spring-tx-5.3.14.jar:5.3.14]
	at org.springframework.transaction.interceptor.TransactionAspectSupport.invokeWithinTransaction(TransactionAspectSupport.java:388) ~[spring-tx-5.3.14.jar:5.3.14]
	at org.springframework.transaction.interceptor.TransactionInterceptor.invoke(TransactionInterceptor.java:119) ~[spring-tx-5.3.14.jar:5.3.14]
	at org.springframework.aop.framework.ReflectiveMethodInvocation.proceed(ReflectiveMethodInvocation.java:186) ~[spring-aop-5.3.14.jar:5.3.14]
	at org.springframework.aop.framework.CglibAopProxy$CglibMethodInvocation.proceed(CglibAopProxy.java:753) ~[spring-aop-5.3.14.jar:5.3.14]
	at org.springframework.aop.framework.CglibAopProxy$DynamicAdvisedInterceptor.intercept(CglibAopProxy.java:698) ~[spring-aop-5.3.14.jar:5.3.14]
	at com.gis.medfind.startup.StartUpDataLoader$$EnhancerBySpringCGLIB$$bce11f82.onApplicationEvent(<generated>) ~[classes/:na]
	at org.springframework.context.event.SimpleApplicationEventMulticaster.doInvokeListener(SimpleApplicationEventMulticaster.java:176) ~[spring-context-5.3.14.jar:5.3.14]
	at org.springframework.context.event.SimpleApplicationEventMulticaster.invokeListener(SimpleApplicationEventMulticaster.java:169) ~[spring-context-5.3.14.jar:5.3.14]
	at org.springframework.context.event.SimpleApplicationEventMulticaster.multicastEvent(SimpleApplicationEventMulticaster.java:143) ~[spring-context-5.3.14.jar:5.3.14]
	at org.springframework.context.support.AbstractApplicationContext.publishEvent(AbstractApplicationContext.java:421) ~[spring-context-5.3.14.jar:5.3.14]
	at org.springframework.context.support.AbstractApplicationContext.publishEvent(AbstractApplicationContext.java:378) ~[spring-context-5.3.14.jar:5.3.14]
	at org.springframework.context.support.AbstractApplicationContext.finishRefresh(AbstractApplicationContext.java:938) ~[spring-context-5.3.14.jar:5.3.14]
	at org.springframework.context.support.AbstractApplicationContext.refresh(AbstractApplicationContext.java:586) ~[spring-context-5.3.14.jar:5.3.14]
	at org.springframework.boot.SpringApplication.refresh(SpringApplication.java:730) ~[spring-boot-2.6.2.jar:2.6.2]
	at org.springframework.boot.SpringApplication.refreshContext(SpringApplication.java:412) ~[spring-boot-2.6.2.jar:2.6.2]
	at org.springframework.boot.SpringApplication.run(SpringApplication.java:302) ~[spring-boot-2.6.2.jar:2.6.2]
	at org.springframework.boot.test.context.SpringBootContextLoader.loadContext(SpringBootContextLoader.java:121) ~[spring-boot-test-2.6.2.jar:2.6.2]
	at org.springframework.test.context.cache.DefaultCacheAwareContextLoaderDelegate.loadContextInternal(DefaultCacheAwareContextLoaderDelegate.java:99) ~[spring-test-5.3.14.jar:5.3.14]
	at org.springframework.test.context.cache.DefaultCacheAwareContextLoaderDelegate.loadContext(DefaultCacheAwareContextLoaderDelegate.java:124) ~[spring-test-5.3.14.jar:5.3.14]
	... 67 common frames omitted
Caused by: org.hibernate.exception.DataException: could not execute statement
	at org.hibernate.exception.internal.SQLStateConversionDelegate.convert(SQLStateConversionDelegate.java:115) ~[hibernate-core-5.6.3.Final.jar:5.6.3.Final]
	at org.hibernate.exception.internal.StandardSQLExceptionConverter.convert(StandardSQLExceptionConverter.java:37) ~[hibernate-core-5.6.3.Final.jar:5.6.3.Final]
	at org.hibernate.engine.jdbc.spi.SqlExceptionHelper.convert(SqlExceptionHelper.java:113) ~[hibernate-core-5.6.3.Final.jar:5.6.3.Final]
	at org.hibernate.engine.jdbc.spi.SqlExceptionHelper.convert(SqlExceptionHelper.java:99) ~[hibernate-core-5.6.3.Final.jar:5.6.3.Final]
	at org.hibernate.engine.jdbc.internal.ResultSetReturnImpl.executeUpdate(ResultSetReturnImpl.java:200) ~[hibernate-core-5.6.3.Final.jar:5.6.3.Final]
	at org.hibernate.engine.jdbc.batch.internal.NonBatchingBatch.addToBatch(NonBatchingBatch.java:46) ~[hibernate-core-5.6.3.Final.jar:5.6.3.Final]
	at org.hibernate.persister.entity.AbstractEntityPersister.insert(AbstractEntityPersister.java:3375) ~[hibernate-core-5.6.3.Final.jar:5.6.3.Final]
	at org.hibernate.persister.entity.AbstractEntityPersister.insert(AbstractEntityPersister.java:3908) ~[hibernate-core-5.6.3.Final.jar:5.6.3.Final]
	at org.hibernate.action.internal.EntityInsertAction.execute(EntityInsertAction.java:107) ~[hibernate-core-5.6.3.Final.jar:5.6.3.Final]
	at org.hibernate.engine.spi.ActionQueue.executeActions(ActionQueue.java:604) ~[hibernate-core-5.6.3.Final.jar:5.6.3.Final]
	at org.hibernate.engine.spi.ActionQueue.lambda$executeActions$1(ActionQueue.java:478) ~[hibernate-core-5.6.3.Final.jar:5.6.3.Final]
	at java.base/java.util.LinkedHashMap.forEach(LinkedHashMap.java:721) ~[na:na]
	at org.hibernate.engine.spi.ActionQueue.executeActions(ActionQueue.java:475) ~[hibernate-core-5.6.3.Final.jar:5.6.3.Final]
	at org.hibernate.event.internal.AbstractFlushingEventListener.performExecutions(AbstractFlushingEventListener.java:344) ~[hibernate-core-5.6.3.Final.jar:5.6.3.Final]
	at org.hibernate.event.internal.DefaultFlushEventListener.onFlush(DefaultFlushEventListener.java:40) ~[hibernate-core-5.6.3.Final.jar:5.6.3.Final]
	at org.hibernate.event.service.internal.EventListenerGroupImpl.fireEventOnEachListener(EventListenerGroupImpl.java:107) ~[hibernate-core-5.6.3.Final.jar:5.6.3.Final]
	at org.hibernate.internal.SessionImpl.doFlush(SessionImpl.java:1402) ~[hibernate-core-5.6.3.Final.jar:5.6.3.Final]
	at org.hibernate.internal.SessionImpl.flush(SessionImpl.java:1389) ~[hibernate-core-5.6.3.Final.jar:5.6.3.Final]
	at org.hibernate.query.internal.NativeQueryImpl.beforeQuery(NativeQueryImpl.java:268) ~[hibernate-core-5.6.3.Final.jar:5.6.3.Final]
	at org.hibernate.query.internal.AbstractProducedQuery.list(AbstractProducedQuery.java:1615) ~[hibernate-core-5.6.3.Final.jar:5.6.3.Final]
	at org.hibernate.query.internal.AbstractProducedQuery.getSingleResult(AbstractProducedQuery.java:1665) ~[hibernate-core-5.6.3.Final.jar:5.6.3.Final]
	at org.springframework.data.jpa.repository.query.JpaQueryExecution$SingleEntityExecution.doExecute(JpaQueryExecution.java:198) ~[spring-data-jpa-2.6.0.jar:2.6.0]
	at org.springframework.data.jpa.repository.query.JpaQueryExecution.execute(JpaQueryExecution.java:90) ~[spring-data-jpa-2.6.0.jar:2.6.0]
	at org.springframework.data.jpa.repository.query.AbstractJpaQuery.doExecute(AbstractJpaQuery.java:155) ~[spring-data-jpa-2.6.0.jar:2.6.0]
	at org.springframework.data.jpa.repository.query.AbstractJpaQuery.execute(AbstractJpaQuery.java:143) ~[spring-data-jpa-2.6.0.jar:2.6.0]
	at org.springframework.data.repository.core.support.RepositoryMethodInvoker.doInvoke(RepositoryMethodInvoker.java:137) ~[spring-data-commons-2.6.0.jar:2.6.0]
	at org.springframework.data.repository.core.support.RepositoryMethodInvoker.invoke(RepositoryMethodInvoker.java:121) ~[spring-data-commons-2.6.0.jar:2.6.0]
	at org.springframework.data.repository.core.support.QueryExecutorMethodInterceptor.doInvoke(QueryExecutorMethodInterceptor.java:159) ~[spring-data-commons-2.6.0.jar:2.6.0]
	at org.springframework.data.repository.core.support.QueryExecutorMethodInterceptor.invoke(QueryExecutorMethodInterceptor.java:138) ~[spring-data-commons-2.6.0.jar:2.6.0]
	at org.springframework.aop.framework.ReflectiveMethodInvocation.proceed(ReflectiveMethodInvocation.java:186) ~[spring-aop-5.3.14.jar:5.3.14]
	at org.springframework.data.projection.DefaultMethodInvokingMethodInterceptor.invoke(DefaultMethodInvokingMethodInterceptor.java:80) ~[spring-data-commons-2.6.0.jar:2.6.0]
	at org.springframework.aop.framework.ReflectiveMethodInvocation.proceed(ReflectiveMethodInvocation.java:186) ~[spring-aop-5.3.14.jar:5.3.14]
	at org.springframework.transaction.interceptor.TransactionInterceptor$1.proceedWithInvocation(TransactionInterceptor.java:123) ~[spring-tx-5.3.14.jar:5.3.14]
	at org.springframework.transaction.interceptor.TransactionAspectSupport.invokeWithinTransaction(TransactionAspectSupport.java:388) ~[spring-tx-5.3.14.jar:5.3.14]
	at org.springframework.transaction.interceptor.TransactionInterceptor.invoke(TransactionInterceptor.java:119) ~[spring-tx-5.3.14.jar:5.3.14]
	at org.springframework.aop.framework.ReflectiveMethodInvocation.proceed(ReflectiveMethodInvocation.java:186) ~[spring-aop-5.3.14.jar:5.3.14]
	at org.springframework.dao.support.PersistenceExceptionTranslationInterceptor.invoke(PersistenceExceptionTranslationInterceptor.java:137) ~[spring-tx-5.3.14.jar:5.3.14]
	... 102 common frames omitted
Caused by: org.postgresql.util.PSQLException: ERROR: value too long for type character varying(60)
	at org.postgresql.core.v3.QueryExecutorImpl.receiveErrorResponse(QueryExecutorImpl.java:2674) ~[postgresql-42.3.1.jar:42.3.1]
	at org.postgresql.core.v3.QueryExecutorImpl.processResults(QueryExecutorImpl.java:2364) ~[postgresql-42.3.1.jar:42.3.1]
	at org.postgresql.core.v3.QueryExecutorImpl.execute(QueryExecutorImpl.java:354) ~[postgresql-42.3.1.jar:42.3.1]
	at org.postgresql.jdbc.PgStatement.executeInternal(PgStatement.java:484) ~[postgresql-42.3.1.jar:42.3.1]
	at org.postgresql.jdbc.PgStatement.execute(PgStatement.java:404) ~[postgresql-42.3.1.jar:42.3.1]
	at org.postgresql.jdbc.PgPreparedStatement.executeWithFlags(PgPreparedStatement.java:162) ~[postgresql-42.3.1.jar:42.3.1]
	at org.postgresql.jdbc.PgPreparedStatement.executeUpdate(PgPreparedStatement.java:130) ~[postgresql-42.3.1.jar:42.3.1]
	at com.zaxxer.hikari.pool.ProxyPreparedStatement.executeUpdate(ProxyPreparedStatement.java:61) ~[HikariCP-4.0.3.jar:na]
	at com.zaxxer.hikari.pool.HikariProxyPreparedStatement.executeUpdate(HikariProxyPreparedStatement.java) ~[HikariCP-4.0.3.jar:na]
	at org.hibernate.engine.jdbc.internal.ResultSetReturnImpl.executeUpdate(ResultSetReturnImpl.java:197) ~[hibernate-core-5.6.3.Final.jar:5.6.3.Final]
	... 134 common frames omitted

]]></system-out>
  </testcase>
</testsuite>